#
# A fatal error has been detected by the Java Runtime Environment:
#
#  EXCEPTION_ACCESS_VIOLATION (0xc0000005) at pc=0x00007fff71aa5016, pid=9756, tid=7208
#
# JRE version: OpenJDK Runtime Environment 18.9 (11.0.16+8) (build 11.0.16+8)
# Java VM: OpenJDK 64-Bit Server VM 18.9 (11.0.16+8, mixed mode, tiered, compressed oops, g1 gc, windows-amd64)
# Problematic frame:
# V  [jvm.dll+0x1e5016]
#
# No core dump will be written. Minidumps are not enabled by default on client versions of Windows
#
# If you would like to submit a bug report, please visit:
#   https://bugreport.java.com/bugreport/crash.jsp
#

---------------  S U M M A R Y ------------

Command Line: -XX:MaxMetaspaceSize=512m --add-opens=java.base/java.util=ALL-UNNAMED --add-opens=java.base/java.lang=ALL-UNNAMED --add-opens=java.base/java.lang.invoke=ALL-UNNAMED --add-opens=java.base/java.util=ALL-UNNAMED --add-opens=java.prefs/java.util.prefs=ALL-UNNAMED --add-opens=java.prefs/java.util.prefs=ALL-UNNAMED --add-opens=java.base/java.nio.charset=ALL-UNNAMED --add-opens=java.base/java.net=ALL-UNNAMED --add-opens=java.base/java.util.concurrent.atomic=ALL-UNNAMED -Xmx2048m -Dfile.encoding=windows-1254 -Duser.country=TR -Duser.language=tr -Duser.variant org.gradle.launcher.daemon.bootstrap.GradleDaemon 7.3.3

Host: Intel(R) Core(TM) i5-4590 CPU @ 3.30GHz, 4 cores, 7G,  Windows 10 , 64 bit Build 19041 (10.0.19041.1202)
Time: Wed Aug 17 14:20:56 2022 Türkiye Standart Saati elapsed time: 32.204081 seconds (0d 0h 0m 32s)

---------------  T H R E A D  ---------------

Current thread (0x000001cf515c5800):  JavaThread "C2 CompilerThread0" daemon [_thread_in_vm, id=7208, stack(0x00000036df100000,0x00000036df200000)]


Current CompileTask:
C2:  32204 9048       4       groovy.lang.MetaClassImpl::inheritInterfaceNewMetaMethods (195 bytes)

Stack: [0x00000036df100000,0x00000036df200000],  sp=0x00000036df1fd5b0,  free space=1013k
Native frames: (J=compiled Java code, j=interpreted, Vv=VM code, C=native code)
V  [jvm.dll+0x1e5016]
V  [jvm.dll+0x5f3eae]
V  [jvm.dll+0x1a5cef]
V  [jvm.dll+0x206008]
V  [jvm.dll+0x187ec1]
V  [jvm.dll+0x2156a4]
V  [jvm.dll+0x2138eb]
V  [jvm.dll+0x71a000]
V  [jvm.dll+0x712f34]
V  [jvm.dll+0x6194a5]
C  [ucrtbase.dll+0x21bb2]
C  [KERNEL32.DLL+0x17034]
C  [ntdll.dll+0x52651]


siginfo: EXCEPTION_ACCESS_VIOLATION (0xc0000005), reading address 0x000004010001dbc0


Register to memory mapping:

RIP=0x00007fff71aa5016 jvm.dll
RAX=0xffffffffffffffff is an unknown value
RBX=0x000004010001dbc0 is an unknown value
RCX=0x000001cf53a44250 points into unknown readable memory: 0x0000005000000033 | 33 00 00 00 50 00 00 00
RDX=0x0000000000000020 is an unknown value
RSP=0x00000036df1fd5b0 is pointing into the stack for thread: 0x000001cf515c5800
RBP=0x00000036df1fd669 is pointing into the stack for thread: 0x000001cf515c5800
RSI=0x0 is NULL
RDI=0x0000000000000020 is an unknown value
R8 =0x0000000000000001 is an unknown value
R9 =0x0000000000000001 is an unknown value
R10=0x00007fff718c0000 jvm.dll
R11=0x0 is NULL
R12=0x00000036df1feef0 is pointing into the stack for thread: 0x000001cf515c5800
R13=0x00007fff720e1dc0 jvm.dll
R14=0x0 is NULL
R15=0x000000000000f000 is an unknown value


Registers:
RAX=0xffffffffffffffff, RBX=0x000004010001dbc0, RCX=0x000001cf53a44250, RDX=0x0000000000000020
RSP=0x00000036df1fd5b0, RBP=0x00000036df1fd669, RSI=0x0000000000000000, RDI=0x0000000000000020
R8 =0x0000000000000001, R9 =0x0000000000000001, R10=0x00007fff718c0000, R11=0x0000000000000000
R12=0x00000036df1feef0, R13=0x00007fff720e1dc0, R14=0x0000000000000000, R15=0x000000000000f000
RIP=0x00007fff71aa5016, EFLAGS=0x0000000000010213

Top of Stack: (sp=0x00000036df1fd5b0)
0x00000036df1fd5b0:   000000010043ba90 0000000000000002
0x00000036df1fd5c0:   00000036df1fd669 0000000000000000
0x00000036df1fd5d0:   0000000200000001 0000000000000000
0x00000036df1fd5e0:   0000000000000014 000001cf577cf930
0x00000036df1fd5f0:   0000000000000000 000001cf5ab7d734
0x00000036df1fd600:   000001cf5ab7d734 0000000000000000
0x00000036df1fd610:   000001cf3adf732f 000000000000001b
0x00000036df1fd620:   000001cf5ab7d728 0000000000010000
0x00000036df1fd630:   000001cf3adf7400 000001cf3adef780
0x00000036df1fd640:   000001cf3adf7140 000001cf3adf7400
0x00000036df1fd650:   000001cf3adf69d0 000001cf3adf7334
0x00000036df1fd660:   00007fff720e1dc0 00000036df1fd5f0
0x00000036df1fd670:   0000000000000000 0000000000000000
0x00000036df1fd680:   0000000000000000 0000000000000000
0x00000036df1fd690:   000001cf515c5800 00000036df1ff320
0x00000036df1fd6a0:   00000036df1feef0 00000036df1ff0a0 

Instructions: (pc=0x00007fff71aa5016)
0x00007fff71aa4f16:   8b 03 48 8b cb ff 50 18 84 c0 74 04 48 8b 5b 08
0x00007fff71aa4f26:   48 8b 03 48 8b cb ff 50 10 84 c0 74 0c 48 8b 43
0x00007fff71aa4f36:   08 48 8b 58 08 48 8b 5b 18 48 8b 03 48 8b cb ff
0x00007fff71aa4f46:   50 08 84 c0 74 12 48 8b d3 48 8d 4c 24 20 e8 57
0x00007fff71aa4f56:   f0 ff ff e9 02 ff ff ff 48 8b 03 48 8b cb 48 8b
0x00007fff71aa4f66:   15 4d e9 86 00 ff 50 50 ba 3b 02 00 00 48 8d 0d
0x00007fff71aa4f76:   66 22 66 00 e8 c1 88 06 00 e8 dc d7 42 00 e9 d7
0x00007fff71aa4f86:   fe ff ff 48 83 c7 50 48 83 ee 01 0f 85 a9 fe ff
0x00007fff71aa4f96:   ff 4c 8b 65 67 49 8b 84 24 18 01 00 00 4c 39 70
0x00007fff71aa4fa6:   08 4c 8b 75 6f 75 16 40 38 70 28 75 10 48 39 70
0x00007fff71aa4fb6:   30 75 0a 40 38 70 50 0f 84 cf 00 00 00 45 33 f6
0x00007fff71aa4fc6:   41 8b fe 0f 1f 80 00 00 00 00 49 8b 8c 24 18 01
0x00007fff71aa4fd6:   00 00 48 83 c1 30 48 8b 01 48 85 c0 75 05 41 8b
0x00007fff71aa4fe6:   c6 eb 04 8b 00 ff c0 3b f8 0f 8d 99 00 00 00 8b
0x00007fff71aa4ff6:   d7 e8 e4 52 42 00 48 8b d8 48 85 c0 0f 84 7f 00
0x00007fff71aa5006:   00 00 e8 83 cf 54 00 48 3b d8 0f 84 71 00 00 00
0x00007fff71aa5016:   48 8b 13 48 8b cb ff 52 18 84 c0 74 04 48 8b 5b
0x00007fff71aa5026:   08 48 8b 03 48 8b cb ff 50 10 84 c0 74 0c 48 8b
0x00007fff71aa5036:   43 08 48 8b 48 08 48 8b 59 18 48 8b 03 48 8b cb
0x00007fff71aa5046:   ff 50 08 84 c0 74 14 48 8b d3 48 8d 4c 24 20 e8
0x00007fff71aa5056:   56 ef ff ff ff c7 e9 6f ff ff ff 48 8b 03 48 8b
0x00007fff71aa5066:   cb 48 8b 15 4a e8 86 00 ff 50 50 ba 51 02 00 00
0x00007fff71aa5076:   48 8d 0d 63 21 66 00 e8 be 87 06 00 e8 d9 d6 42
0x00007fff71aa5086:   00 ff c7 e9 42 ff ff ff 4c 8b 75 6f 49 8b 06 48
0x00007fff71aa5096:   8b 48 08 48 8b 51 08 48 8d 4c 24 20 48 8b 52 18
0x00007fff71aa50a6:   e8 05 ef ff ff 8b 0d 1b 46 89 00 33 f6 65 48 8b
0x00007fff71aa50b6:   04 25 58 00 00 00 41 bd 08 00 00 00 48 8b 04 c8
0x00007fff71aa50c6:   4e 8b 2c 28 39 74 24 20 0f 8e 80 00 00 00 33 ff
0x00007fff71aa50d6:   66 66 0f 1f 84 00 00 00 00 00 49 8b 9d 80 02 00
0x00007fff71aa50e6:   00 48 8b 44 24 38 4d 8b b4 24 18 01 00 00 48 8b
0x00007fff71aa50f6:   53 18 4c 8b 3c 38 48 83 fa f7 76 18 4c 8d 05 8f
0x00007fff71aa5106:   ae 63 00 ba 08 00 00 00 48 8b cb e8 5a cc ed ff 


Stack slot to memory mapping:
stack at sp + 0 slots: 0x000000010043ba90 is a pointer to class: 
org.codehaus.groovy.reflection.GeneratedMetaMethod$Proxy {0x000000010043ba98}
stack at sp + 1 slots: 0x0000000000000002 is an unknown value
stack at sp + 2 slots: 0x00000036df1fd669 is pointing into the stack for thread: 0x000001cf515c5800
stack at sp + 3 slots: 0x0 is NULL
stack at sp + 4 slots: 0x0000000200000001 is an unknown value
stack at sp + 5 slots: 0x0 is NULL
stack at sp + 6 slots: 0x0000000000000014 is an unknown value
stack at sp + 7 slots: 0x000001cf577cf930 points into unknown readable memory: 0x00000000808d7200 | 00 72 8d 80 00 00 00 00


---------------  P R O C E S S  ---------------

Threads class SMR info:
_java_thread_list=0x000001cf544d7290, length=84, elements={
0x000001cf3243b000, 0x000001cf50c72000, 0x000001cf50c7c000, 0x000001cf515c1800,
0x000001cf515c2000, 0x000001cf515c3000, 0x000001cf515c5800, 0x000001cf515c9000,
0x000001cf50cce800, 0x000001cf5172d800, 0x000001cf52716000, 0x000001cf53f43800,
0x000001cf5318e800, 0x000001cf54bfd000, 0x000001cf53a4a800, 0x000001cf54d28800,
0x000001cf542be000, 0x000001cf538cb000, 0x000001cf538cc000, 0x000001cf52a2b000,
0x000001cf53fdf800, 0x000001cf53fe1800, 0x000001cf53fe2000, 0x000001cf53fdc800,
0x000001cf53fe3000, 0x000001cf53fe0800, 0x000001cf53fdd000, 0x000001cf53fde000,
0x000001cf53fdf000, 0x000001cf55365800, 0x000001cf55365000, 0x000001cf55363000,
0x000001cf55366800, 0x000001cf55367800, 0x000001cf55364000, 0x000001cf5536c000,
0x000001cf5536a800, 0x000001cf55368000, 0x000001cf5536e000, 0x000001cf5536b800,
0x000001cf5536e800, 0x000001cf5536d000, 0x000001cf55369000, 0x000001cf55371000,
0x000001cf5536f800, 0x000001cf55370800, 0x000001cf55372000, 0x000001cf518b6800,
0x000001cf518ba000, 0x000001cf518b8800, 0x000001cf518b9000, 0x000001cf518b7800,
0x000001cf518b5000, 0x000001cf518ba800, 0x000001cf518bb800, 0x000001cf518b6000,
0x000001cf518bf000, 0x000001cf518bd000, 0x000001cf518bf800, 0x000001cf518c0800,
0x000001cf518c1800, 0x000001cf518c2000, 0x000001cf518bc800, 0x000001cf518c3000,
0x000001cf518c3800, 0x000001cf518be000, 0x000001cf57be5800, 0x000001cf57be3000,
0x000001cf57be9800, 0x000001cf57be6800, 0x000001cf57be4000, 0x000001cf57bea800,
0x000001cf57be4800, 0x000001cf57beb000, 0x000001cf57bed000, 0x000001cf57be8000,
0x000001cf57bee800, 0x000001cf57be9000, 0x000001cf57bf1000, 0x000001cf57bef800,
0x000001cf57bf0000, 0x000001cf57bf2000, 0x000001cf52540000, 0x000001cf53907000
}

Java Threads: ( => current thread )
  0x000001cf3243b000 JavaThread "main" [_thread_blocked, id=5592, stack(0x00000036de500000,0x00000036de600000)]
  0x000001cf50c72000 JavaThread "Reference Handler" daemon [_thread_blocked, id=5356, stack(0x00000036dec00000,0x00000036ded00000)]
  0x000001cf50c7c000 JavaThread "Finalizer" daemon [_thread_blocked, id=1620, stack(0x00000036ded00000,0x00000036dee00000)]
  0x000001cf515c1800 JavaThread "Signal Dispatcher" daemon [_thread_blocked, id=7336, stack(0x00000036dee00000,0x00000036def00000)]
  0x000001cf515c2000 JavaThread "Attach Listener" daemon [_thread_blocked, id=10132, stack(0x00000036def00000,0x00000036df000000)]
  0x000001cf515c3000 JavaThread "Service Thread" daemon [_thread_blocked, id=5064, stack(0x00000036df000000,0x00000036df100000)]
=>0x000001cf515c5800 JavaThread "C2 CompilerThread0" daemon [_thread_in_vm, id=7208, stack(0x00000036df100000,0x00000036df200000)]
  0x000001cf515c9000 JavaThread "C1 CompilerThread0" daemon [_thread_blocked, id=8648, stack(0x00000036df200000,0x00000036df300000)]
  0x000001cf50cce800 JavaThread "Sweeper thread" daemon [_thread_blocked, id=3464, stack(0x00000036df300000,0x00000036df400000)]
  0x000001cf5172d800 JavaThread "Common-Cleaner" daemon [_thread_blocked, id=8444, stack(0x00000036df400000,0x00000036df500000)]
  0x000001cf52716000 JavaThread "Daemon health stats" [_thread_blocked, id=9436, stack(0x00000036df900000,0x00000036dfa00000)]
  0x000001cf53f43800 JavaThread "Incoming local TCP Connector on port 61633" [_thread_in_native, id=2344, stack(0x00000036dfa00000,0x00000036dfb00000)]
  0x000001cf5318e800 JavaThread "Daemon periodic checks" [_thread_blocked, id=10224, stack(0x00000036dfb00000,0x00000036dfc00000)]
  0x000001cf54bfd000 JavaThread "Daemon" [_thread_blocked, id=1424, stack(0x00000036dfc00000,0x00000036dfd00000)]
  0x000001cf53a4a800 JavaThread "Handler for socket connection from /127.0.0.1:61633 to /127.0.0.1:61634" [_thread_in_native, id=10176, stack(0x00000036dfd00000,0x00000036dfe00000)]
  0x000001cf54d28800 JavaThread "Cancel handler" [_thread_blocked, id=7444, stack(0x00000036dfe00000,0x00000036dff00000)]
  0x000001cf542be000 JavaThread "Daemon worker" [_thread_in_native, id=8476, stack(0x00000036dff00000,0x00000036e0000000)]
  0x000001cf538cb000 JavaThread "Asynchronous log dispatcher for DefaultDaemonConnection: socket connection from /127.0.0.1:61633 to /127.0.0.1:61634" [_thread_blocked, id=10184, stack(0x00000036e0000000,0x00000036e0100000)]
  0x000001cf538cc000 JavaThread "Stdin handler" [_thread_blocked, id=2436, stack(0x00000036e0100000,0x00000036e0200000)]
  0x000001cf52a2b000 JavaThread "Daemon client event forwarder" [_thread_blocked, id=7724, stack(0x00000036e0200000,0x00000036e0300000)]
  0x000001cf53fdf800 JavaThread "Cache worker for journal cache (C:\Users\Metin\.gradle\caches\journal-1)" [_thread_blocked, id=6204, stack(0x00000036e0300000,0x00000036e0400000)]
  0x000001cf53fe1800 JavaThread "File lock request listener" [_thread_in_native, id=8396, stack(0x00000036e0400000,0x00000036e0500000)]
  0x000001cf53fe2000 JavaThread "Cache worker for file hash cache (C:\Users\Metin\.gradle\caches\7.3.3\fileHashes)" [_thread_blocked, id=6256, stack(0x00000036e0500000,0x00000036e0600000)]
  0x000001cf53fdc800 JavaThread "Cache worker for file hash cache (C:\KOD\ReactNative\InstagramCloneApp\android\.gradle\7.3.3\fileHashes)" [_thread_blocked, id=5856, stack(0x00000036e0700000,0x00000036e0800000)]
  0x000001cf53fe3000 JavaThread "File watcher server" daemon [_thread_in_native, id=9580, stack(0x00000036e0800000,0x00000036e0900000)]
  0x000001cf53fe0800 JavaThread "File watcher consumer" daemon [_thread_blocked, id=5736, stack(0x00000036e0900000,0x00000036e0a00000)]
  0x000001cf53fdd000 JavaThread "Cache worker for checksums cache (C:\KOD\ReactNative\InstagramCloneApp\android\.gradle\7.3.3\checksums)" [_thread_blocked, id=7868, stack(0x00000036e0a00000,0x00000036e0b00000)]
  0x000001cf53fde000 JavaThread "Cache worker for cache directory md-supplier (C:\Users\Metin\.gradle\caches\7.3.3\md-supplier)" [_thread_blocked, id=8640, stack(0x00000036e0b00000,0x00000036e0c00000)]
  0x000001cf53fdf000 JavaThread "Cache worker for cache directory md-rule (C:\Users\Metin\.gradle\caches\7.3.3\md-rule)" [_thread_blocked, id=9448, stack(0x00000036e0c00000,0x00000036e0d00000)]
  0x000001cf55365800 JavaThread "Cache worker for execution history cache (C:\Users\Metin\.gradle\caches\7.3.3\executionHistory)" [_thread_blocked, id=3636, stack(0x00000036e0d00000,0x00000036e0e00000)]
  0x000001cf55365000 JavaThread "jar transforms" [_thread_blocked, id=8736, stack(0x00000036e0e00000,0x00000036e0f00000)]
  0x000001cf55363000 JavaThread "jar transforms Thread 2" [_thread_blocked, id=9324, stack(0x00000036e0f00000,0x00000036e1000000)]
  0x000001cf55366800 JavaThread "Cache worker for file content cache (C:\Users\Metin\.gradle\caches\7.3.3\fileContent)" [_thread_blocked, id=8976, stack(0x00000036e1000000,0x00000036e1100000)]
  0x000001cf55367800 JavaThread "jar transforms Thread 3" [_thread_blocked, id=7772, stack(0x00000036df600000,0x00000036df700000)]
  0x000001cf55364000 JavaThread "jar transforms Thread 4" [_thread_blocked, id=9408, stack(0x00000036e1100000,0x00000036e1200000)]
  0x000001cf5536c000 JavaThread "Cache worker for kotlin-dsl (C:\Users\Metin\.gradle\caches\7.3.3\kotlin-dsl)" [_thread_blocked, id=8848, stack(0x00000036e1300000,0x00000036e1400000)]
  0x000001cf5536a800 JavaThread "Cache worker for dependencies-accessors (C:\KOD\ReactNative\InstagramCloneApp\android\.gradle\7.3.3\dependencies-accessors)" [_thread_blocked, id=6732, stack(0x00000036e1400000,0x00000036e1500000)]
  0x000001cf55368000 JavaThread "Cache worker for Build Output Cleanup Cache (C:\KOD\ReactNative\InstagramCloneApp\node_modules\react-native-gradle-plugin\.gradle\buildOutputCleanup)" [_thread_blocked, id=5920, stack(0x00000036e1500000,0x00000036e1600000)]
  0x000001cf5536e000 JavaThread "Unconstrained build operations" [_thread_blocked, id=5172, stack(0x00000036e1200000,0x00000036e1300000)]
  0x000001cf5536b800 JavaThread "Unconstrained build operations Thread 2" [_thread_blocked, id=10060, stack(0x00000036e1600000,0x00000036e1700000)]
  0x000001cf5536e800 JavaThread "Unconstrained build operations Thread 3" [_thread_blocked, id=4796, stack(0x00000036e1700000,0x00000036e1800000)]
  0x000001cf5536d000 JavaThread "Unconstrained build operations Thread 4" [_thread_blocked, id=7368, stack(0x00000036e1800000,0x00000036e1900000)]
  0x000001cf55369000 JavaThread "Unconstrained build operations Thread 5" [_thread_blocked, id=6624, stack(0x00000036e1900000,0x00000036e1a00000)]
  0x000001cf55371000 JavaThread "Unconstrained build operations Thread 6" [_thread_blocked, id=5352, stack(0x00000036e1a00000,0x00000036e1b00000)]
  0x000001cf5536f800 JavaThread "Unconstrained build operations Thread 7" [_thread_blocked, id=7972, stack(0x00000036e1b00000,0x00000036e1c00000)]
  0x000001cf55370800 JavaThread "Unconstrained build operations Thread 8" [_thread_blocked, id=8664, stack(0x00000036e1c00000,0x00000036e1d00000)]
  0x000001cf55372000 JavaThread "Unconstrained build operations Thread 9" [_thread_blocked, id=9016, stack(0x00000036e1d00000,0x00000036e1e00000)]
  0x000001cf518b6800 JavaThread "Unconstrained build operations Thread 10" [_thread_blocked, id=9256, stack(0x00000036e1e00000,0x00000036e1f00000)]
  0x000001cf518ba000 JavaThread "Unconstrained build operations Thread 11" [_thread_blocked, id=1608, stack(0x00000036e1f00000,0x00000036e2000000)]
  0x000001cf518b8800 JavaThread "Unconstrained build operations Thread 12" [_thread_blocked, id=4856, stack(0x00000036e2000000,0x00000036e2100000)]
  0x000001cf518b9000 JavaThread "Unconstrained build operations Thread 13" [_thread_blocked, id=6336, stack(0x00000036e2100000,0x00000036e2200000)]
  0x000001cf518b7800 JavaThread "Unconstrained build operations Thread 14" [_thread_blocked, id=1460, stack(0x00000036e2200000,0x00000036e2300000)]
  0x000001cf518b5000 JavaThread "Unconstrained build operations Thread 15" [_thread_blocked, id=3272, stack(0x00000036e2300000,0x00000036e2400000)]
  0x000001cf518ba800 JavaThread "Unconstrained build operations Thread 16" [_thread_blocked, id=5960, stack(0x00000036e2400000,0x00000036e2500000)]
  0x000001cf518bb800 JavaThread "Unconstrained build operations Thread 17" [_thread_blocked, id=72, stack(0x00000036e2500000,0x00000036e2600000)]
  0x000001cf518b6000 JavaThread "Unconstrained build operations Thread 18" [_thread_blocked, id=10188, stack(0x00000036e2600000,0x00000036e2700000)]
  0x000001cf518bf000 JavaThread "Unconstrained build operations Thread 19" [_thread_blocked, id=9012, stack(0x00000036e2700000,0x00000036e2800000)]
  0x000001cf518bd000 JavaThread "Unconstrained build operations Thread 20" [_thread_blocked, id=8888, stack(0x00000036e2800000,0x00000036e2900000)]
  0x000001cf518bf800 JavaThread "Unconstrained build operations Thread 21" [_thread_blocked, id=7068, stack(0x00000036e2900000,0x00000036e2a00000)]
  0x000001cf518c0800 JavaThread "Unconstrained build operations Thread 22" [_thread_blocked, id=8480, stack(0x00000036e2a00000,0x00000036e2b00000)]
  0x000001cf518c1800 JavaThread "Unconstrained build operations Thread 23" [_thread_blocked, id=7144, stack(0x00000036e2b00000,0x00000036e2c00000)]
  0x000001cf518c2000 JavaThread "Unconstrained build operations Thread 24" [_thread_blocked, id=9196, stack(0x00000036e2c00000,0x00000036e2d00000)]
  0x000001cf518bc800 JavaThread "Unconstrained build operations Thread 25" [_thread_blocked, id=8, stack(0x00000036e2d00000,0x00000036e2e00000)]
  0x000001cf518c3000 JavaThread "Unconstrained build operations Thread 26" [_thread_blocked, id=1388, stack(0x00000036e2e00000,0x00000036e2f00000)]
  0x000001cf518c3800 JavaThread "Unconstrained build operations Thread 27" [_thread_blocked, id=2604, stack(0x00000036e2f00000,0x00000036e3000000)]
  0x000001cf518be000 JavaThread "Unconstrained build operations Thread 28" [_thread_blocked, id=6788, stack(0x00000036e3000000,0x00000036e3100000)]
  0x000001cf57be5800 JavaThread "Unconstrained build operations Thread 29" [_thread_blocked, id=9536, stack(0x00000036e3100000,0x00000036e3200000)]
  0x000001cf57be3000 JavaThread "Unconstrained build operations Thread 30" [_thread_blocked, id=6880, stack(0x00000036e3200000,0x00000036e3300000)]
  0x000001cf57be9800 JavaThread "Unconstrained build operations Thread 31" [_thread_blocked, id=9820, stack(0x00000036e3300000,0x00000036e3400000)]
  0x000001cf57be6800 JavaThread "Unconstrained build operations Thread 32" [_thread_blocked, id=5672, stack(0x00000036e3400000,0x00000036e3500000)]
  0x000001cf57be4000 JavaThread "Unconstrained build operations Thread 33" [_thread_blocked, id=4904, stack(0x00000036e3500000,0x00000036e3600000)]
  0x000001cf57bea800 JavaThread "build event listener" [_thread_blocked, id=10180, stack(0x00000036e3600000,0x00000036e3700000)]
  0x000001cf57be4800 JavaThread "Memory manager" [_thread_blocked, id=10040, stack(0x00000036e3700000,0x00000036e3800000)]
  0x000001cf57beb000 JavaThread "Cache worker for Build Output Cleanup Cache (C:\KOD\ReactNative\InstagramCloneApp\android\.gradle\buildOutputCleanup)" [_thread_blocked, id=432, stack(0x00000036e3900000,0x00000036e3a00000)]
  0x000001cf57bed000 JavaThread "included builds" [_thread_blocked, id=10136, stack(0x00000036e3a00000,0x00000036e3b00000)]
  0x000001cf57be8000 JavaThread "Cache worker for execution history cache (C:\KOD\ReactNative\InstagramCloneApp\node_modules\react-native-gradle-plugin\.gradle\7.3.3\executionHistory)" [_thread_blocked, id=6044, stack(0x00000036e3e00000,0x00000036e3f00000)]
  0x000001cf57bee800 JavaThread "Unconstrained build operations Thread 34" [_thread_blocked, id=4428, stack(0x00000036e3f00000,0x00000036e4000000)]
  0x000001cf57be9000 JavaThread "Unconstrained build operations Thread 35" [_thread_blocked, id=9776, stack(0x00000036e4000000,0x00000036e4100000)]
  0x000001cf57bf1000 JavaThread "Unconstrained build operations Thread 36" [_thread_blocked, id=8096, stack(0x00000036e4100000,0x00000036e4200000)]
  0x000001cf57bef800 JavaThread "Unconstrained build operations Thread 37" [_thread_blocked, id=3420, stack(0x00000036e4200000,0x00000036e4300000)]
  0x000001cf57bf0000 JavaThread "Unconstrained build operations Thread 38" [_thread_blocked, id=7552, stack(0x00000036e4300000,0x00000036e4400000)]
  0x000001cf57bf2000 JavaThread "Unconstrained build operations Thread 39" [_thread_blocked, id=5836, stack(0x00000036e4400000,0x00000036e4500000)]
  0x000001cf52540000 JavaThread "Unconstrained build operations Thread 40" [_thread_blocked, id=8768, stack(0x00000036e4500000,0x00000036e4600000)]
  0x000001cf53907000 JavaThread "C2 CompilerThread1" daemon [_thread_blocked, id=9356, stack(0x00000036e3800000,0x00000036e3900000)]

Other Threads:
  0x000001cf50c5c000 VMThread "VM Thread" [stack: 0x00000036deb00000,0x00000036dec00000] [id=9544]
  0x000001cf51756800 WatcherThread [stack: 0x00000036df500000,0x00000036df600000] [id=9364]
  0x000001cf32454800 GCTaskThread "GC Thread#0" [stack: 0x00000036de600000,0x00000036de700000] [id=1732]
  0x000001cf52004800 GCTaskThread "GC Thread#1" [stack: 0x00000036df700000,0x00000036df800000] [id=8412]
  0x000001cf520c7800 GCTaskThread "GC Thread#2" [stack: 0x00000036df800000,0x00000036df900000] [id=4292]
  0x000001cf5272c800 GCTaskThread "GC Thread#3" [stack: 0x00000036e0600000,0x00000036e0700000] [id=7232]
  0x000001cf32486800 ConcurrentGCThread "G1 Main Marker" [stack: 0x00000036de700000,0x00000036de800000] [id=5748]
  0x000001cf32488000 ConcurrentGCThread "G1 Conc#0" [stack: 0x00000036de800000,0x00000036de900000] [id=6264]
  0x000001cf32517800 ConcurrentGCThread "G1 Refine#0" [stack: 0x00000036de900000,0x00000036dea00000] [id=1416]
  0x000001cf32518800 ConcurrentGCThread "G1 Young RemSet Sampling" [stack: 0x00000036dea00000,0x00000036deb00000] [id=10076]

Threads with active compile tasks:
C2 CompilerThread0    32246 9048       4       groovy.lang.MetaClassImpl::inheritInterfaceNewMetaMethods (195 bytes)

VM state:synchronizing (normal execution)

VM Mutex/Monitor currently owned by a thread:  ([mutex/lock_event])
[0x000001cf32437000] Threads_lock - owner thread: 0x000001cf50c5c000
[0x000001cf324388c0] Compile_lock - owner thread: 0x000001cf515c5800
[0x000001cf324372d0] MethodCompileQueue_lock - owner thread: 0x000001cf515c5800

Heap address: 0x0000000080000000, size: 2048 MB, Compressed Oops mode: 32-bit
Narrow klass base: 0x0000000000000000, Narrow klass shift: 3
Compressed class space size: 528482304 Address: 0x0000000100000000

Heap:
 garbage-first heap   total 157696K, used 96929K [0x0000000080000000, 0x0000000100000000)
  region size 1024K, 26 young (26624K), 5 survivors (5120K)
 Metaspace       used 82078K, capacity 84570K, committed 84744K, reserved 589824K
  class space    used 10528K, capacity 11509K, committed 11520K, reserved 516096K
Heap Regions: E=young(eden), S=young(survivor), O=old, HS=humongous(starts), HC=humongous(continues), CS=collection set, F=free, A=archive, TAMS=top-at-mark-start (previous, next)
|   0|0x0000000080000000, 0x0000000080100000, 0x0000000080100000|100%| O|  |TAMS 0x0000000080100000, 0x0000000080000000| Untracked 
|   1|0x0000000080100000, 0x0000000080200000, 0x0000000080200000|100%| O|  |TAMS 0x0000000080200000, 0x0000000080100000| Untracked 
|   2|0x0000000080200000, 0x0000000080300000, 0x0000000080300000|100%| O|  |TAMS 0x0000000080300000, 0x0000000080200000| Untracked 
|   3|0x0000000080300000, 0x0000000080400000, 0x0000000080400000|100%|HS|  |TAMS 0x0000000080400000, 0x0000000080300000| Complete 
|   4|0x0000000080400000, 0x0000000080500000, 0x0000000080500000|100%|HC|  |TAMS 0x0000000080500000, 0x0000000080400000| Complete 
|   5|0x0000000080500000, 0x0000000080600000, 0x0000000080600000|100%|HC|  |TAMS 0x0000000080600000, 0x0000000080500000| Complete 
|   6|0x0000000080600000, 0x0000000080700000, 0x0000000080700000|100%| O|  |TAMS 0x0000000080700000, 0x0000000080600000| Untracked 
|   7|0x0000000080700000, 0x0000000080800000, 0x0000000080800000|100%| O|  |TAMS 0x0000000080800000, 0x0000000080700000| Untracked 
|   8|0x0000000080800000, 0x0000000080900000, 0x0000000080900000|100%| O|  |TAMS 0x0000000080900000, 0x0000000080800000| Untracked 
|   9|0x0000000080900000, 0x0000000080a00000, 0x0000000080a00000|100%| O|  |TAMS 0x0000000080a00000, 0x0000000080900000| Untracked 
|  10|0x0000000080a00000, 0x0000000080b00000, 0x0000000080b00000|100%| O|  |TAMS 0x0000000080b00000, 0x0000000080a00000| Untracked 
|  11|0x0000000080b00000, 0x0000000080c00000, 0x0000000080c00000|100%| O|  |TAMS 0x0000000080c00000, 0x0000000080b00000| Untracked 
|  12|0x0000000080c00000, 0x0000000080d00000, 0x0000000080d00000|100%| O|  |TAMS 0x0000000080d00000, 0x0000000080c00000| Untracked 
|  13|0x0000000080d00000, 0x0000000080e00000, 0x0000000080e00000|100%| O|  |TAMS 0x0000000080e00000, 0x0000000080d00000| Untracked 
|  14|0x0000000080e00000, 0x0000000080f00000, 0x0000000080f00000|100%| O|  |TAMS 0x0000000080f00000, 0x0000000080e00000| Untracked 
|  15|0x0000000080f00000, 0x0000000081000000, 0x0000000081000000|100%| O|  |TAMS 0x0000000081000000, 0x0000000080f00000| Untracked 
|  16|0x0000000081000000, 0x0000000081100000, 0x0000000081100000|100%| O|  |TAMS 0x0000000081100000, 0x0000000081000000| Untracked 
|  17|0x0000000081100000, 0x0000000081200000, 0x0000000081200000|100%|HS|  |TAMS 0x0000000081200000, 0x0000000081100000| Complete 
|  18|0x0000000081200000, 0x0000000081300000, 0x0000000081300000|100%| O|  |TAMS 0x0000000081300000, 0x0000000081200000| Untracked 
|  19|0x0000000081300000, 0x0000000081400000, 0x0000000081400000|100%| O|  |TAMS 0x0000000081400000, 0x0000000081300000| Untracked 
|  20|0x0000000081400000, 0x0000000081500000, 0x0000000081500000|100%| O|  |TAMS 0x0000000081500000, 0x0000000081400000| Untracked 
|  21|0x0000000081500000, 0x0000000081600000, 0x0000000081600000|100%| O|  |TAMS 0x0000000081600000, 0x0000000081500000| Untracked 
|  22|0x0000000081600000, 0x0000000081700000, 0x0000000081700000|100%| O|  |TAMS 0x0000000081700000, 0x0000000081600000| Untracked 
|  23|0x0000000081700000, 0x0000000081800000, 0x0000000081800000|100%| O|  |TAMS 0x0000000081800000, 0x0000000081700000| Untracked 
|  24|0x0000000081800000, 0x0000000081900000, 0x0000000081900000|100%|HS|  |TAMS 0x0000000081900000, 0x0000000081800000| Complete 
|  25|0x0000000081900000, 0x0000000081a00000, 0x0000000081a00000|100%|HC|  |TAMS 0x0000000081a00000, 0x0000000081900000| Complete 
|  26|0x0000000081a00000, 0x0000000081b00000, 0x0000000081b00000|100%|HC|  |TAMS 0x0000000081b00000, 0x0000000081a00000| Complete 
|  27|0x0000000081b00000, 0x0000000081c00000, 0x0000000081c00000|100%| O|  |TAMS 0x0000000081c00000, 0x0000000081b00000| Untracked 
|  28|0x0000000081c00000, 0x0000000081d00000, 0x0000000081d00000|100%| O|  |TAMS 0x0000000081d00000, 0x0000000081c00000| Untracked 
|  29|0x0000000081d00000, 0x0000000081e00000, 0x0000000081e00000|100%| O|  |TAMS 0x0000000081e00000, 0x0000000081d00000| Untracked 
|  30|0x0000000081e00000, 0x0000000081f00000, 0x0000000081f00000|100%| O|  |TAMS 0x0000000081f00000, 0x0000000081e00000| Untracked 
|  31|0x0000000081f00000, 0x0000000082000000, 0x0000000082000000|100%| O|  |TAMS 0x0000000082000000, 0x0000000081f00000| Untracked 
|  32|0x0000000082000000, 0x0000000082100000, 0x0000000082100000|100%| O|  |TAMS 0x0000000082100000, 0x0000000082000000| Untracked 
|  33|0x0000000082100000, 0x0000000082200000, 0x0000000082200000|100%| O|  |TAMS 0x0000000082200000, 0x0000000082100000| Untracked 
|  34|0x0000000082200000, 0x0000000082300000, 0x0000000082300000|100%| O|  |TAMS 0x00000000822eca00, 0x0000000082200000| Untracked 
|  35|0x0000000082300000, 0x0000000082400000, 0x0000000082400000|100%| O|  |TAMS 0x0000000082300000, 0x0000000082300000| Untracked 
|  36|0x0000000082400000, 0x0000000082500000, 0x0000000082500000|100%| O|  |TAMS 0x0000000082400000, 0x0000000082400000| Untracked 
|  37|0x0000000082500000, 0x0000000082600000, 0x0000000082600000|100%| O|  |TAMS 0x0000000082500000, 0x0000000082500000| Untracked 
|  38|0x0000000082600000, 0x0000000082700000, 0x0000000082700000|100%| O|  |TAMS 0x0000000082600000, 0x0000000082600000| Untracked 
|  39|0x0000000082700000, 0x0000000082800000, 0x0000000082800000|100%| O|  |TAMS 0x0000000082700000, 0x0000000082700000| Untracked 
|  40|0x0000000082800000, 0x0000000082900000, 0x0000000082900000|100%| O|  |TAMS 0x0000000082800000, 0x0000000082800000| Untracked 
|  41|0x0000000082900000, 0x0000000082a00000, 0x0000000082a00000|100%|HS|  |TAMS 0x0000000082900000, 0x0000000082900000| Complete 
|  42|0x0000000082a00000, 0x0000000082b00000, 0x0000000082b00000|100%|HS|  |TAMS 0x0000000082a00000, 0x0000000082a00000| Complete 
|  43|0x0000000082b00000, 0x0000000082c00000, 0x0000000082c00000|100%|HS|  |TAMS 0x0000000082b00000, 0x0000000082b00000| Complete 
|  44|0x0000000082c00000, 0x0000000082d00000, 0x0000000082d00000|100%|HS|  |TAMS 0x0000000082c00000, 0x0000000082c00000| Complete 
|  45|0x0000000082d00000, 0x0000000082e00000, 0x0000000082e00000|100%|HC|  |TAMS 0x0000000082d00000, 0x0000000082d00000| Complete 
|  46|0x0000000082e00000, 0x0000000082f00000, 0x0000000082f00000|100%| O|  |TAMS 0x0000000082e00000, 0x0000000082e00000| Untracked 
|  47|0x0000000082f00000, 0x0000000083000000, 0x0000000083000000|100%| O|  |TAMS 0x0000000082f00000, 0x0000000082f00000| Untracked 
|  48|0x0000000083000000, 0x0000000083100000, 0x0000000083100000|100%| O|  |TAMS 0x0000000083000000, 0x0000000083000000| Untracked 
|  49|0x0000000083100000, 0x0000000083200000, 0x0000000083200000|100%| O|  |TAMS 0x0000000083100000, 0x0000000083100000| Untracked 
|  50|0x0000000083200000, 0x0000000083300000, 0x0000000083300000|100%| O|  |TAMS 0x0000000083200000, 0x0000000083200000| Untracked 
|  51|0x0000000083300000, 0x0000000083400000, 0x0000000083400000|100%| O|  |TAMS 0x0000000083300000, 0x0000000083300000| Untracked 
|  52|0x0000000083400000, 0x0000000083500000, 0x0000000083500000|100%| O|  |TAMS 0x0000000083400000, 0x0000000083400000| Untracked 
|  53|0x0000000083500000, 0x0000000083600000, 0x0000000083600000|100%| O|  |TAMS 0x0000000083500000, 0x0000000083500000| Untracked 
|  54|0x0000000083600000, 0x0000000083700000, 0x0000000083700000|100%| O|  |TAMS 0x0000000083600000, 0x0000000083600000| Untracked 
|  55|0x0000000083700000, 0x0000000083800000, 0x0000000083800000|100%| O|  |TAMS 0x0000000083700000, 0x0000000083700000| Untracked 
|  56|0x0000000083800000, 0x0000000083900000, 0x0000000083900000|100%| O|  |TAMS 0x0000000083800000, 0x0000000083800000| Untracked 
|  57|0x0000000083900000, 0x0000000083a00000, 0x0000000083a00000|100%| O|  |TAMS 0x0000000083900000, 0x0000000083900000| Untracked 
|  58|0x0000000083a00000, 0x0000000083b00000, 0x0000000083b00000|100%| O|  |TAMS 0x0000000083a00000, 0x0000000083a00000| Untracked 
|  59|0x0000000083b00000, 0x0000000083c00000, 0x0000000083c00000|100%| O|  |TAMS 0x0000000083b00000, 0x0000000083b00000| Untracked 
|  60|0x0000000083c00000, 0x0000000083d00000, 0x0000000083d00000|100%| O|  |TAMS 0x0000000083c00000, 0x0000000083c00000| Untracked 
|  61|0x0000000083d00000, 0x0000000083e00000, 0x0000000083e00000|100%| O|  |TAMS 0x0000000083d00000, 0x0000000083d00000| Untracked 
|  62|0x0000000083e00000, 0x0000000083f00000, 0x0000000083f00000|100%| O|  |TAMS 0x0000000083e00000, 0x0000000083e00000| Untracked 
|  63|0x0000000083f00000, 0x0000000084000000, 0x0000000084000000|100%| O|  |TAMS 0x0000000083f00000, 0x0000000083f00000| Untracked 
|  64|0x0000000084000000, 0x0000000084100000, 0x0000000084100000|100%| O|  |TAMS 0x0000000084000000, 0x0000000084000000| Untracked 
|  65|0x0000000084100000, 0x0000000084200000, 0x0000000084200000|100%| O|  |TAMS 0x0000000084100000, 0x0000000084100000| Untracked 
|  66|0x0000000084200000, 0x0000000084300000, 0x0000000084300000|100%| O|  |TAMS 0x0000000084200000, 0x0000000084200000| Untracked 
|  67|0x0000000084300000, 0x0000000084400000, 0x0000000084400000|100%| O|  |TAMS 0x0000000084300000, 0x0000000084300000| Untracked 
|  68|0x0000000084400000, 0x0000000084500000, 0x0000000084500000|100%| O|  |TAMS 0x0000000084400000, 0x0000000084400000| Untracked 
|  69|0x0000000084500000, 0x00000000845a8600, 0x0000000084600000| 65%| O|  |TAMS 0x0000000084500000, 0x0000000084500000| Untracked 
|  70|0x0000000084600000, 0x0000000084600000, 0x0000000084700000|  0%| F|  |TAMS 0x0000000084600000, 0x0000000084600000| Untracked 
|  71|0x0000000084700000, 0x0000000084700000, 0x0000000084800000|  0%| F|  |TAMS 0x0000000084700000, 0x0000000084700000| Untracked 
|  72|0x0000000084800000, 0x0000000084800000, 0x0000000084900000|  0%| F|  |TAMS 0x0000000084800000, 0x0000000084800000| Untracked 
|  73|0x0000000084900000, 0x0000000084900000, 0x0000000084a00000|  0%| F|  |TAMS 0x0000000084900000, 0x0000000084900000| Untracked 
|  74|0x0000000084a00000, 0x0000000084a00000, 0x0000000084b00000|  0%| F|  |TAMS 0x0000000084a00000, 0x0000000084a00000| Untracked 
|  75|0x0000000084b00000, 0x0000000084b00000, 0x0000000084c00000|  0%| F|  |TAMS 0x0000000084b00000, 0x0000000084b00000| Untracked 
|  76|0x0000000084c00000, 0x0000000084c00000, 0x0000000084d00000|  0%| F|  |TAMS 0x0000000084c00000, 0x0000000084c00000| Untracked 
|  77|0x0000000084d00000, 0x0000000084d00000, 0x0000000084e00000|  0%| F|  |TAMS 0x0000000084d00000, 0x0000000084d00000| Untracked 
|  78|0x0000000084e00000, 0x0000000084e00000, 0x0000000084f00000|  0%| F|  |TAMS 0x0000000084e00000, 0x0000000084e00000| Untracked 
|  79|0x0000000084f00000, 0x0000000084f00000, 0x0000000085000000|  0%| F|  |TAMS 0x0000000084f00000, 0x0000000084f00000| Untracked 
|  80|0x0000000085000000, 0x0000000085000000, 0x0000000085100000|  0%| F|  |TAMS 0x0000000085000000, 0x0000000085000000| Untracked 
|  81|0x0000000085100000, 0x0000000085100000, 0x0000000085200000|  0%| F|  |TAMS 0x0000000085100000, 0x0000000085100000| Untracked 
|  82|0x0000000085200000, 0x0000000085200000, 0x0000000085300000|  0%| F|  |TAMS 0x0000000085200000, 0x0000000085200000| Untracked 
|  83|0x0000000085300000, 0x0000000085300000, 0x0000000085400000|  0%| F|  |TAMS 0x0000000085300000, 0x0000000085300000| Untracked 
|  84|0x0000000085400000, 0x0000000085400000, 0x0000000085500000|  0%| F|  |TAMS 0x0000000085400000, 0x0000000085400000| Untracked 
|  85|0x0000000085500000, 0x0000000085500000, 0x0000000085600000|  0%| F|  |TAMS 0x0000000085500000, 0x0000000085500000| Untracked 
|  86|0x0000000085600000, 0x0000000085600000, 0x0000000085700000|  0%| F|  |TAMS 0x0000000085600000, 0x0000000085600000| Untracked 
|  87|0x0000000085700000, 0x0000000085700000, 0x0000000085800000|  0%| F|  |TAMS 0x0000000085700000, 0x0000000085700000| Untracked 
|  88|0x0000000085800000, 0x0000000085800000, 0x0000000085900000|  0%| F|  |TAMS 0x0000000085800000, 0x0000000085800000| Untracked 
|  89|0x0000000085900000, 0x0000000085900000, 0x0000000085a00000|  0%| F|  |TAMS 0x0000000085900000, 0x0000000085900000| Untracked 
|  90|0x0000000085a00000, 0x0000000085a00000, 0x0000000085b00000|  0%| F|  |TAMS 0x0000000085a00000, 0x0000000085a00000| Untracked 
|  91|0x0000000085b00000, 0x0000000085b00000, 0x0000000085c00000|  0%| F|  |TAMS 0x0000000085b00000, 0x0000000085b00000| Untracked 
|  92|0x0000000085c00000, 0x0000000085c00000, 0x0000000085d00000|  0%| F|  |TAMS 0x0000000085c00000, 0x0000000085c00000| Untracked 
|  93|0x0000000085d00000, 0x0000000085d00000, 0x0000000085e00000|  0%| F|  |TAMS 0x0000000085d00000, 0x0000000085d00000| Untracked 
|  94|0x0000000085e00000, 0x0000000085e00000, 0x0000000085f00000|  0%| F|  |TAMS 0x0000000085e00000, 0x0000000085e00000| Untracked 
|  95|0x0000000085f00000, 0x0000000085f00000, 0x0000000086000000|  0%| F|  |TAMS 0x0000000085f00000, 0x0000000085f00000| Untracked 
|  96|0x0000000086000000, 0x0000000086000000, 0x0000000086100000|  0%| F|  |TAMS 0x0000000086000000, 0x0000000086000000| Untracked 
|  97|0x0000000086100000, 0x0000000086100000, 0x0000000086200000|  0%| F|  |TAMS 0x0000000086100000, 0x0000000086100000| Untracked 
|  98|0x0000000086200000, 0x0000000086300000, 0x0000000086300000|100%| S|CS|TAMS 0x0000000086200000, 0x0000000086200000| Complete 
|  99|0x0000000086300000, 0x0000000086400000, 0x0000000086400000|100%| S|CS|TAMS 0x0000000086300000, 0x0000000086300000| Complete 
| 100|0x0000000086400000, 0x0000000086500000, 0x0000000086500000|100%| S|CS|TAMS 0x0000000086400000, 0x0000000086400000| Complete 
| 101|0x0000000086500000, 0x0000000086600000, 0x0000000086600000|100%| S|CS|TAMS 0x0000000086500000, 0x0000000086500000| Complete 
| 102|0x0000000086600000, 0x0000000086700000, 0x0000000086700000|100%| S|CS|TAMS 0x0000000086600000, 0x0000000086600000| Complete 
| 103|0x0000000086700000, 0x0000000086700000, 0x0000000086800000|  0%| F|  |TAMS 0x0000000086700000, 0x0000000086700000| Untracked 
| 104|0x0000000086800000, 0x0000000086800000, 0x0000000086900000|  0%| F|  |TAMS 0x0000000086800000, 0x0000000086800000| Untracked 
| 105|0x0000000086900000, 0x0000000086900000, 0x0000000086a00000|  0%| F|  |TAMS 0x0000000086900000, 0x0000000086900000| Untracked 
| 106|0x0000000086a00000, 0x0000000086a00000, 0x0000000086b00000|  0%| F|  |TAMS 0x0000000086a00000, 0x0000000086a00000| Untracked 
| 107|0x0000000086b00000, 0x0000000086b00000, 0x0000000086c00000|  0%| F|  |TAMS 0x0000000086b00000, 0x0000000086b00000| Untracked 
| 108|0x0000000086c00000, 0x0000000086c00000, 0x0000000086d00000|  0%| F|  |TAMS 0x0000000086c00000, 0x0000000086c00000| Untracked 
| 109|0x0000000086d00000, 0x0000000086d00000, 0x0000000086e00000|  0%| F|  |TAMS 0x0000000086d00000, 0x0000000086d00000| Untracked 
| 110|0x0000000086e00000, 0x0000000086e00000, 0x0000000086f00000|  0%| F|  |TAMS 0x0000000086e00000, 0x0000000086e00000| Untracked 
| 111|0x0000000086f00000, 0x0000000086f00000, 0x0000000087000000|  0%| F|  |TAMS 0x0000000086f00000, 0x0000000086f00000| Untracked 
| 112|0x0000000087000000, 0x0000000087000000, 0x0000000087100000|  0%| F|  |TAMS 0x0000000087000000, 0x0000000087000000| Untracked 
| 113|0x0000000087100000, 0x0000000087100000, 0x0000000087200000|  0%| F|  |TAMS 0x0000000087100000, 0x0000000087100000| Untracked 
| 114|0x0000000087200000, 0x0000000087200000, 0x0000000087300000|  0%| F|  |TAMS 0x0000000087200000, 0x0000000087200000| Untracked 
| 115|0x0000000087300000, 0x0000000087300000, 0x0000000087400000|  0%| F|  |TAMS 0x0000000087300000, 0x0000000087300000| Untracked 
| 116|0x0000000087400000, 0x0000000087400000, 0x0000000087500000|  0%| F|  |TAMS 0x0000000087400000, 0x0000000087400000| Untracked 
| 117|0x0000000087500000, 0x0000000087500000, 0x0000000087600000|  0%| F|  |TAMS 0x0000000087500000, 0x0000000087500000| Untracked 
| 118|0x0000000087600000, 0x0000000087600000, 0x0000000087700000|  0%| F|  |TAMS 0x0000000087600000, 0x0000000087600000| Untracked 
| 119|0x0000000087700000, 0x0000000087700000, 0x0000000087800000|  0%| F|  |TAMS 0x0000000087700000, 0x0000000087700000| Untracked 
| 120|0x0000000087800000, 0x0000000087800000, 0x0000000087900000|  0%| F|  |TAMS 0x0000000087800000, 0x0000000087800000| Untracked 
| 121|0x0000000087900000, 0x0000000087900000, 0x0000000087a00000|  0%| F|  |TAMS 0x0000000087900000, 0x0000000087900000| Untracked 
| 122|0x0000000087a00000, 0x0000000087a00000, 0x0000000087b00000|  0%| F|  |TAMS 0x0000000087a00000, 0x0000000087a00000| Untracked 
| 123|0x0000000087b00000, 0x0000000087b00000, 0x0000000087c00000|  0%| F|  |TAMS 0x0000000087b00000, 0x0000000087b00000| Untracked 
| 124|0x0000000087c00000, 0x0000000087c00000, 0x0000000087d00000|  0%| F|  |TAMS 0x0000000087c00000, 0x0000000087c00000| Untracked 
| 125|0x0000000087d00000, 0x0000000087d00000, 0x0000000087e00000|  0%| F|  |TAMS 0x0000000087d00000, 0x0000000087d00000| Untracked 
| 126|0x0000000087e00000, 0x0000000087e00000, 0x0000000087f00000|  0%| F|  |TAMS 0x0000000087e00000, 0x0000000087e00000| Untracked 
| 127|0x0000000087f00000, 0x0000000087f00000, 0x0000000088000000|  0%| F|  |TAMS 0x0000000087f00000, 0x0000000087f00000| Untracked 
| 128|0x0000000088000000, 0x0000000088000000, 0x0000000088100000|  0%| F|  |TAMS 0x0000000088000000, 0x0000000088000000| Untracked 
| 129|0x0000000088100000, 0x0000000088100000, 0x0000000088200000|  0%| F|  |TAMS 0x0000000088100000, 0x0000000088100000| Untracked 
| 130|0x0000000088200000, 0x0000000088200000, 0x0000000088300000|  0%| F|  |TAMS 0x0000000088200000, 0x0000000088200000| Untracked 
| 131|0x0000000088300000, 0x0000000088300000, 0x0000000088400000|  0%| F|  |TAMS 0x0000000088300000, 0x0000000088300000| Untracked 
| 132|0x0000000088400000, 0x0000000088400000, 0x0000000088500000|  0%| F|  |TAMS 0x0000000088400000, 0x0000000088400000| Untracked 
| 133|0x0000000088500000, 0x000000008859ee90, 0x0000000088600000| 62%| E|  |TAMS 0x0000000088500000, 0x0000000088500000| Complete 
| 134|0x0000000088600000, 0x0000000088700000, 0x0000000088700000|100%| E|CS|TAMS 0x0000000088600000, 0x0000000088600000| Complete 
| 135|0x0000000088700000, 0x0000000088800000, 0x0000000088800000|100%| E|CS|TAMS 0x0000000088700000, 0x0000000088700000| Complete 
| 136|0x0000000088800000, 0x0000000088900000, 0x0000000088900000|100%| E|CS|TAMS 0x0000000088800000, 0x0000000088800000| Complete 
| 137|0x0000000088900000, 0x0000000088a00000, 0x0000000088a00000|100%| E|CS|TAMS 0x0000000088900000, 0x0000000088900000| Complete 
| 138|0x0000000088a00000, 0x0000000088b00000, 0x0000000088b00000|100%| E|CS|TAMS 0x0000000088a00000, 0x0000000088a00000| Complete 
| 139|0x0000000088b00000, 0x0000000088c00000, 0x0000000088c00000|100%| E|CS|TAMS 0x0000000088b00000, 0x0000000088b00000| Complete 
| 140|0x0000000088c00000, 0x0000000088d00000, 0x0000000088d00000|100%| E|CS|TAMS 0x0000000088c00000, 0x0000000088c00000| Complete 
| 141|0x0000000088d00000, 0x0000000088e00000, 0x0000000088e00000|100%| E|CS|TAMS 0x0000000088d00000, 0x0000000088d00000| Complete 
| 142|0x0000000088e00000, 0x0000000088f00000, 0x0000000088f00000|100%| E|CS|TAMS 0x0000000088e00000, 0x0000000088e00000| Complete 
| 143|0x0000000088f00000, 0x0000000089000000, 0x0000000089000000|100%| E|CS|TAMS 0x0000000088f00000, 0x0000000088f00000| Complete 
| 144|0x0000000089000000, 0x0000000089100000, 0x0000000089100000|100%| E|CS|TAMS 0x0000000089000000, 0x0000000089000000| Complete 
| 145|0x0000000089100000, 0x0000000089200000, 0x0000000089200000|100%| E|CS|TAMS 0x0000000089100000, 0x0000000089100000| Complete 
| 146|0x0000000089200000, 0x0000000089300000, 0x0000000089300000|100%| E|CS|TAMS 0x0000000089200000, 0x0000000089200000| Complete 
| 147|0x0000000089300000, 0x0000000089400000, 0x0000000089400000|100%| E|CS|TAMS 0x0000000089300000, 0x0000000089300000| Complete 
| 148|0x0000000089400000, 0x0000000089500000, 0x0000000089500000|100%| E|CS|TAMS 0x0000000089400000, 0x0000000089400000| Complete 
| 149|0x0000000089500000, 0x0000000089600000, 0x0000000089600000|100%| E|CS|TAMS 0x0000000089500000, 0x0000000089500000| Complete 
| 150|0x0000000089600000, 0x0000000089700000, 0x0000000089700000|100%| E|CS|TAMS 0x0000000089600000, 0x0000000089600000| Complete 
| 151|0x0000000089700000, 0x0000000089800000, 0x0000000089800000|100%| E|CS|TAMS 0x0000000089700000, 0x0000000089700000| Complete 
| 152|0x0000000089800000, 0x0000000089900000, 0x0000000089900000|100%| E|CS|TAMS 0x0000000089800000, 0x0000000089800000| Complete 
| 153|0x0000000089900000, 0x0000000089a00000, 0x0000000089a00000|100%| E|CS|TAMS 0x0000000089900000, 0x0000000089900000| Complete 

Card table byte_map: [0x000001cf49fa0000,0x000001cf4a3a0000] _byte_map_base: 0x000001cf49ba0000

Marking Bits (Prev, Next): (CMBitMap*) 0x000001cf3247dad0, (CMBitMap*) 0x000001cf3247da98
 Prev Bits: [0x000001cf4c7a0000, 0x000001cf4e7a0000)
 Next Bits: [0x000001cf4a7a0000, 0x000001cf4c7a0000)

Polling page: 0x000001cf301b0000

Metaspace:

Usage:
  Non-class:     71.35 MB capacity,    69.87 MB ( 98%) used,     1.24 MB (  2%) free+waste,   236.19 KB ( <1%) overhead. 
      Class:     11.24 MB capacity,    10.28 MB ( 91%) used,   868.84 KB (  8%) free+waste,   112.13 KB ( <1%) overhead. 
       Both:     82.59 MB capacity,    80.15 MB ( 97%) used,     2.09 MB (  3%) free+waste,   348.31 KB ( <1%) overhead. 

Virtual space:
  Non-class space:       72.00 MB reserved,      71.51 MB (>99%) committed 
      Class space:      504.00 MB reserved,      11.25 MB (  2%) committed 
             Both:      576.00 MB reserved,      82.76 MB ( 14%) committed 

Chunk freelists:
   Non-Class:  35.00 KB
       Class:  11.00 KB
        Both:  46.00 KB

MaxMetaspaceSize: 512.00 MB
CompressedClassSpaceSize: 504.00 MB
Initial GC threshold: 20.80 MB
Current GC threshold: 98.55 MB
CDS: off

CodeHeap 'non-profiled nmethods': size=120064Kb used=6327Kb max_used=6327Kb free=113736Kb
 bounds [0x000001cf42660000, 0x000001cf42c90000, 0x000001cf49ba0000]
CodeHeap 'profiled nmethods': size=120000Kb used=19824Kb max_used=19824Kb free=100175Kb
 bounds [0x000001cf3b130000, 0x000001cf3c490000, 0x000001cf42660000]
CodeHeap 'non-nmethods': size=5696Kb used=2413Kb max_used=2486Kb free=3282Kb
 bounds [0x000001cf3aba0000, 0x000001cf3ae20000, 0x000001cf3b130000]
 total_blobs=9945 nmethods=9051 adapters=804
 compilation: enabled
              stopped_count=0, restarted_count=0
 full_count=0

Compilation events (20 events):
Event: 31.377 Thread 0x000001cf515c9000 nmethod 9067 0x000001cf3c483a90 code [0x000001cf3c483ce0, 0x000001cf3c4847d8]
Event: 31.378 Thread 0x000001cf515c9000 9068       3       groovy.lang.MetaMethod::equal (44 bytes)
Event: 31.378 Thread 0x000001cf515c9000 nmethod 9068 0x000001cf3c484b90 code [0x000001cf3c484d60, 0x000001cf3c485118]
Event: 31.388 Thread 0x000001cf515c9000 9070       3       org.apache.commons.io.FilenameUtils::normalizeNoEndSeparator (9 bytes)
Event: 31.388 Thread 0x000001cf515c9000 nmethod 9070 0x000001cf3c485290 code [0x000001cf3c485440, 0x000001cf3c485548]
Event: 31.617 Thread 0x000001cf515c9000 9071       3       sun.management.MemoryPoolImpl::getObjectName (10 bytes)
Event: 31.619 Thread 0x000001cf515c9000 nmethod 9071 0x000001cf3c485610 code [0x000001cf3c485b40, 0x000001cf3c488488]
Event: 31.619 Thread 0x000001cf515c9000 9072       3       sun.management.spi.PlatformMBeanProvider$PlatformComponent$$Lambda$65/0x000000010017f840::test (9 bytes)
Event: 31.619 Thread 0x000001cf515c9000 nmethod 9072 0x000001cf3c489590 code [0x000001cf3c489740, 0x000001cf3c489878]
Event: 31.619 Thread 0x000001cf515c9000 9073       3       sun.management.spi.PlatformMBeanProvider$PlatformComponent$$Lambda$66/0x000000010017fc40::apply (9 bytes)
Event: 31.619 Thread 0x000001cf515c9000 nmethod 9073 0x000001cf3c489910 code [0x000001cf3c489b00, 0x000001cf3c489e18]
Event: 31.733 Thread 0x000001cf515c5800 nmethod 8983 0x000001cf42c60a10 code [0x000001cf42c61200, 0x000001cf42c6b8c0]
Event: 31.733 Thread 0x000001cf515c5800 9048       4       groovy.lang.MetaClassImpl::inheritInterfaceNewMetaMethods (195 bytes)
Event: 31.742 Thread 0x000001cf53907000 nmethod 9037 0x000001cf42c6f410 code [0x000001cf42c6fee0, 0x000001cf42c7bb20]
Event: 31.743 Thread 0x000001cf53907000 9050       4       java.beans.MethodRef::set (58 bytes)
Event: 31.901 Thread 0x000001cf515c9000 9074       3       java.io.FileInputStream::<init> (122 bytes)
Event: 31.902 Thread 0x000001cf515c9000 nmethod 9074 0x000001cf3c489f90 code [0x000001cf3c48a280, 0x000001cf3c48b118]
Event: 31.902 Thread 0x000001cf515c9000 9076       3       java.io.FileInputStream$1::close (11 bytes)
Event: 31.903 Thread 0x000001cf515c9000 nmethod 9076 0x000001cf3c48b690 code [0x000001cf3c48b880, 0x000001cf3c48bed8]
Event: 32.124 Thread 0x000001cf53907000 nmethod 9050 0x000001cf42c80c10 code [0x000001cf42c81580, 0x000001cf42c89cf8]

GC Heap History (20 events):
Event: 7.624 GC heap before
{Heap before GC invocations=6 (full 0):
 garbage-first heap   total 157696K, used 76477K [0x0000000080000000, 0x0000000100000000)
  region size 1024K, 62 young (63488K), 5 survivors (5120K)
 Metaspace       used 35061K, capacity 35820K, committed 35920K, reserved 548864K
  class space    used 4451K, capacity 4770K, committed 4864K, reserved 516096K
}
Event: 7.631 GC heap after
{Heap after GC invocations=7 (full 0):
 garbage-first heap   total 157696K, used 22759K [0x0000000080000000, 0x0000000100000000)
  region size 1024K, 6 young (6144K), 6 survivors (6144K)
 Metaspace       used 35061K, capacity 35820K, committed 35920K, reserved 548864K
  class space    used 4451K, capacity 4770K, committed 4864K, reserved 516096K
}
Event: 16.503 GC heap before
{Heap before GC invocations=8 (full 0):
 garbage-first heap   total 157696K, used 94439K [0x0000000080000000, 0x0000000100000000)
  region size 1024K, 74 young (75776K), 6 survivors (6144K)
 Metaspace       used 40346K, capacity 41349K, committed 41680K, reserved 552960K
  class space    used 5032K, capacity 5392K, committed 5504K, reserved 516096K
}
Event: 16.512 GC heap after
{Heap after GC invocations=9 (full 0):
 garbage-first heap   total 157696K, used 28321K [0x0000000080000000, 0x0000000100000000)
  region size 1024K, 9 young (9216K), 9 survivors (9216K)
 Metaspace       used 40346K, capacity 41349K, committed 41680K, reserved 552960K
  class space    used 5032K, capacity 5392K, committed 5504K, reserved 516096K
}
Event: 17.882 GC heap before
{Heap before GC invocations=9 (full 0):
 garbage-first heap   total 157696K, used 104097K [0x0000000080000000, 0x0000000100000000)
  region size 1024K, 83 young (84992K), 9 survivors (9216K)
 Metaspace       used 46495K, capacity 47683K, committed 47952K, reserved 559104K
  class space    used 5896K, capacity 6359K, committed 6400K, reserved 516096K
}
Event: 17.895 GC heap after
{Heap after GC invocations=10 (full 0):
 garbage-first heap   total 157696K, used 31775K [0x0000000080000000, 0x0000000100000000)
  region size 1024K, 9 young (9216K), 9 survivors (9216K)
 Metaspace       used 46495K, capacity 47683K, committed 47952K, reserved 559104K
  class space    used 5896K, capacity 6359K, committed 6400K, reserved 516096K
}
Event: 19.539 GC heap before
{Heap before GC invocations=10 (full 0):
 garbage-first heap   total 157696K, used 115743K [0x0000000080000000, 0x0000000100000000)
  region size 1024K, 87 young (89088K), 9 survivors (9216K)
 Metaspace       used 53139K, capacity 54666K, committed 54864K, reserved 565248K
  class space    used 6778K, capacity 7388K, committed 7424K, reserved 516096K
}
Event: 19.550 GC heap after
{Heap after GC invocations=11 (full 0):
 garbage-first heap   total 157696K, used 40960K [0x0000000080000000, 0x0000000100000000)
  region size 1024K, 9 young (9216K), 9 survivors (9216K)
 Metaspace       used 53139K, capacity 54666K, committed 54864K, reserved 565248K
  class space    used 6778K, capacity 7388K, committed 7424K, reserved 516096K
}
Event: 21.104 GC heap before
{Heap before GC invocations=11 (full 0):
 garbage-first heap   total 157696K, used 109568K [0x0000000080000000, 0x0000000100000000)
  region size 1024K, 77 young (78848K), 9 survivors (9216K)
 Metaspace       used 58543K, capacity 60082K, committed 60296K, reserved 569344K
  class space    used 7571K, capacity 8212K, committed 8320K, reserved 516096K
}
Event: 21.118 GC heap after
{Heap after GC invocations=12 (full 0):
 garbage-first heap   total 157696K, used 43727K [0x0000000080000000, 0x0000000100000000)
  region size 1024K, 8 young (8192K), 8 survivors (8192K)
 Metaspace       used 58543K, capacity 60082K, committed 60296K, reserved 569344K
  class space    used 7571K, capacity 8212K, committed 8320K, reserved 516096K
}
Event: 22.757 GC heap before
{Heap before GC invocations=13 (full 0):
 garbage-first heap   total 157696K, used 120527K [0x0000000080000000, 0x0000000100000000)
  region size 1024K, 83 young (84992K), 8 survivors (8192K)
 Metaspace       used 63351K, capacity 65221K, committed 65288K, reserved 573440K
  class space    used 8178K, capacity 8911K, committed 8960K, reserved 516096K
}
Event: 22.767 GC heap after
{Heap after GC invocations=14 (full 0):
 garbage-first heap   total 157696K, used 46685K [0x0000000080000000, 0x0000000100000000)
  region size 1024K, 6 young (6144K), 6 survivors (6144K)
 Metaspace       used 63351K, capacity 65221K, committed 65288K, reserved 573440K
  class space    used 8178K, capacity 8911K, committed 8960K, reserved 516096K
}
Event: 24.684 GC heap before
{Heap before GC invocations=14 (full 0):
 garbage-first heap   total 157696K, used 123485K [0x0000000080000000, 0x0000000100000000)
  region size 1024K, 81 young (82944K), 6 survivors (6144K)
 Metaspace       used 69044K, capacity 71046K, committed 71304K, reserved 579584K
  class space    used 8925K, capacity 9746K, committed 9856K, reserved 516096K
}
Event: 24.696 GC heap after
{Heap after GC invocations=15 (full 0):
 garbage-first heap   total 157696K, used 52603K [0x0000000080000000, 0x0000000100000000)
  region size 1024K, 11 young (11264K), 11 survivors (11264K)
 Metaspace       used 69044K, capacity 71046K, committed 71304K, reserved 579584K
  class space    used 8925K, capacity 9746K, committed 9856K, reserved 516096K
}
Event: 27.967 GC heap before
{Heap before GC invocations=15 (full 0):
 garbage-first heap   total 157696K, used 128379K [0x0000000080000000, 0x0000000100000000)
  region size 1024K, 81 young (82944K), 11 survivors (11264K)
 Metaspace       used 75115K, capacity 77332K, committed 77448K, reserved 583680K
  class space    used 9643K, capacity 10529K, committed 10624K, reserved 516096K
}
Event: 27.980 GC heap after
{Heap after GC invocations=16 (full 0):
 garbage-first heap   total 157696K, used 66624K [0x0000000080000000, 0x0000000100000000)
  region size 1024K, 9 young (9216K), 9 survivors (9216K)
 Metaspace       used 75115K, capacity 77332K, committed 77448K, reserved 583680K
  class space    used 9643K, capacity 10529K, committed 10624K, reserved 516096K
}
Event: 30.288 GC heap before
{Heap before GC invocations=16 (full 0):
 garbage-first heap   total 157696K, used 123968K [0x0000000080000000, 0x0000000100000000)
  region size 1024K, 65 young (66560K), 9 survivors (9216K)
 Metaspace       used 80986K, capacity 83218K, committed 83592K, reserved 589824K
  class space    used 10342K, capacity 11268K, committed 11392K, reserved 516096K
}
Event: 30.297 GC heap after
{Heap after GC invocations=17 (full 0):
 garbage-first heap   total 157696K, used 72458K [0x0000000080000000, 0x0000000100000000)
  region size 1024K, 7 young (7168K), 7 survivors (7168K)
 Metaspace       used 80986K, capacity 83218K, committed 83592K, reserved 589824K
  class space    used 10342K, capacity 11268K, committed 11392K, reserved 516096K
}
Event: 31.184 GC heap before
{Heap before GC invocations=17 (full 0):
 garbage-first heap   total 157696K, used 124682K [0x0000000080000000, 0x0000000100000000)
  region size 1024K, 58 young (59392K), 7 survivors (7168K)
 Metaspace       used 81942K, capacity 84410K, committed 84488K, reserved 589824K
  class space    used 10507K, capacity 11477K, committed 11520K, reserved 516096K
}
Event: 31.193 GC heap after
{Heap after GC invocations=18 (full 0):
 garbage-first heap   total 157696K, used 76449K [0x0000000080000000, 0x0000000100000000)
  region size 1024K, 5 young (5120K), 5 survivors (5120K)
 Metaspace       used 81942K, capacity 84410K, committed 84488K, reserved 589824K
  class space    used 10507K, capacity 11477K, committed 11520K, reserved 516096K
}

Deoptimization events (20 events):
Event: 30.971 Thread 0x000001cf542be000 DEOPT PACKING pc=0x000001cf4292e578 sp=0x00000036dfff3d60
Event: 30.971 Thread 0x000001cf542be000 DEOPT UNPACKING pc=0x000001cf3abea1af sp=0x00000036dfff3c90 mode 2
Event: 31.054 Thread 0x000001cf542be000 DEOPT PACKING pc=0x000001cf3bd5b35d sp=0x00000036dfff4270
Event: 31.054 Thread 0x000001cf542be000 DEOPT UNPACKING pc=0x000001cf3abea95e sp=0x00000036dfff37d0 mode 0
Event: 31.181 Thread 0x000001cf542be000 DEOPT PACKING pc=0x000001cf3bd5b405 sp=0x00000036dfff1aa0
Event: 31.181 Thread 0x000001cf542be000 DEOPT UNPACKING pc=0x000001cf3abea95e sp=0x00000036dfff1000 mode 0
Event: 31.203 Thread 0x000001cf542be000 Uncommon trap: trap_request=0xfffffff4 fr.pc=0x000001cf42c59b0c relative=0x000000000000106c
Event: 31.203 Thread 0x000001cf542be000 Uncommon trap: reason=null_check action=make_not_entrant pc=0x000001cf42c59b0c method=com.sun.beans.introspect.MethodInfo$MethodOrder.compare(Ljava/lang/reflect/Method;Ljava/lang/reflect/Method;)I @ 145 c2
Event: 31.203 Thread 0x000001cf542be000 DEOPT PACKING pc=0x000001cf42c59b0c sp=0x00000036dfff2900
Event: 31.203 Thread 0x000001cf542be000 DEOPT UNPACKING pc=0x000001cf3abea1af sp=0x00000036dfff2830 mode 2
Event: 31.285 Thread 0x000001cf542be000 DEOPT PACKING pc=0x000001cf3bd3dbf0 sp=0x00000036dfff71a0
Event: 31.285 Thread 0x000001cf542be000 DEOPT UNPACKING pc=0x000001cf3abea95e sp=0x00000036dfff6680 mode 0
Event: 31.342 Thread 0x000001cf542be000 Uncommon trap: trap_request=0xfffffff4 fr.pc=0x000001cf42c463b0 relative=0x00000000000099f0
Event: 31.342 Thread 0x000001cf542be000 Uncommon trap: reason=null_check action=make_not_entrant pc=0x000001cf42c463b0 method=org.gradle.internal.instantiation.generator.AbstractClassGenerator$PropertyMetadata.addGetter(Lorg/gradle/internal/instantiation/generator/AbstractClassGenerator$MethodM
Event: 31.342 Thread 0x000001cf542be000 DEOPT PACKING pc=0x000001cf42c463b0 sp=0x00000036dfff8460
Event: 31.342 Thread 0x000001cf542be000 DEOPT UNPACKING pc=0x000001cf3abea1af sp=0x00000036dfff83a0 mode 2
Event: 31.376 Thread 0x000001cf542be000 DEOPT PACKING pc=0x000001cf3bbd986b sp=0x00000036dfff7f00
Event: 31.376 Thread 0x000001cf542be000 DEOPT UNPACKING pc=0x000001cf3abea95e sp=0x00000036dfff7360 mode 0
Event: 31.378 Thread 0x000001cf542be000 DEOPT PACKING pc=0x000001cf3bd3dbf0 sp=0x00000036dfff8040
Event: 31.378 Thread 0x000001cf542be000 DEOPT UNPACKING pc=0x000001cf3abea95e sp=0x00000036dfff7520 mode 0

Classes redefined (0 events):
No events

Internal exceptions (20 events):
Event: 31.333 Thread 0x000001cf542be000 Exception <a 'java/lang/ClassNotFoundException'{0x0000000088f2e9c8}: org/gradle/api/internal/artifacts/dependencies/DefaultExternalModuleDependency_DecoratedCustomizer> (0x0000000088f2e9c8) thrown at [./src/hotspot/share/classfile/systemDictionary.cpp, line 230]
Event: 31.342 Thread 0x000001cf542be000 Implicit null exception at 0x000001cf42c3ed7b to 0x000001cf42c46338
Event: 31.351 Thread 0x000001cf542be000 Exception <a 'java/lang/ClassNotFoundException'{0x0000000088d84af8}: org/gradle/api/tasks/Copy_DecoratedBeanInfo> (0x0000000088d84af8) thrown at [./src/hotspot/share/classfile/systemDictionary.cpp, line 230]
Event: 31.352 Thread 0x000001cf542be000 Exception <a 'java/lang/ClassNotFoundException'{0x0000000088dacdb0}: org/gradle/api/tasks/CopyBeanInfo> (0x0000000088dacdb0) thrown at [./src/hotspot/share/classfile/systemDictionary.cpp, line 230]
Event: 31.353 Thread 0x000001cf542be000 Exception <a 'java/lang/ClassNotFoundException'{0x0000000088dda8f8}: org/gradle/api/tasks/AbstractCopyTaskBeanInfo> (0x0000000088dda8f8) thrown at [./src/hotspot/share/classfile/systemDictionary.cpp, line 230]
Event: 31.354 Thread 0x000001cf542be000 Exception <a 'java/lang/ClassNotFoundException'{0x0000000088c08cc0}: org/gradle/api/internal/ConventionTaskBeanInfo> (0x0000000088c08cc0) thrown at [./src/hotspot/share/classfile/systemDictionary.cpp, line 230]
Event: 31.354 Thread 0x000001cf542be000 Exception <a 'java/lang/ClassNotFoundException'{0x0000000088c32bc0}: org/gradle/api/DefaultTaskBeanInfo> (0x0000000088c32bc0) thrown at [./src/hotspot/share/classfile/systemDictionary.cpp, line 230]
Event: 31.355 Thread 0x000001cf542be000 Exception <a 'java/lang/ClassNotFoundException'{0x0000000088c60838}: org/gradle/api/internal/AbstractTaskBeanInfo> (0x0000000088c60838) thrown at [./src/hotspot/share/classfile/systemDictionary.cpp, line 230]
Event: 31.357 Thread 0x000001cf542be000 Exception <a 'java/lang/ClassNotFoundException'{0x0000000088c8ec40}: org/gradle/api/internal/AbstractTaskCustomizer> (0x0000000088c8ec40) thrown at [./src/hotspot/share/classfile/systemDictionary.cpp, line 230]
Event: 31.360 Thread 0x000001cf542be000 Exception <a 'java/lang/ClassNotFoundException'{0x0000000088b02ec0}: org/gradle/api/DefaultTaskCustomizer> (0x0000000088b02ec0) thrown at [./src/hotspot/share/classfile/systemDictionary.cpp, line 230]
Event: 31.364 Thread 0x000001cf542be000 Exception <a 'java/lang/ClassNotFoundException'{0x0000000088b865c8}: org/gradle/api/internal/ConventionTaskCustomizer> (0x0000000088b865c8) thrown at [./src/hotspot/share/classfile/systemDictionary.cpp, line 230]
Event: 31.365 Thread 0x000001cf542be000 Exception <a 'java/lang/ClassNotFoundException'{0x0000000088bc2f00}: org/gradle/api/tasks/AbstractCopyTaskCustomizer> (0x0000000088bc2f00) thrown at [./src/hotspot/share/classfile/systemDictionary.cpp, line 230]
Event: 31.368 Thread 0x000001cf542be000 Exception <a 'java/lang/ClassNotFoundException'{0x0000000088a5a428}: org/gradle/api/tasks/CopyCustomizer> (0x0000000088a5a428) thrown at [./src/hotspot/share/classfile/systemDictionary.cpp, line 230]
Event: 31.369 Thread 0x000001cf542be000 Exception <a 'java/lang/ClassNotFoundException'{0x0000000088a9c108}: org/gradle/api/tasks/Copy_DecoratedCustomizer> (0x0000000088a9c108) thrown at [./src/hotspot/share/classfile/systemDictionary.cpp, line 230]
Event: 31.380 Thread 0x000001cf542be000 Exception <a 'java/lang/ClassNotFoundException'{0x00000000887887b0}: org/gradle/api/internal/artifacts/configurations/DefaultConfigurationContainer_DecoratedBeanInfo> (0x00000000887887b0) thrown at [./src/hotspot/share/classfile/systemDictionary.cpp, line 230]
Event: 31.381 Thread 0x000001cf542be000 Exception <a 'java/lang/ClassNotFoundException'{0x00000000887d1958}: org/gradle/api/internal/artifacts/configurations/DefaultConfigurationContainerBeanInfo> (0x00000000887d1958) thrown at [./src/hotspot/share/classfile/systemDictionary.cpp, line 230]
Event: 31.382 Thread 0x000001cf542be000 Exception <a 'java/lang/ClassNotFoundException'{0x0000000088609d18}: org/gradle/api/internal/AbstractValidatingNamedDomainObjectContainerBeanInfo> (0x0000000088609d18) thrown at [./src/hotspot/share/classfile/systemDictionary.cpp, line 230]
Event: 31.383 Thread 0x000001cf542be000 Exception <a 'java/lang/ClassNotFoundException'{0x0000000088641958}: org/gradle/api/internal/AbstractValidatingNamedDomainObjectContainerCustomizer> (0x0000000088641958) thrown at [./src/hotspot/share/classfile/systemDictionary.cpp, line 230]
Event: 31.384 Thread 0x000001cf542be000 Exception <a 'java/lang/ClassNotFoundException'{0x0000000088695728}: org/gradle/api/internal/artifacts/configurations/DefaultConfigurationContainerCustomizer> (0x0000000088695728) thrown at [./src/hotspot/share/classfile/systemDictionary.cpp, line 230]
Event: 31.385 Thread 0x000001cf542be000 Exception <a 'java/lang/ClassNotFoundException'{0x00000000886f5ce8}: org/gradle/api/internal/artifacts/configurations/DefaultConfigurationContainer_DecoratedCustomizer> (0x00000000886f5ce8) thrown at [./src/hotspot/share/classfile/systemDictionary.cpp, line 230]

Events (20 events):
Event: 31.382 loading class org/gradle/api/internal/AbstractValidatingNamedDomainObjectContainerCustomizer
Event: 31.382 loading class org/gradle/api/internal/AbstractValidatingNamedDomainObjectContainerCustomizer done
Event: 31.383 loading class org/gradle/api/internal/AbstractValidatingNamedDomainObjectContainerCustomizer
Event: 31.383 loading class org/gradle/api/internal/AbstractValidatingNamedDomainObjectContainerCustomizer done
Event: 31.383 loading class org/gradle/api/internal/artifacts/configurations/DefaultConfigurationContainerCustomizer
Event: 31.383 loading class org/gradle/api/internal/artifacts/configurations/DefaultConfigurationContainerCustomizer done
Event: 31.383 loading class org/gradle/api/internal/artifacts/configurations/DefaultConfigurationContainerCustomizer
Event: 31.383 loading class org/gradle/api/internal/artifacts/configurations/DefaultConfigurationContainerCustomizer done
Event: 31.383 loading class org/gradle/api/internal/artifacts/configurations/DefaultConfigurationContainerCustomizer
Event: 31.383 loading class org/gradle/api/internal/artifacts/configurations/DefaultConfigurationContainerCustomizer done
Event: 31.384 loading class org/gradle/api/internal/artifacts/configurations/DefaultConfigurationContainerCustomizer
Event: 31.384 loading class org/gradle/api/internal/artifacts/configurations/DefaultConfigurationContainerCustomizer done
Event: 31.384 loading class org/gradle/api/internal/artifacts/configurations/DefaultConfigurationContainer_DecoratedCustomizer
Event: 31.384 loading class org/gradle/api/internal/artifacts/configurations/DefaultConfigurationContainer_DecoratedCustomizer done
Event: 31.384 loading class org/gradle/api/internal/artifacts/configurations/DefaultConfigurationContainer_DecoratedCustomizer
Event: 31.384 loading class org/gradle/api/internal/artifacts/configurations/DefaultConfigurationContainer_DecoratedCustomizer done
Event: 31.384 loading class org/gradle/api/internal/artifacts/configurations/DefaultConfigurationContainer_DecoratedCustomizer
Event: 31.384 loading class org/gradle/api/internal/artifacts/configurations/DefaultConfigurationContainer_DecoratedCustomizer done
Event: 31.385 loading class org/gradle/api/internal/artifacts/configurations/DefaultConfigurationContainer_DecoratedCustomizer
Event: 31.385 loading class org/gradle/api/internal/artifacts/configurations/DefaultConfigurationContainer_DecoratedCustomizer done


Dynamic libraries:
0x00007ff7168e0000 - 0x00007ff7168ed000 	C:\Program Files\OpenJDK\openjdk-11.0.16_8\bin\java.exe
0x00007fffcea70000 - 0x00007fffcec65000 	C:\Windows\SYSTEM32\ntdll.dll
0x00007fffcdb60000 - 0x00007fffcdc1e000 	C:\Windows\System32\KERNEL32.DLL
0x00007fffcc410000 - 0x00007fffcc6d9000 	C:\Windows\System32\KERNELBASE.dll
0x00007fffcc310000 - 0x00007fffcc410000 	C:\Windows\System32\ucrtbase.dll
0x00007fffbc520000 - 0x00007fffbc535000 	C:\Program Files\OpenJDK\openjdk-11.0.16_8\bin\VCRUNTIME140.dll
0x00007fffbc3f0000 - 0x00007fffbc407000 	C:\Program Files\OpenJDK\openjdk-11.0.16_8\bin\jli.dll
0x00007fffcd180000 - 0x00007fffcd321000 	C:\Windows\System32\USER32.dll
0x00007fffb3ee0000 - 0x00007fffb417a000 	C:\Windows\WinSxS\amd64_microsoft.windows.common-controls_6595b64144ccf1df_6.0.19041.1110_none_60b5254171f9507e\COMCTL32.dll
0x00007fffcc840000 - 0x00007fffcc862000 	C:\Windows\System32\win32u.dll
0x00007fffcd070000 - 0x00007fffcd09b000 	C:\Windows\System32\GDI32.dll
0x00007fffcdd50000 - 0x00007fffcddee000 	C:\Windows\System32\msvcrt.dll
0x00007fffcc9b0000 - 0x00007fffccabb000 	C:\Windows\System32\gdi32full.dll
0x00007fffcc270000 - 0x00007fffcc30d000 	C:\Windows\System32\msvcp_win.dll
0x00007fffce040000 - 0x00007fffce070000 	C:\Windows\System32\IMM32.DLL
0x00007fff7a1f0000 - 0x00007fff7a28b000 	C:\Program Files\OpenJDK\openjdk-11.0.16_8\bin\msvcp140.dll
0x00007fff718c0000 - 0x00007fff723ce000 	C:\Program Files\OpenJDK\openjdk-11.0.16_8\bin\server\jvm.dll
0x00007fffce6c0000 - 0x00007fffce76c000 	C:\Windows\System32\ADVAPI32.dll
0x00007fffcdcb0000 - 0x00007fffcdd4b000 	C:\Windows\System32\sechost.dll
0x00007fffccac0000 - 0x00007fffccbea000 	C:\Windows\System32\RPCRT4.dll
0x00007fffce640000 - 0x00007fffce648000 	C:\Windows\System32\PSAPI.DLL
0x00007fffbd8d0000 - 0x00007fffbd8d9000 	C:\Windows\SYSTEM32\WSOCK32.dll
0x00007fffc3e60000 - 0x00007fffc3e87000 	C:\Windows\SYSTEM32\WINMM.dll
0x00007fffc4bb0000 - 0x00007fffc4bba000 	C:\Windows\SYSTEM32\VERSION.dll
0x00007fffce650000 - 0x00007fffce6bb000 	C:\Windows\System32\ws2_32.DLL
0x00007fffca0b0000 - 0x00007fffca0c2000 	C:\Windows\SYSTEM32\kernel.appcore.dll
0x00007fffc7980000 - 0x00007fffc7990000 	C:\Program Files\OpenJDK\openjdk-11.0.16_8\bin\verify.dll
0x00007fffc6bf0000 - 0x00007fffc6dd4000 	C:\Windows\SYSTEM32\DBGHELP.DLL
0x00007fffbee80000 - 0x00007fffbeeac000 	C:\Windows\SYSTEM32\dbgcore.DLL
0x00007fffcc190000 - 0x00007fffcc213000 	C:\Windows\System32\bcryptPrimitives.dll
0x00007fffb51e0000 - 0x00007fffb5208000 	C:\Program Files\OpenJDK\openjdk-11.0.16_8\bin\java.dll
0x00007fffc76d0000 - 0x00007fffc76da000 	C:\Program Files\OpenJDK\openjdk-11.0.16_8\bin\jimage.dll
0x00007fffb9ff0000 - 0x00007fffba008000 	C:\Program Files\OpenJDK\openjdk-11.0.16_8\bin\zip.dll
0x00007fffcd420000 - 0x00007fffcdb5f000 	C:\Windows\System32\SHELL32.dll
0x00007fffca2b0000 - 0x00007fffcaa40000 	C:\Windows\SYSTEM32\windows.storage.dll
0x00007fffce070000 - 0x00007fffce3c5000 	C:\Windows\System32\combase.dll
0x00007fffcbbe0000 - 0x00007fffcbc0c000 	C:\Windows\SYSTEM32\Wldp.dll
0x00007fffcdf80000 - 0x00007fffce02d000 	C:\Windows\System32\SHCORE.dll
0x00007fffcdf20000 - 0x00007fffcdf75000 	C:\Windows\System32\shlwapi.dll
0x00007fffcc0d0000 - 0x00007fffcc0ef000 	C:\Windows\SYSTEM32\profapi.dll
0x00007fffb51c0000 - 0x00007fffb51d9000 	C:\Program Files\OpenJDK\openjdk-11.0.16_8\bin\net.dll
0x00007fffc6780000 - 0x00007fffc6888000 	C:\Windows\SYSTEM32\WINHTTP.dll
0x00007fffcb940000 - 0x00007fffcb9aa000 	C:\Windows\system32\mswsock.dll
0x00007fffb3010000 - 0x00007fffb3023000 	C:\Program Files\OpenJDK\openjdk-11.0.16_8\bin\nio.dll
0x00007fffb0130000 - 0x00007fffb0157000 	C:\Users\Metin\.gradle\native\e1d6ef7f7dcc3fd88c89a11ec53ec762bb8ba0a96d01ffa2cd45eb1d1d8dd5c5\windows-amd64\native-platform.dll
0x00007fff5bfe0000 - 0x00007fff5c124000 	C:\Users\Metin\.gradle\native\5664cfc778a61ccfe75a443a1ab52a65af34e5dc3c78e0209fed803814484fcb\windows-amd64\native-platform-file-events.dll
0x00007fffb51b0000 - 0x00007fffb51b9000 	C:\Program Files\OpenJDK\openjdk-11.0.16_8\bin\management.dll
0x00007fffb3a30000 - 0x00007fffb3a3b000 	C:\Program Files\OpenJDK\openjdk-11.0.16_8\bin\management_ext.dll
0x00007fffcbb40000 - 0x00007fffcbb58000 	C:\Windows\SYSTEM32\CRYPTSP.dll
0x00007fffcb250000 - 0x00007fffcb284000 	C:\Windows\system32\rsaenh.dll
0x00007fffcc920000 - 0x00007fffcc947000 	C:\Windows\System32\bcrypt.dll
0x00007fffcc050000 - 0x00007fffcc07e000 	C:\Windows\SYSTEM32\USERENV.dll
0x00007fffcbb30000 - 0x00007fffcbb3c000 	C:\Windows\SYSTEM32\CRYPTBASE.dll
0x00007fffcb5e0000 - 0x00007fffcb61b000 	C:\Windows\SYSTEM32\IPHLPAPI.DLL
0x00007fffcdca0000 - 0x00007fffcdca8000 	C:\Windows\System32\NSI.dll
0x00007fffc4bc0000 - 0x00007fffc4bd7000 	C:\Windows\SYSTEM32\dhcpcsvc6.DLL
0x00007fffc4ac0000 - 0x00007fffc4add000 	C:\Windows\SYSTEM32\dhcpcsvc.DLL
0x00007fffcb630000 - 0x00007fffcb6fc000 	C:\Windows\SYSTEM32\DNSAPI.dll

dbghelp: loaded successfully - version: 4.0.5 - missing functions: none
symbol engine: initialized successfully - sym options: 0x614 - pdb path: .;C:\Program Files\OpenJDK\openjdk-11.0.16_8\bin;C:\Windows\SYSTEM32;C:\Windows\WinSxS\amd64_microsoft.windows.common-controls_6595b64144ccf1df_6.0.19041.1110_none_60b5254171f9507e;C:\Program Files\OpenJDK\openjdk-11.0.16_8\bin\server;C:\Users\Metin\.gradle\native\e1d6ef7f7dcc3fd88c89a11ec53ec762bb8ba0a96d01ffa2cd45eb1d1d8dd5c5\windows-amd64;C:\Users\Metin\.gradle\native\5664cfc778a61ccfe75a443a1ab52a65af34e5dc3c78e0209fed803814484fcb\windows-amd64

VM Arguments:
jvm_args: -XX:MaxMetaspaceSize=512m --add-opens=java.base/java.util=ALL-UNNAMED --add-opens=java.base/java.lang=ALL-UNNAMED --add-opens=java.base/java.lang.invoke=ALL-UNNAMED --add-opens=java.base/java.util=ALL-UNNAMED --add-opens=java.prefs/java.util.prefs=ALL-UNNAMED --add-opens=java.prefs/java.util.prefs=ALL-UNNAMED --add-opens=java.base/java.nio.charset=ALL-UNNAMED --add-opens=java.base/java.net=ALL-UNNAMED --add-opens=java.base/java.util.concurrent.atomic=ALL-UNNAMED -Xmx2048m -Dfile.encoding=windows-1254 -Duser.country=TR -Duser.language=tr -Duser.variant 
java_command: org.gradle.launcher.daemon.bootstrap.GradleDaemon 7.3.3
java_class_path (initial): C:\Users\Metin\.gradle\wrapper\dists\gradle-7.3.3-all\4295vidhdd9hd3gbjyw1xqxpo\gradle-7.3.3\lib\gradle-launcher-7.3.3.jar
Launcher Type: SUN_STANDARD

[Global flags]
     intx CICompilerCount                          = 3                                         {product} {ergonomic}
   size_t CompressedClassSpaceSize                 = 528482304                                 {product} {ergonomic}
     uint ConcGCThreads                            = 1                                         {product} {ergonomic}
     uint G1ConcRefinementThreads                  = 4                                         {product} {ergonomic}
   size_t G1HeapRegionSize                         = 1048576                                   {product} {ergonomic}
    uintx GCDrainStackTargetSize                   = 64                                        {product} {ergonomic}
   size_t InitialHeapSize                          = 134217728                                 {product} {ergonomic}
   size_t MarkStackSize                            = 4194304                                   {product} {ergonomic}
   size_t MaxHeapSize                              = 2147483648                                {product} {command line}
   size_t MaxMetaspaceSize                         = 536870912                                 {product} {command line}
   size_t MaxNewSize                               = 1287651328                                {product} {ergonomic}
   size_t MinHeapDeltaBytes                        = 1048576                                   {product} {ergonomic}
    uintx NonNMethodCodeHeapSize                   = 5830732                                {pd product} {ergonomic}
    uintx NonProfiledCodeHeapSize                  = 122913754                              {pd product} {ergonomic}
    uintx ProfiledCodeHeapSize                     = 122913754                              {pd product} {ergonomic}
    uintx ReservedCodeCacheSize                    = 251658240                              {pd product} {ergonomic}
     bool SegmentedCodeCache                       = true                                      {product} {ergonomic}
     bool UseCompressedClassPointers               = true                                 {lp64_product} {ergonomic}
     bool UseCompressedOops                        = true                                 {lp64_product} {ergonomic}
     bool UseG1GC                                  = true                                      {product} {ergonomic}
     bool UseLargePagesIndividualAllocation        = false                                  {pd product} {ergonomic}

Logging:
Log output configuration:
 #0: stdout all=warning uptime,level,tags
 #1: stderr all=off uptime,level,tags

Environment Variables:
JAVA_HOME=C:\Program Files\OpenJDK\openjdk-11.0.16_8
CLASSPATH=C:\KOD\ReactNative\InstagramCloneApp\android\\gradle\wrapper\gradle-wrapper.jar
PATH=C:\Windows\system32;C:\Windows;C:\Windows\System32\Wbem;C:\Windows\System32\WindowsPowerShell\v1.0\;C:\Windows\System32\OpenSSH\;C:\ProgramData\chocolatey\bin;C:\Program Files\nodejs\;C:\Program Files\OpenJDK\openjdk-11.0.16_8\bin;C:\Users\Metin\AppData\Local\Microsoft\WindowsApps;C:\Users\Metin\AppData\Local\Programs\Microsoft VS Code\bin;C:\Users\Metin\AppData\Local\GitHubDesktop\bin;C:\Users\Metin\AppData\Roaming\npm;C:\Users\Metin\AppData\Local\Android\Sdk\platform-tools;
USERNAME=Metin
LANG=tr_TR.UTF-8
OS=Windows_NT
PROCESSOR_IDENTIFIER=Intel64 Family 6 Model 60 Stepping 3, GenuineIntel
TMP=C:\Users\Metin\AppData\Local\Temp
TEMP=C:\Users\Metin\AppData\Local\Temp



---------------  S Y S T E M  ---------------

OS: Windows 10 , 64 bit Build 19041 (10.0.19041.1202)
OS uptime: 0 days 5:19 hours

CPU:total 4 (initial active 4) (4 cores per cpu, 1 threads per core) family 6 model 60 stepping 3 microcode 0x27, cmov, cx8, fxsr, mmx, sse, sse2, sse3, ssse3, sse4.1, sse4.2, popcnt, avx, avx2, aes, clmul, erms, lzcnt, tsc, tscinvbit, bmi1, bmi2, fma

Memory: 4k page, system-wide physical 8124M (1496M free)
TotalPageFile size 15548M (AvailPageFile size 4033M)
current process WorkingSet (physical memory assigned to process): 410M, peak: 416M
current process commit charge ("private bytes"): 448M, peak: 456M

vm_info: OpenJDK 64-Bit Server VM (11.0.16+8) for windows-amd64 JRE (11.0.16+8), built on Jul 17 2022 01:33:05 by "tester" with MS VC++ 15.9 (VS2017)

END.
