#
# A fatal error has been detected by the Java Runtime Environment:
#
#  EXCEPTION_ACCESS_VIOLATION (0xc0000005) at pc=0x00007ffb90871676, pid=5600, tid=7488
#
# JRE version: OpenJDK Runtime Environment 18.9 (11.0.16+8) (build 11.0.16+8)
# Java VM: OpenJDK 64-Bit Server VM 18.9 (11.0.16+8, mixed mode, tiered, compressed oops, g1 gc, windows-amd64)
# Problematic frame:
# V  [jvm.dll+0x191676]
#
# No core dump will be written. Minidumps are not enabled by default on client versions of Windows
#
# If you would like to submit a bug report, please visit:
#   https://bugreport.java.com/bugreport/crash.jsp
#

---------------  S U M M A R Y ------------

Command Line: -XX:MaxMetaspaceSize=512m --add-opens=java.base/java.util=ALL-UNNAMED --add-opens=java.base/java.lang=ALL-UNNAMED --add-opens=java.base/java.lang.invoke=ALL-UNNAMED --add-opens=java.base/java.util=ALL-UNNAMED --add-opens=java.prefs/java.util.prefs=ALL-UNNAMED --add-opens=java.prefs/java.util.prefs=ALL-UNNAMED --add-opens=java.base/java.nio.charset=ALL-UNNAMED --add-opens=java.base/java.net=ALL-UNNAMED --add-opens=java.base/java.util.concurrent.atomic=ALL-UNNAMED -Xmx2048m -Dfile.encoding=windows-1254 -Duser.country=TR -Duser.language=tr -Duser.variant org.gradle.launcher.daemon.bootstrap.GradleDaemon 7.3.3

Host: Intel(R) Core(TM) i5-4590 CPU @ 3.30GHz, 4 cores, 7G,  Windows 10 , 64 bit Build 19041 (10.0.19041.1202)
Time: Fri Aug 12 18:34:50 2022 Türkiye Standart Saati elapsed time: 123.328846 seconds (0d 0h 2m 3s)

---------------  T H R E A D  ---------------

Current thread (0x000001c4f66eb800):  ConcurrentGCThread "G1 Conc#0" [stack: 0x00000014d5d00000,0x00000014d5e00000] [id=7488]

Stack: [0x00000014d5d00000,0x00000014d5e00000],  sp=0x00000014d5dff4e8,  free space=1021k
Native frames: (J=compiled Java code, j=interpreted, Vv=VM code, C=native code)
V  [jvm.dll+0x191676]


siginfo: EXCEPTION_ACCESS_VIOLATION (0xc0000005), reading address 0x0000000000000008


Register to memory mapping:

RIP=0x00007ffb90871676 jvm.dll
RAX=0x2412948812082252 is an unknown value
RBX=0x2412948812082252 is an unknown value
RCX=0x000000008566c6a8 is pointing into object: org.gradle.api.internal.attributes.DefaultCompatibilityRuleChain_Decorated 
{0x000000008566c698} - klass: 'org/gradle/api/internal/attributes/DefaultCompatibilityRuleChain_Decorated'
RDX=0x000000008566c6a8 is pointing into object: org.gradle.api.internal.attributes.DefaultCompatibilityRuleChain_Decorated 
{0x000000008566c698} - klass: 'org/gradle/api/internal/attributes/DefaultCompatibilityRuleChain_Decorated'
RSP=0x00000014d5dff4e8 points into unknown readable memory: 0x00007ffb909c3bdd | dd 3b 9c 90 fb 7f 00 00
RBP=0x0 is NULL
RSI=0x0000000000200001 is an unknown value
RDI=0x000000008566c6a8 is pointing into object: org.gradle.api.internal.attributes.DefaultCompatibilityRuleChain_Decorated 
{0x000000008566c698} - klass: 'org/gradle/api/internal/attributes/DefaultCompatibilityRuleChain_Decorated'
R8 =0x2412948812082252 is an unknown value
R9 =0x0 is NULL
R10=0x000001c4f6744570 points into unknown readable memory: 0x00007ffb90f4c620 | 20 c6 f4 90 fb 7f 00 00
R11=0x346dc5d63886594b is an unknown value
R12=0x0 is NULL
R13=0x0 is NULL
R14=0x000001c48f159b18 points into unknown readable memory: 0x2412948812282252 | 52 22 28 12 88 94 12 24
R15=0x000001c4f66e1290 points into unknown readable memory: 0x000001c4f66ea000 | 00 a0 6e f6 c4 01 00 00


Registers:
RAX=0x2412948812082252, RBX=0x2412948812082252, RCX=0x000000008566c6a8, RDX=0x000000008566c6a8
RSP=0x00000014d5dff4e8, RBP=0x0000000000000000, RSI=0x0000000000200001, RDI=0x000000008566c6a8
R8 =0x2412948812082252, R9 =0x0000000000000000, R10=0x000001c4f6744570, R11=0x346dc5d63886594b
R12=0x0000000000000000, R13=0x0000000000000000, R14=0x000001c48f159b18, R15=0x000001c4f66e1290
RIP=0x00007ffb90871676, EFLAGS=0x0000000000010246

Top of Stack: (sp=0x00000014d5dff4e8)
0x00000014d5dff4e8:   00007ffb909c3bdd 01d8ae60c5fa62a0
0x00000014d5dff4f8:   00007ffb909c3bdd 000000000010b076
0x00000014d5dff508:   0000000002d4cae0 0000000088fae148
0x00000014d5dff518:   000001c4f66ed530 000000008566c6a8
0x00000014d5dff528:   00007ffb909c39c2 000001c4f66ed3f0
0x00000014d5dff538:   0000000100f1d1f0 0000000100f1d1f8
0x00000014d5dff548:   00000014d5dff6e8 0000000088fae15c
0x00000014d5dff558:   00007ffb909bb88d 0000000000000003
0x00000014d5dff568:   0000000088fae154 0000000000000004
0x00000014d5dff578:   0000000088fae110 000001c4f66ec001
0x00000014d5dff588:   000001c4f66e12a8 0000000100f1cfd8
0x00000014d5dff598:   00007ffb909bb441 0000000000000003
0x00000014d5dff5a8:   00000014d5dff6e8 0000000088fae148
0x00000014d5dff5b8:   0000000000000000 000001c4f66ed3f0
0x00000014d5dff5c8:   00007ffb909ce77e 0000000088fae148
0x00000014d5dff5d8:   00000014d5dff690 00000014d5dff690 

Instructions: (pc=0x00007ffb90871676)
0x00007ffb90871576:   eb 04 48 8b 43 08 81 78 08 00 00 00 c0 73 7d 48
0x00007ffb90871586:   8b 4f 38 48 8b d3 48 8b 01 ff 50 20 84 c0 75 6c
0x00007ffb90871596:   38 05 d5 ba 8a 00 74 15 8b 53 08 8b 0d f1 27 86
0x00007ffb908715a6:   00 48 d3 e2 48 03 15 df 27 86 00 eb 04 48 8b 53
0x00007ffb908715b6:   08 48 8b cb 48 89 5c 24 20 e8 ac 00 00 00 80 7f
0x00007ffb908715c6:   30 00 48 63 c8 48 89 4c 24 28 0f 28 44 24 20 74
0x00007ffb908715d6:   17 0f 11 86 98 03 00 00 48 8b 5c 24 40 48 8b 74
0x00007ffb908715e6:   24 48 48 83 c4 30 5f c3 48 8b 07 48 8d 54 24 20
0x00007ffb908715f6:   48 8b cf 66 0f 7f 44 24 20 ff 50 38 48 8b 5c 24
0x00007ffb90871606:   40 48 8b 74 24 48 48 83 c4 30 5f c3 cc cc cc cc
0x00007ffb90871616:   cc cc cc cc cc cc cc cc cc cc 48 8b 49 38 48 8b
0x00007ffb90871626:   01 48 ff 60 28 cc cc cc cc cc 80 3d 3a ba 8a 00
0x00007ffb90871636:   00 48 8b c1 74 1b 8b 51 08 8b 0d 53 27 86 00 48
0x00007ffb90871646:   d3 e2 48 8b c8 48 03 15 3e 27 86 00 e9 19 00 00
0x00007ffb90871656:   00 48 8b 51 08 48 8b c8 e9 0d 00 00 00 cc cc cc
0x00007ffb90871666:   cc cc cc cc cc cc cc cc cc cc 4c 8b ca 48 8b d1
0x00007ffb90871676:   45 8b 41 08 45 85 c0 7e 0e 41 f6 c0 01 75 56 41
0x00007ffb90871686:   c1 f8 03 41 8b c0 c3 79 4c 80 3d db b9 8a 00 00
0x00007ffb90871696:   b8 0c 00 00 00 b9 10 00 00 00 0f 45 c8 8b 05 7b
0x00007ffb908716a6:   70 84 00 ff c8 4c 63 c8 48 63 14 11 41 8b c8 83
0x00007ffb908716b6:   e1 3f 48 d3 e2 41 8b c8 48 c1 f9 10 0f b6 c1 49
0x00007ffb908716c6:   8d 0c 11 49 f7 d1 48 03 c1 49 c1 e9 03 48 c1 e8
0x00007ffb908716d6:   03 41 23 c1 c3 49 8b 01 49 8b c9 48 ff a0 10 01
0x00007ffb908716e6:   00 00 cc cc cc cc cc cc cc cc 48 8b c2 c3 cc cc
0x00007ffb908716f6:   cc cc cc cc cc cc cc cc cc cc 48 83 ec 38 48 8b
0x00007ffb90871706:   c1 48 8b 49 38 80 79 08 00 74 04 48 8b 48 38 0f
0x00007ffb90871716:   10 02 48 8d 54 24 20 0f 29 44 24 20 e8 09 f0 ff
0x00007ffb90871726:   ff 48 83 c4 38 c3 cc cc cc cc 48 83 ec 38 0f 10
0x00007ffb90871736:   02 48 8b 01 48 8d 54 24 20 0f 29 44 24 20 ff 50
0x00007ffb90871746:   38 48 83 c4 38 c3 cc cc cc cc 48 89 5c 24 08 55
0x00007ffb90871756:   56 57 41 54 41 55 41 56 41 57 48 8d 6c 24 e0 48
0x00007ffb90871766:   81 ec 20 01 00 00 48 8b 05 a5 ad 87 00 48 33 c4 


Stack slot to memory mapping:
stack at sp + 0 slots: 0x00007ffb909c3bdd jvm.dll
stack at sp + 1 slots: 0x01d8ae60c5fa62a0 is an unknown value
stack at sp + 2 slots: 0x00007ffb909c3bdd jvm.dll
stack at sp + 3 slots: 0x000000000010b076 is an unknown value
stack at sp + 4 slots: 0x0000000002d4cae0 is an unknown value
stack at sp + 5 slots: 0x0000000088fae148 is an oop: org.gradle.api.internal.artifacts.transform.BoundTransformationStep 
{0x0000000088fae148} - klass: 'org/gradle/api/internal/artifacts/transform/BoundTransformationStep'
stack at sp + 6 slots: 0x000001c4f66ed530 points into unknown readable memory: 0x00007ffb90f85bb0 | b0 5b f8 90 fb 7f 00 00
stack at sp + 7 slots: 0x000000008566c6a8 is pointing into object: org.gradle.api.internal.attributes.DefaultCompatibilityRuleChain_Decorated 
{0x000000008566c698} - klass: 'org/gradle/api/internal/attributes/DefaultCompatibilityRuleChain_Decorated'


---------------  P R O C E S S  ---------------

Threads class SMR info:
_java_thread_list=0x000001c49723c4a0, length=88, elements={
0x000001c4f66a0800, 0x000001c4ffec1000, 0x000001c4ffecb000, 0x000001c4fff24000,
0x000001c4fff25000, 0x000001c4fff27000, 0x000001c495902000, 0x000001c495903800,
0x000001c495905000, 0x000001c495a62800, 0x000001c4968aa000, 0x000001c496923800,
0x000001c49690d800, 0x000001c496bbf000, 0x000001c496652800, 0x000001c496d5e800,
0x000001c497115800, 0x000001c4967df000, 0x000001c496b3e000, 0x000001c496b3b800,
0x000001c496b9b000, 0x000001c496b9c000, 0x000001c496b9e800, 0x000001c496b9d000,
0x000001c496b99800, 0x000001c496b9d800, 0x000001c496b99000, 0x000001c496b9f800,
0x000001c496b9a800, 0x000001c499e30000, 0x000001c499e30800, 0x000001c499e34000,
0x000001c499e31800, 0x000001c499e33000, 0x000001c499e2e800, 0x000001c499e35000,
0x000001c499e2f000, 0x000001c499e37800, 0x000001c499e36800, 0x000001c499e3a800,
0x000001c499e35800, 0x000001c499e3b800, 0x000001c499e3c000, 0x000001c499e39000,
0x000001c499e38000, 0x000001c499e39800, 0x000001c499e3d000, 0x000001c49a1ea800,
0x000001c49a1eb800, 0x000001c49a1ec800, 0x000001c49a1e6800, 0x000001c49a1e9000,
0x000001c49a1ed000, 0x000001c49a1e8000, 0x000001c49a1e7800, 0x000001c49a1ee800,
0x000001c49a1ef800, 0x000001c49a1ea000, 0x000001c49a1f3800, 0x000001c49a1f1000,
0x000001c49a1f3000, 0x000001c49a1ee000, 0x000001c49a1f5800, 0x000001c49a1f2000,
0x000001c49a1f4800, 0x000001c49a1f0800, 0x000001c498832000, 0x000001c498836000,
0x000001c498831000, 0x000001c498833000, 0x000001c498834800, 0x000001c498837800,
0x000001c498837000, 0x000001c498838800, 0x000001c498839800, 0x000001c49883b000,
0x000001c49883c000, 0x000001c49883c800, 0x000001c49883d800, 0x000001c49883e000,
0x000001c49883f000, 0x000001c498840000, 0x000001c49c89c800, 0x000001c49c89f000,
0x000001c49c89b000, 0x000001c49c89d800, 0x000001c49c89e800, 0x000001c49c899800
}

Java Threads: ( => current thread )
  0x000001c4f66a0800 JavaThread "main" [_thread_blocked, id=1816, stack(0x00000014d5a00000,0x00000014d5b00000)]
  0x000001c4ffec1000 JavaThread "Reference Handler" daemon [_thread_blocked, id=3448, stack(0x00000014d6100000,0x00000014d6200000)]
  0x000001c4ffecb000 JavaThread "Finalizer" daemon [_thread_blocked, id=9296, stack(0x00000014d6200000,0x00000014d6300000)]
  0x000001c4fff24000 JavaThread "Signal Dispatcher" daemon [_thread_blocked, id=6212, stack(0x00000014d6300000,0x00000014d6400000)]
  0x000001c4fff25000 JavaThread "Attach Listener" daemon [_thread_blocked, id=560, stack(0x00000014d6400000,0x00000014d6500000)]
  0x000001c4fff27000 JavaThread "Service Thread" daemon [_thread_blocked, id=9688, stack(0x00000014d6500000,0x00000014d6600000)]
  0x000001c495902000 JavaThread "C2 CompilerThread0" daemon [_thread_blocked, id=8308, stack(0x00000014d6600000,0x00000014d6700000)]
  0x000001c495903800 JavaThread "C1 CompilerThread0" daemon [_thread_blocked, id=5732, stack(0x00000014d6700000,0x00000014d6800000)]
  0x000001c495905000 JavaThread "Sweeper thread" daemon [_thread_blocked, id=4236, stack(0x00000014d6800000,0x00000014d6900000)]
  0x000001c495a62800 JavaThread "Common-Cleaner" daemon [_thread_blocked, id=10152, stack(0x00000014d6900000,0x00000014d6a00000)]
  0x000001c4968aa000 JavaThread "Daemon health stats" [_thread_blocked, id=5488, stack(0x00000014d6b00000,0x00000014d6c00000)]
  0x000001c496923800 JavaThread "Incoming local TCP Connector on port 54998" [_thread_in_native, id=3496, stack(0x00000014d6e00000,0x00000014d6f00000)]
  0x000001c49690d800 JavaThread "Daemon periodic checks" [_thread_blocked, id=4444, stack(0x00000014d6f00000,0x00000014d7000000)]
  0x000001c496bbf000 JavaThread "Daemon" [_thread_blocked, id=9664, stack(0x00000014d7000000,0x00000014d7100000)]
  0x000001c496652800 JavaThread "Handler for socket connection from /127.0.0.1:54998 to /127.0.0.1:54999" [_thread_in_native, id=8300, stack(0x00000014d7100000,0x00000014d7200000)]
  0x000001c496d5e800 JavaThread "Cancel handler" [_thread_blocked, id=9544, stack(0x00000014d7200000,0x00000014d7300000)]
  0x000001c497115800 JavaThread "Daemon worker" [_thread_blocked, id=5184, stack(0x00000014d7300000,0x00000014d7400000)]
  0x000001c4967df000 JavaThread "Asynchronous log dispatcher for DefaultDaemonConnection: socket connection from /127.0.0.1:54998 to /127.0.0.1:54999" [_thread_blocked, id=2012, stack(0x00000014d7400000,0x00000014d7500000)]
  0x000001c496b3e000 JavaThread "Stdin handler" [_thread_blocked, id=4672, stack(0x00000014d7500000,0x00000014d7600000)]
  0x000001c496b3b800 JavaThread "Daemon client event forwarder" [_thread_blocked, id=8272, stack(0x00000014d7600000,0x00000014d7700000)]
  0x000001c496b9b000 JavaThread "Cache worker for journal cache (C:\Users\Metin\.gradle\caches\journal-1)" [_thread_blocked, id=4912, stack(0x00000014d7800000,0x00000014d7900000)]
  0x000001c496b9c000 JavaThread "File lock request listener" [_thread_in_native, id=5768, stack(0x00000014d7900000,0x00000014d7a00000)]
  0x000001c496b9e800 JavaThread "Cache worker for file hash cache (C:\Users\Metin\.gradle\caches\7.3.3\fileHashes)" [_thread_blocked, id=10164, stack(0x00000014d7a00000,0x00000014d7b00000)]
  0x000001c496b9d000 JavaThread "Cache worker for file hash cache (C:\KOD\ReactNative\InstagramCloneApp\android\.gradle\7.3.3\fileHashes)" [_thread_blocked, id=3192, stack(0x00000014d7b00000,0x00000014d7c00000)]
  0x000001c496b99800 JavaThread "File watcher server" daemon [_thread_in_native, id=6048, stack(0x00000014d7c00000,0x00000014d7d00000)]
  0x000001c496b9d800 JavaThread "File watcher consumer" daemon [_thread_blocked, id=9740, stack(0x00000014d7d00000,0x00000014d7e00000)]
  0x000001c496b99000 JavaThread "Cache worker for checksums cache (C:\KOD\ReactNative\InstagramCloneApp\android\.gradle\7.3.3\checksums)" [_thread_blocked, id=5304, stack(0x00000014d7e00000,0x00000014d7f00000)]
  0x000001c496b9f800 JavaThread "Cache worker for cache directory md-supplier (C:\Users\Metin\.gradle\caches\7.3.3\md-supplier)" [_thread_blocked, id=8952, stack(0x00000014d7f00000,0x00000014d8000000)]
  0x000001c496b9a800 JavaThread "Cache worker for cache directory md-rule (C:\Users\Metin\.gradle\caches\7.3.3\md-rule)" [_thread_blocked, id=9624, stack(0x00000014d8000000,0x00000014d8100000)]
  0x000001c499e30000 JavaThread "Cache worker for execution history cache (C:\Users\Metin\.gradle\caches\7.3.3\executionHistory)" [_thread_blocked, id=8972, stack(0x00000014d8200000,0x00000014d8300000)]
  0x000001c499e30800 JavaThread "jar transforms" [_thread_blocked, id=4788, stack(0x00000014d8400000,0x00000014d8500000)]
  0x000001c499e34000 JavaThread "jar transforms Thread 2" [_thread_blocked, id=2044, stack(0x00000014d8500000,0x00000014d8600000)]
  0x000001c499e31800 JavaThread "Cache worker for file content cache (C:\Users\Metin\.gradle\caches\7.3.3\fileContent)" [_thread_blocked, id=9288, stack(0x00000014d8600000,0x00000014d8700000)]
  0x000001c499e33000 JavaThread "jar transforms Thread 3" [_thread_blocked, id=8832, stack(0x00000014d8700000,0x00000014d8800000)]
  0x000001c499e2e800 JavaThread "jar transforms Thread 4" [_thread_blocked, id=7240, stack(0x00000014d8800000,0x00000014d8900000)]
  0x000001c499e35000 JavaThread "Cache worker for kotlin-dsl (C:\Users\Metin\.gradle\caches\7.3.3\kotlin-dsl)" [_thread_blocked, id=6152, stack(0x00000014d5800000,0x00000014d5900000)]
  0x000001c499e2f000 JavaThread "Cache worker for dependencies-accessors (C:\KOD\ReactNative\InstagramCloneApp\android\.gradle\7.3.3\dependencies-accessors)" [_thread_blocked, id=4144, stack(0x00000014d5900000,0x00000014d5a00000)]
  0x000001c499e37800 JavaThread "Cache worker for Build Output Cleanup Cache (C:\KOD\ReactNative\InstagramCloneApp\node_modules\react-native-gradle-plugin\.gradle\buildOutputCleanup)" [_thread_blocked, id=8600, stack(0x00000014d5700000,0x00000014d5800000)]
  0x000001c499e36800 JavaThread "Unconstrained build operations" [_thread_blocked, id=3732, stack(0x00000014d8900000,0x00000014d8a00000)]
  0x000001c499e3a800 JavaThread "Unconstrained build operations Thread 2" [_thread_blocked, id=2924, stack(0x00000014d8a00000,0x00000014d8b00000)]
  0x000001c499e35800 JavaThread "Unconstrained build operations Thread 3" [_thread_blocked, id=10184, stack(0x00000014d8b00000,0x00000014d8c00000)]
  0x000001c499e3b800 JavaThread "Unconstrained build operations Thread 4" [_thread_blocked, id=9868, stack(0x00000014d8c00000,0x00000014d8d00000)]
  0x000001c499e3c000 JavaThread "Unconstrained build operations Thread 5" [_thread_blocked, id=3184, stack(0x00000014d8d00000,0x00000014d8e00000)]
  0x000001c499e39000 JavaThread "Unconstrained build operations Thread 6" [_thread_blocked, id=9808, stack(0x00000014d8e00000,0x00000014d8f00000)]
  0x000001c499e38000 JavaThread "Unconstrained build operations Thread 7" [_thread_blocked, id=8948, stack(0x00000014d8f00000,0x00000014d9000000)]
  0x000001c499e39800 JavaThread "Unconstrained build operations Thread 8" [_thread_blocked, id=8996, stack(0x00000014d9000000,0x00000014d9100000)]
  0x000001c499e3d000 JavaThread "Unconstrained build operations Thread 9" [_thread_blocked, id=2288, stack(0x00000014d9100000,0x00000014d9200000)]
  0x000001c49a1ea800 JavaThread "Unconstrained build operations Thread 10" [_thread_blocked, id=184, stack(0x00000014d9200000,0x00000014d9300000)]
  0x000001c49a1eb800 JavaThread "Unconstrained build operations Thread 11" [_thread_blocked, id=6216, stack(0x00000014d9300000,0x00000014d9400000)]
  0x000001c49a1ec800 JavaThread "Unconstrained build operations Thread 12" [_thread_blocked, id=8260, stack(0x00000014d9400000,0x00000014d9500000)]
  0x000001c49a1e6800 JavaThread "Unconstrained build operations Thread 13" [_thread_blocked, id=8704, stack(0x00000014d9500000,0x00000014d9600000)]
  0x000001c49a1e9000 JavaThread "Unconstrained build operations Thread 14" [_thread_blocked, id=1808, stack(0x00000014d9600000,0x00000014d9700000)]
  0x000001c49a1ed000 JavaThread "Unconstrained build operations Thread 15" [_thread_blocked, id=6616, stack(0x00000014d9700000,0x00000014d9800000)]
  0x000001c49a1e8000 JavaThread "Unconstrained build operations Thread 16" [_thread_blocked, id=10044, stack(0x00000014d9800000,0x00000014d9900000)]
  0x000001c49a1e7800 JavaThread "Unconstrained build operations Thread 17" [_thread_blocked, id=8908, stack(0x00000014d9900000,0x00000014d9a00000)]
  0x000001c49a1ee800 JavaThread "Unconstrained build operations Thread 18" [_thread_blocked, id=8808, stack(0x00000014d9a00000,0x00000014d9b00000)]
  0x000001c49a1ef800 JavaThread "Unconstrained build operations Thread 19" [_thread_blocked, id=4088, stack(0x00000014d9b00000,0x00000014d9c00000)]
  0x000001c49a1ea000 JavaThread "Unconstrained build operations Thread 20" [_thread_blocked, id=8468, stack(0x00000014d9c00000,0x00000014d9d00000)]
  0x000001c49a1f3800 JavaThread "Unconstrained build operations Thread 21" [_thread_blocked, id=1912, stack(0x00000014d9d00000,0x00000014d9e00000)]
  0x000001c49a1f1000 JavaThread "Unconstrained build operations Thread 22" [_thread_blocked, id=7572, stack(0x00000014d9e00000,0x00000014d9f00000)]
  0x000001c49a1f3000 JavaThread "Unconstrained build operations Thread 23" [_thread_blocked, id=2060, stack(0x00000014d9f00000,0x00000014da000000)]
  0x000001c49a1ee000 JavaThread "Unconstrained build operations Thread 24" [_thread_blocked, id=9504, stack(0x00000014da000000,0x00000014da100000)]
  0x000001c49a1f5800 JavaThread "Unconstrained build operations Thread 25" [_thread_blocked, id=5068, stack(0x00000014da100000,0x00000014da200000)]
  0x000001c49a1f2000 JavaThread "Unconstrained build operations Thread 26" [_thread_blocked, id=8876, stack(0x00000014da200000,0x00000014da300000)]
  0x000001c49a1f4800 JavaThread "Unconstrained build operations Thread 27" [_thread_blocked, id=7840, stack(0x00000014da300000,0x00000014da400000)]
  0x000001c49a1f0800 JavaThread "Unconstrained build operations Thread 28" [_thread_blocked, id=9148, stack(0x00000014da400000,0x00000014da500000)]
  0x000001c498832000 JavaThread "Unconstrained build operations Thread 29" [_thread_blocked, id=10144, stack(0x00000014da500000,0x00000014da600000)]
  0x000001c498836000 JavaThread "Unconstrained build operations Thread 30" [_thread_blocked, id=5988, stack(0x00000014da600000,0x00000014da700000)]
  0x000001c498831000 JavaThread "Unconstrained build operations Thread 31" [_thread_blocked, id=4488, stack(0x00000014da700000,0x00000014da800000)]
  0x000001c498833000 JavaThread "Unconstrained build operations Thread 32" [_thread_blocked, id=5748, stack(0x00000014da800000,0x00000014da900000)]
  0x000001c498834800 JavaThread "Unconstrained build operations Thread 33" [_thread_blocked, id=4584, stack(0x00000014da900000,0x00000014daa00000)]
  0x000001c498837800 JavaThread "build event listener" [_thread_blocked, id=3940, stack(0x00000014daa00000,0x00000014dab00000)]
  0x000001c498837000 JavaThread "Memory manager" [_thread_blocked, id=10116, stack(0x00000014dab00000,0x00000014dac00000)]
  0x000001c498838800 JavaThread "Cache worker for Build Output Cleanup Cache (C:\KOD\ReactNative\InstagramCloneApp\android\.gradle\buildOutputCleanup)" [_thread_blocked, id=3820, stack(0x00000014dad00000,0x00000014dae00000)]
  0x000001c498839800 JavaThread "included builds" [_thread_blocked, id=3760, stack(0x00000014dae00000,0x00000014daf00000)]
  0x000001c49883b000 JavaThread "Cache worker for execution history cache (C:\KOD\ReactNative\InstagramCloneApp\node_modules\react-native-gradle-plugin\.gradle\7.3.3\executionHistory)" [_thread_blocked, id=5824, stack(0x00000014db200000,0x00000014db300000)]
  0x000001c49883c000 JavaThread "Unconstrained build operations Thread 34" [_thread_blocked, id=8888, stack(0x00000014db300000,0x00000014db400000)]
  0x000001c49883c800 JavaThread "Unconstrained build operations Thread 35" [_thread_blocked, id=5460, stack(0x00000014db400000,0x00000014db500000)]
  0x000001c49883d800 JavaThread "Unconstrained build operations Thread 36" [_thread_blocked, id=8292, stack(0x00000014db500000,0x00000014db600000)]
  0x000001c49883e000 JavaThread "Unconstrained build operations Thread 37" [_thread_blocked, id=8360, stack(0x00000014db600000,0x00000014db700000)]
  0x000001c49883f000 JavaThread "Unconstrained build operations Thread 38" [_thread_blocked, id=8940, stack(0x00000014dac00000,0x00000014dad00000)]
  0x000001c498840000 JavaThread "Unconstrained build operations Thread 39" [_thread_blocked, id=312, stack(0x00000014db700000,0x00000014db800000)]
  0x000001c49c89c800 JavaThread "Unconstrained build operations Thread 40" [_thread_blocked, id=9584, stack(0x00000014db800000,0x00000014db900000)]
  0x000001c49c89f000 JavaThread "build event listener" [_thread_blocked, id=9248, stack(0x00000014daf00000,0x00000014db000000)]
  0x000001c49c89b000 JavaThread "Execution worker for ':'" [_thread_blocked, id=8268, stack(0x00000014db000000,0x00000014db100000)]
  0x000001c49c89d800 JavaThread "Execution worker for ':' Thread 2" [_thread_blocked, id=2100, stack(0x00000014db100000,0x00000014db200000)]
  0x000001c49c89e800 JavaThread "Execution worker for ':' Thread 3" [_thread_blocked, id=5956, stack(0x00000014db900000,0x00000014dba00000)]
  0x000001c49c899800 JavaThread "Cache worker for execution history cache (C:\KOD\ReactNative\InstagramCloneApp\android\.gradle\7.3.3\executionHistory)" [_thread_blocked, id=8392, stack(0x00000014dba00000,0x00000014dbb00000)]

Other Threads:
  0x000001c4ffebb800 VMThread "VM Thread" [stack: 0x00000014d6000000,0x00000014d6100000] [id=9180]
  0x000001c495a7c800 WatcherThread [stack: 0x00000014d6a00000,0x00000014d6b00000] [id=2660]
  0x000001c4f66b9000 GCTaskThread "GC Thread#0" [stack: 0x00000014d5b00000,0x00000014d5c00000] [id=6344]
  0x000001c495cda800 GCTaskThread "GC Thread#1" [stack: 0x00000014d6c00000,0x00000014d6d00000] [id=9324]
  0x000001c495d39800 GCTaskThread "GC Thread#2" [stack: 0x00000014d6d00000,0x00000014d6e00000] [id=5384]
  0x000001c4960ff800 GCTaskThread "GC Thread#3" [stack: 0x00000014d7700000,0x00000014d7800000] [id=9600]
  0x000001c4f66ea000 ConcurrentGCThread "G1 Main Marker" [stack: 0x00000014d5c00000,0x00000014d5d00000] [id=6596]
=>0x000001c4f66eb800 ConcurrentGCThread "G1 Conc#0" [stack: 0x00000014d5d00000,0x00000014d5e00000] [id=7488]
  0x000001c4f6779800 ConcurrentGCThread "G1 Refine#0" [stack: 0x00000014d5e00000,0x00000014d5f00000] [id=6292]
  0x000001c4f677a800 ConcurrentGCThread "G1 Young RemSet Sampling" [stack: 0x00000014d5f00000,0x00000014d6000000] [id=3524]

Threads with active compile tasks:

VM state:not at safepoint (normal execution)

VM Mutex/Monitor currently owned by a thread: None

Heap address: 0x0000000080000000, size: 2048 MB, Compressed Oops mode: 32-bit
Narrow klass base: 0x0000000000000000, Narrow klass shift: 3
Compressed class space size: 528482304 Address: 0x0000000100000000

Heap:
 garbage-first heap   total 227328K, used 160708K [0x0000000080000000, 0x0000000100000000)
  region size 1024K, 9 young (9216K), 4 survivors (4096K)
 Metaspace       used 108891K, capacity 113623K, committed 113872K, reserved 614400K
  class space    used 14149K, capacity 15927K, committed 16000K, reserved 516096K
Heap Regions: E=young(eden), S=young(survivor), O=old, HS=humongous(starts), HC=humongous(continues), CS=collection set, F=free, A=archive, TAMS=top-at-mark-start (previous, next)
|   0|0x0000000080000000, 0x0000000080100000, 0x0000000080100000|100%| O|  |TAMS 0x0000000080100000, 0x0000000080100000| Untracked 
|   1|0x0000000080100000, 0x0000000080200000, 0x0000000080200000|100%| O|  |TAMS 0x0000000080200000, 0x0000000080200000| Untracked 
|   2|0x0000000080200000, 0x0000000080300000, 0x0000000080300000|100%| O|  |TAMS 0x0000000080300000, 0x0000000080300000| Untracked 
|   3|0x0000000080300000, 0x0000000080400000, 0x0000000080400000|100%|HS|  |TAMS 0x0000000080400000, 0x0000000080400000| Complete 
|   4|0x0000000080400000, 0x0000000080500000, 0x0000000080500000|100%|HC|  |TAMS 0x0000000080500000, 0x0000000080500000| Complete 
|   5|0x0000000080500000, 0x0000000080600000, 0x0000000080600000|100%|HC|  |TAMS 0x0000000080600000, 0x0000000080600000| Complete 
|   6|0x0000000080600000, 0x0000000080700000, 0x0000000080700000|100%| O|  |TAMS 0x0000000080700000, 0x0000000080700000| Untracked 
|   7|0x0000000080700000, 0x0000000080800000, 0x0000000080800000|100%| O|  |TAMS 0x0000000080800000, 0x0000000080800000| Untracked 
|   8|0x0000000080800000, 0x0000000080900000, 0x0000000080900000|100%| O|  |TAMS 0x0000000080900000, 0x0000000080900000| Untracked 
|   9|0x0000000080900000, 0x0000000080a00000, 0x0000000080a00000|100%| O|  |TAMS 0x0000000080a00000, 0x0000000080a00000| Untracked 
|  10|0x0000000080a00000, 0x0000000080b00000, 0x0000000080b00000|100%| O|  |TAMS 0x0000000080b00000, 0x0000000080b00000| Untracked 
|  11|0x0000000080b00000, 0x0000000080c00000, 0x0000000080c00000|100%| O|  |TAMS 0x0000000080c00000, 0x0000000080c00000| Untracked 
|  12|0x0000000080c00000, 0x0000000080d00000, 0x0000000080d00000|100%| O|  |TAMS 0x0000000080d00000, 0x0000000080d00000| Untracked 
|  13|0x0000000080d00000, 0x0000000080e00000, 0x0000000080e00000|100%| O|  |TAMS 0x0000000080e00000, 0x0000000080e00000| Untracked 
|  14|0x0000000080e00000, 0x0000000080f00000, 0x0000000080f00000|100%| O|  |TAMS 0x0000000080f00000, 0x0000000080f00000| Untracked 
|  15|0x0000000080f00000, 0x0000000081000000, 0x0000000081000000|100%| O|  |TAMS 0x0000000081000000, 0x0000000081000000| Untracked 
|  16|0x0000000081000000, 0x0000000081100000, 0x0000000081100000|100%|HS|  |TAMS 0x0000000081100000, 0x0000000081100000| Complete 
|  17|0x0000000081100000, 0x0000000081200000, 0x0000000081200000|100%| O|  |TAMS 0x0000000081200000, 0x0000000081200000| Untracked 
|  18|0x0000000081200000, 0x0000000081300000, 0x0000000081300000|100%| O|  |TAMS 0x0000000081300000, 0x0000000081300000| Untracked 
|  19|0x0000000081300000, 0x0000000081400000, 0x0000000081400000|100%| O|  |TAMS 0x0000000081400000, 0x0000000081400000| Untracked 
|  20|0x0000000081400000, 0x0000000081500000, 0x0000000081500000|100%| O|  |TAMS 0x0000000081500000, 0x0000000081500000| Untracked 
|  21|0x0000000081500000, 0x0000000081600000, 0x0000000081600000|100%| O|  |TAMS 0x0000000081600000, 0x0000000081600000| Untracked 
|  22|0x0000000081600000, 0x0000000081700000, 0x0000000081700000|100%| O|  |TAMS 0x0000000081700000, 0x0000000081700000| Untracked 
|  23|0x0000000081700000, 0x0000000081800000, 0x0000000081800000|100%| O|  |TAMS 0x0000000081800000, 0x0000000081800000| Untracked 
|  24|0x0000000081800000, 0x0000000081900000, 0x0000000081900000|100%| O|  |TAMS 0x0000000081900000, 0x0000000081900000| Untracked 
|  25|0x0000000081900000, 0x0000000081a00000, 0x0000000081a00000|100%| O|  |TAMS 0x0000000081a00000, 0x0000000081a00000| Untracked 
|  26|0x0000000081a00000, 0x0000000081b00000, 0x0000000081b00000|100%| O|  |TAMS 0x0000000081b00000, 0x0000000081b00000| Untracked 
|  27|0x0000000081b00000, 0x0000000081c00000, 0x0000000081c00000|100%| O|  |TAMS 0x0000000081c00000, 0x0000000081c00000| Untracked 
|  28|0x0000000081c00000, 0x0000000081d00000, 0x0000000081d00000|100%|HS|  |TAMS 0x0000000081d00000, 0x0000000081d00000| Complete 
|  29|0x0000000081d00000, 0x0000000081e00000, 0x0000000081e00000|100%|HC|  |TAMS 0x0000000081e00000, 0x0000000081e00000| Complete 
|  30|0x0000000081e00000, 0x0000000081f00000, 0x0000000081f00000|100%|HC|  |TAMS 0x0000000081f00000, 0x0000000081f00000| Complete 
|  31|0x0000000081f00000, 0x0000000082000000, 0x0000000082000000|100%| O|  |TAMS 0x0000000082000000, 0x0000000082000000| Untracked 
|  32|0x0000000082000000, 0x0000000082100000, 0x0000000082100000|100%| O|  |TAMS 0x0000000082100000, 0x0000000082100000| Untracked 
|  33|0x0000000082100000, 0x0000000082200000, 0x0000000082200000|100%| O|  |TAMS 0x0000000082200000, 0x0000000082200000| Untracked 
|  34|0x0000000082200000, 0x0000000082300000, 0x0000000082300000|100%| O|  |TAMS 0x0000000082300000, 0x0000000082300000| Untracked 
|  35|0x0000000082300000, 0x0000000082400000, 0x0000000082400000|100%| O|  |TAMS 0x0000000082400000, 0x0000000082400000| Untracked 
|  36|0x0000000082400000, 0x0000000082500000, 0x0000000082500000|100%| O|  |TAMS 0x0000000082500000, 0x0000000082500000| Untracked 
|  37|0x0000000082500000, 0x0000000082600000, 0x0000000082600000|100%| O|  |TAMS 0x0000000082600000, 0x0000000082600000| Untracked 
|  38|0x0000000082600000, 0x0000000082700000, 0x0000000082700000|100%| O|  |TAMS 0x0000000082700000, 0x0000000082700000| Untracked 
|  39|0x0000000082700000, 0x0000000082800000, 0x0000000082800000|100%| O|  |TAMS 0x0000000082800000, 0x0000000082800000| Untracked 
|  40|0x0000000082800000, 0x0000000082900000, 0x0000000082900000|100%| O|  |TAMS 0x0000000082900000, 0x0000000082900000| Untracked 
|  41|0x0000000082900000, 0x0000000082a00000, 0x0000000082a00000|100%| O|  |TAMS 0x0000000082a00000, 0x0000000082a00000| Untracked 
|  42|0x0000000082a00000, 0x0000000082b00000, 0x0000000082b00000|100%| O|  |TAMS 0x0000000082b00000, 0x0000000082b00000| Untracked 
|  43|0x0000000082b00000, 0x0000000082c00000, 0x0000000082c00000|100%| O|  |TAMS 0x0000000082c00000, 0x0000000082c00000| Untracked 
|  44|0x0000000082c00000, 0x0000000082d00000, 0x0000000082d00000|100%|HS|  |TAMS 0x0000000082d00000, 0x0000000082d00000| Complete 
|  45|0x0000000082d00000, 0x0000000082e00000, 0x0000000082e00000|100%|HS|  |TAMS 0x0000000082e00000, 0x0000000082e00000| Complete 
|  46|0x0000000082e00000, 0x0000000082f00000, 0x0000000082f00000|100%|HS|  |TAMS 0x0000000082f00000, 0x0000000082f00000| Complete 
|  47|0x0000000082f00000, 0x0000000083000000, 0x0000000083000000|100%|HS|  |TAMS 0x0000000083000000, 0x0000000083000000| Complete 
|  48|0x0000000083000000, 0x0000000083100000, 0x0000000083100000|100%|HC|  |TAMS 0x0000000083100000, 0x0000000083100000| Complete 
|  49|0x0000000083100000, 0x0000000083200000, 0x0000000083200000|100%| O|  |TAMS 0x0000000083200000, 0x0000000083200000| Untracked 
|  50|0x0000000083200000, 0x0000000083300000, 0x0000000083300000|100%| O|  |TAMS 0x0000000083300000, 0x0000000083300000| Untracked 
|  51|0x0000000083300000, 0x0000000083400000, 0x0000000083400000|100%| O|  |TAMS 0x0000000083400000, 0x0000000083400000| Untracked 
|  52|0x0000000083400000, 0x0000000083500000, 0x0000000083500000|100%| O|  |TAMS 0x0000000083500000, 0x0000000083500000| Untracked 
|  53|0x0000000083500000, 0x0000000083600000, 0x0000000083600000|100%| O|  |TAMS 0x0000000083600000, 0x0000000083600000| Untracked 
|  54|0x0000000083600000, 0x0000000083700000, 0x0000000083700000|100%| O|  |TAMS 0x0000000083700000, 0x0000000083700000| Untracked 
|  55|0x0000000083700000, 0x0000000083800000, 0x0000000083800000|100%| O|  |TAMS 0x0000000083800000, 0x0000000083800000| Untracked 
|  56|0x0000000083800000, 0x0000000083900000, 0x0000000083900000|100%| O|  |TAMS 0x0000000083900000, 0x0000000083900000| Untracked 
|  57|0x0000000083900000, 0x0000000083a00000, 0x0000000083a00000|100%| O|  |TAMS 0x0000000083a00000, 0x0000000083a00000| Untracked 
|  58|0x0000000083a00000, 0x0000000083b00000, 0x0000000083b00000|100%| O|  |TAMS 0x0000000083b00000, 0x0000000083b00000| Untracked 
|  59|0x0000000083b00000, 0x0000000083c00000, 0x0000000083c00000|100%| O|  |TAMS 0x0000000083c00000, 0x0000000083c00000| Untracked 
|  60|0x0000000083c00000, 0x0000000083d00000, 0x0000000083d00000|100%| O|  |TAMS 0x0000000083d00000, 0x0000000083d00000| Untracked 
|  61|0x0000000083d00000, 0x0000000083e00000, 0x0000000083e00000|100%| O|  |TAMS 0x0000000083e00000, 0x0000000083e00000| Untracked 
|  62|0x0000000083e00000, 0x0000000083f00000, 0x0000000083f00000|100%| O|  |TAMS 0x0000000083f00000, 0x0000000083f00000| Untracked 
|  63|0x0000000083f00000, 0x0000000084000000, 0x0000000084000000|100%| O|  |TAMS 0x0000000084000000, 0x0000000084000000| Untracked 
|  64|0x0000000084000000, 0x0000000084100000, 0x0000000084100000|100%| O|  |TAMS 0x0000000084100000, 0x0000000084100000| Untracked 
|  65|0x0000000084100000, 0x0000000084200000, 0x0000000084200000|100%| O|  |TAMS 0x0000000084200000, 0x0000000084200000| Untracked 
|  66|0x0000000084200000, 0x0000000084300000, 0x0000000084300000|100%| O|  |TAMS 0x0000000084300000, 0x0000000084300000| Untracked 
|  67|0x0000000084300000, 0x0000000084400000, 0x0000000084400000|100%| O|  |TAMS 0x0000000084400000, 0x0000000084400000| Untracked 
|  68|0x0000000084400000, 0x0000000084500000, 0x0000000084500000|100%| O|  |TAMS 0x0000000084500000, 0x0000000084500000| Untracked 
|  69|0x0000000084500000, 0x0000000084600000, 0x0000000084600000|100%| O|  |TAMS 0x0000000084600000, 0x0000000084600000| Untracked 
|  70|0x0000000084600000, 0x0000000084700000, 0x0000000084700000|100%| O|  |TAMS 0x0000000084700000, 0x0000000084700000| Untracked 
|  71|0x0000000084700000, 0x0000000084800000, 0x0000000084800000|100%| O|  |TAMS 0x0000000084800000, 0x0000000084800000| Untracked 
|  72|0x0000000084800000, 0x0000000084900000, 0x0000000084900000|100%| O|  |TAMS 0x0000000084900000, 0x0000000084900000| Untracked 
|  73|0x0000000084900000, 0x0000000084a00000, 0x0000000084a00000|100%| O|  |TAMS 0x0000000084a00000, 0x0000000084a00000| Untracked 
|  74|0x0000000084a00000, 0x0000000084b00000, 0x0000000084b00000|100%| O|  |TAMS 0x0000000084b00000, 0x0000000084b00000| Untracked 
|  75|0x0000000084b00000, 0x0000000084c00000, 0x0000000084c00000|100%| O|  |TAMS 0x0000000084c00000, 0x0000000084c00000| Untracked 
|  76|0x0000000084c00000, 0x0000000084d00000, 0x0000000084d00000|100%| O|  |TAMS 0x0000000084d00000, 0x0000000084d00000| Untracked 
|  77|0x0000000084d00000, 0x0000000084e00000, 0x0000000084e00000|100%| O|  |TAMS 0x0000000084e00000, 0x0000000084e00000| Untracked 
|  78|0x0000000084e00000, 0x0000000084f00000, 0x0000000084f00000|100%| O|  |TAMS 0x0000000084f00000, 0x0000000084f00000| Untracked 
|  79|0x0000000084f00000, 0x0000000085000000, 0x0000000085000000|100%| O|  |TAMS 0x0000000085000000, 0x0000000085000000| Untracked 
|  80|0x0000000085000000, 0x0000000085100000, 0x0000000085100000|100%| O|  |TAMS 0x0000000085100000, 0x0000000085100000| Untracked 
|  81|0x0000000085100000, 0x0000000085200000, 0x0000000085200000|100%| O|  |TAMS 0x0000000085200000, 0x0000000085200000| Untracked 
|  82|0x0000000085200000, 0x0000000085300000, 0x0000000085300000|100%| O|  |TAMS 0x0000000085300000, 0x0000000085300000| Untracked 
|  83|0x0000000085300000, 0x0000000085400000, 0x0000000085400000|100%| O|  |TAMS 0x0000000085400000, 0x0000000085400000| Untracked 
|  84|0x0000000085400000, 0x0000000085500000, 0x0000000085500000|100%| O|  |TAMS 0x0000000085500000, 0x0000000085500000| Untracked 
|  85|0x0000000085500000, 0x0000000085600000, 0x0000000085600000|100%| O|  |TAMS 0x0000000085600000, 0x0000000085600000| Untracked 
|  86|0x0000000085600000, 0x0000000085700000, 0x0000000085700000|100%| O|  |TAMS 0x0000000085700000, 0x0000000085700000| Untracked 
|  87|0x0000000085700000, 0x0000000085800000, 0x0000000085800000|100%| O|  |TAMS 0x0000000085800000, 0x0000000085800000| Untracked 
|  88|0x0000000085800000, 0x0000000085900000, 0x0000000085900000|100%| O|  |TAMS 0x0000000085900000, 0x0000000085900000| Untracked 
|  89|0x0000000085900000, 0x0000000085a00000, 0x0000000085a00000|100%| O|  |TAMS 0x0000000085a00000, 0x0000000085a00000| Untracked 
|  90|0x0000000085a00000, 0x0000000085b00000, 0x0000000085b00000|100%| O|  |TAMS 0x0000000085b00000, 0x0000000085b00000| Untracked 
|  91|0x0000000085b00000, 0x0000000085c00000, 0x0000000085c00000|100%| O|  |TAMS 0x0000000085c00000, 0x0000000085c00000| Untracked 
|  92|0x0000000085c00000, 0x0000000085d00000, 0x0000000085d00000|100%| O|  |TAMS 0x0000000085d00000, 0x0000000085d00000| Untracked 
|  93|0x0000000085d00000, 0x0000000085e00000, 0x0000000085e00000|100%| O|  |TAMS 0x0000000085e00000, 0x0000000085e00000| Untracked 
|  94|0x0000000085e00000, 0x0000000085f00000, 0x0000000085f00000|100%| O|  |TAMS 0x0000000085f00000, 0x0000000085f00000| Untracked 
|  95|0x0000000085f00000, 0x0000000086000000, 0x0000000086000000|100%| O|  |TAMS 0x0000000086000000, 0x0000000086000000| Untracked 
|  96|0x0000000086000000, 0x0000000086100000, 0x0000000086100000|100%| O|  |TAMS 0x0000000086100000, 0x0000000086100000| Untracked 
|  97|0x0000000086100000, 0x0000000086200000, 0x0000000086200000|100%| O|  |TAMS 0x0000000086200000, 0x0000000086200000| Untracked 
|  98|0x0000000086200000, 0x0000000086300000, 0x0000000086300000|100%| O|  |TAMS 0x0000000086300000, 0x0000000086300000| Untracked 
|  99|0x0000000086300000, 0x0000000086400000, 0x0000000086400000|100%| O|  |TAMS 0x0000000086400000, 0x0000000086400000| Untracked 
| 100|0x0000000086400000, 0x0000000086500000, 0x0000000086500000|100%| O|  |TAMS 0x0000000086500000, 0x0000000086500000| Untracked 
| 101|0x0000000086500000, 0x0000000086600000, 0x0000000086600000|100%| O|  |TAMS 0x0000000086600000, 0x0000000086600000| Untracked 
| 102|0x0000000086600000, 0x0000000086700000, 0x0000000086700000|100%| O|  |TAMS 0x0000000086700000, 0x0000000086700000| Untracked 
| 103|0x0000000086700000, 0x0000000086800000, 0x0000000086800000|100%| O|  |TAMS 0x0000000086800000, 0x0000000086800000| Untracked 
| 104|0x0000000086800000, 0x0000000086900000, 0x0000000086900000|100%| O|  |TAMS 0x0000000086900000, 0x0000000086900000| Untracked 
| 105|0x0000000086900000, 0x0000000086a00000, 0x0000000086a00000|100%| O|  |TAMS 0x0000000086a00000, 0x0000000086a00000| Untracked 
| 106|0x0000000086a00000, 0x0000000086b00000, 0x0000000086b00000|100%|HS|  |TAMS 0x0000000086b00000, 0x0000000086b00000| Complete 
| 107|0x0000000086b00000, 0x0000000086c00000, 0x0000000086c00000|100%|HS|  |TAMS 0x0000000086c00000, 0x0000000086c00000| Complete 
| 108|0x0000000086c00000, 0x0000000086d00000, 0x0000000086d00000|100%| O|  |TAMS 0x0000000086d00000, 0x0000000086d00000| Untracked 
| 109|0x0000000086d00000, 0x0000000086e00000, 0x0000000086e00000|100%|HS|  |TAMS 0x0000000086e00000, 0x0000000086e00000| Complete 
| 110|0x0000000086e00000, 0x0000000086f00000, 0x0000000086f00000|100%|HC|  |TAMS 0x0000000086f00000, 0x0000000086f00000| Complete 
| 111|0x0000000086f00000, 0x0000000087000000, 0x0000000087000000|100%|HC|  |TAMS 0x0000000087000000, 0x0000000087000000| Complete 
| 112|0x0000000087000000, 0x0000000087100000, 0x0000000087100000|100%| O|  |TAMS 0x0000000087100000, 0x0000000087100000| Untracked 
| 113|0x0000000087100000, 0x0000000087200000, 0x0000000087200000|100%| O|  |TAMS 0x0000000087200000, 0x0000000087200000| Untracked 
| 114|0x0000000087200000, 0x0000000087300000, 0x0000000087300000|100%| O|  |TAMS 0x0000000087300000, 0x0000000087300000| Untracked 
| 115|0x0000000087300000, 0x0000000087400000, 0x0000000087400000|100%| O|  |TAMS 0x0000000087400000, 0x0000000087400000| Untracked 
| 116|0x0000000087400000, 0x0000000087500000, 0x0000000087500000|100%| O|  |TAMS 0x0000000087500000, 0x0000000087500000| Untracked 
| 117|0x0000000087500000, 0x0000000087600000, 0x0000000087600000|100%| O|  |TAMS 0x0000000087600000, 0x0000000087600000| Untracked 
| 118|0x0000000087600000, 0x0000000087700000, 0x0000000087700000|100%| O|  |TAMS 0x0000000087700000, 0x0000000087700000| Untracked 
| 119|0x0000000087700000, 0x0000000087800000, 0x0000000087800000|100%| O|  |TAMS 0x0000000087800000, 0x0000000087800000| Untracked 
| 120|0x0000000087800000, 0x0000000087900000, 0x0000000087900000|100%| O|  |TAMS 0x0000000087900000, 0x0000000087900000| Untracked 
| 121|0x0000000087900000, 0x0000000087a00000, 0x0000000087a00000|100%| O|  |TAMS 0x0000000087a00000, 0x0000000087a00000| Untracked 
| 122|0x0000000087a00000, 0x0000000087b00000, 0x0000000087b00000|100%| O|  |TAMS 0x0000000087b00000, 0x0000000087b00000| Untracked 
| 123|0x0000000087b00000, 0x0000000087c00000, 0x0000000087c00000|100%| O|  |TAMS 0x0000000087c00000, 0x0000000087c00000| Untracked 
| 124|0x0000000087c00000, 0x0000000087d00000, 0x0000000087d00000|100%| O|  |TAMS 0x0000000087d00000, 0x0000000087d00000| Untracked 
| 125|0x0000000087d00000, 0x0000000087e00000, 0x0000000087e00000|100%| O|  |TAMS 0x0000000087e00000, 0x0000000087e00000| Untracked 
| 126|0x0000000087e00000, 0x0000000087f00000, 0x0000000087f00000|100%| O|  |TAMS 0x0000000087f00000, 0x0000000087f00000| Untracked 
| 127|0x0000000087f00000, 0x0000000088000000, 0x0000000088000000|100%| O|  |TAMS 0x0000000088000000, 0x0000000088000000| Untracked 
| 128|0x0000000088000000, 0x0000000088100000, 0x0000000088100000|100%| O|  |TAMS 0x0000000088100000, 0x0000000088100000| Untracked 
| 129|0x0000000088100000, 0x0000000088200000, 0x0000000088200000|100%| O|  |TAMS 0x0000000088200000, 0x0000000088200000| Untracked 
| 130|0x0000000088200000, 0x0000000088300000, 0x0000000088300000|100%| O|  |TAMS 0x0000000088300000, 0x0000000088300000| Untracked 
| 131|0x0000000088300000, 0x0000000088400000, 0x0000000088400000|100%| O|  |TAMS 0x0000000088400000, 0x0000000088400000| Untracked 
| 132|0x0000000088400000, 0x0000000088500000, 0x0000000088500000|100%| O|  |TAMS 0x0000000088500000, 0x0000000088500000| Untracked 
| 133|0x0000000088500000, 0x0000000088600000, 0x0000000088600000|100%| O|  |TAMS 0x0000000088600000, 0x0000000088600000| Untracked 
| 134|0x0000000088600000, 0x0000000088700000, 0x0000000088700000|100%| O|  |TAMS 0x0000000088700000, 0x0000000088700000| Untracked 
| 135|0x0000000088700000, 0x0000000088800000, 0x0000000088800000|100%| O|  |TAMS 0x0000000088800000, 0x0000000088800000| Untracked 
| 136|0x0000000088800000, 0x0000000088900000, 0x0000000088900000|100%| O|  |TAMS 0x0000000088900000, 0x0000000088900000| Untracked 
| 137|0x0000000088900000, 0x0000000088a00000, 0x0000000088a00000|100%| O|  |TAMS 0x0000000088a00000, 0x0000000088a00000| Untracked 
| 138|0x0000000088a00000, 0x0000000088b00000, 0x0000000088b00000|100%| O|  |TAMS 0x0000000088b00000, 0x0000000088b00000| Untracked 
| 139|0x0000000088b00000, 0x0000000088c00000, 0x0000000088c00000|100%| O|  |TAMS 0x0000000088c00000, 0x0000000088c00000| Untracked 
| 140|0x0000000088c00000, 0x0000000088d00000, 0x0000000088d00000|100%| O|  |TAMS 0x0000000088d00000, 0x0000000088d00000| Untracked 
| 141|0x0000000088d00000, 0x0000000088e00000, 0x0000000088e00000|100%| O|  |TAMS 0x0000000088e00000, 0x0000000088e00000| Untracked 
| 142|0x0000000088e00000, 0x0000000088f00000, 0x0000000088f00000|100%| O|  |TAMS 0x0000000088e6ea00, 0x0000000088f00000| Untracked 
| 143|0x0000000088f00000, 0x0000000089000000, 0x0000000089000000|100%| O|  |TAMS 0x0000000088f00000, 0x0000000089000000| Untracked 
| 144|0x0000000089000000, 0x0000000089100000, 0x0000000089100000|100%| O|  |TAMS 0x0000000089000000, 0x0000000089100000| Untracked 
| 145|0x0000000089100000, 0x0000000089200000, 0x0000000089200000|100%| O|  |TAMS 0x0000000089100000, 0x0000000089200000| Untracked 
| 146|0x0000000089200000, 0x0000000089300000, 0x0000000089300000|100%| O|  |TAMS 0x0000000089200000, 0x0000000089300000| Untracked 
| 147|0x0000000089300000, 0x0000000089400000, 0x0000000089400000|100%| O|  |TAMS 0x0000000089300000, 0x0000000089400000| Untracked 
| 148|0x0000000089400000, 0x0000000089500000, 0x0000000089500000|100%| O|  |TAMS 0x0000000089400000, 0x0000000089500000| Untracked 
| 149|0x0000000089500000, 0x0000000089600000, 0x0000000089600000|100%| O|  |TAMS 0x0000000089500000, 0x0000000089600000| Untracked 
| 150|0x0000000089600000, 0x00000000896c6800, 0x0000000089700000| 77%| O|  |TAMS 0x0000000089600000, 0x00000000896c6800| Untracked 
| 151|0x0000000089700000, 0x0000000089700000, 0x0000000089800000|  0%| F|  |TAMS 0x0000000089700000, 0x0000000089700000| Untracked 
| 152|0x0000000089800000, 0x0000000089800000, 0x0000000089900000|  0%| F|  |TAMS 0x0000000089800000, 0x0000000089800000| Untracked 
| 153|0x0000000089900000, 0x0000000089900000, 0x0000000089a00000|  0%| F|  |TAMS 0x0000000089900000, 0x0000000089900000| Untracked 
| 154|0x0000000089a00000, 0x0000000089a00000, 0x0000000089b00000|  0%| F|  |TAMS 0x0000000089a00000, 0x0000000089a00000| Untracked 
| 155|0x0000000089b00000, 0x0000000089b00000, 0x0000000089c00000|  0%| F|  |TAMS 0x0000000089b00000, 0x0000000089b00000| Untracked 
| 156|0x0000000089c00000, 0x0000000089c00000, 0x0000000089d00000|  0%| F|  |TAMS 0x0000000089c00000, 0x0000000089c00000| Untracked 
| 157|0x0000000089d00000, 0x0000000089d00000, 0x0000000089e00000|  0%| F|  |TAMS 0x0000000089d00000, 0x0000000089d00000| Untracked 
| 158|0x0000000089e00000, 0x0000000089e00000, 0x0000000089f00000|  0%| F|  |TAMS 0x0000000089e00000, 0x0000000089e00000| Untracked 
| 159|0x0000000089f00000, 0x0000000089f00000, 0x000000008a000000|  0%| F|  |TAMS 0x0000000089f00000, 0x0000000089f00000| Untracked 
| 160|0x000000008a000000, 0x000000008a000000, 0x000000008a100000|  0%| F|  |TAMS 0x000000008a000000, 0x000000008a000000| Untracked 
| 161|0x000000008a100000, 0x000000008a100000, 0x000000008a200000|  0%| F|  |TAMS 0x000000008a100000, 0x000000008a100000| Untracked 
| 162|0x000000008a200000, 0x000000008a200000, 0x000000008a300000|  0%| F|  |TAMS 0x000000008a200000, 0x000000008a200000| Untracked 
| 163|0x000000008a300000, 0x000000008a300000, 0x000000008a400000|  0%| F|  |TAMS 0x000000008a300000, 0x000000008a300000| Untracked 
| 164|0x000000008a400000, 0x000000008a400000, 0x000000008a500000|  0%| F|  |TAMS 0x000000008a400000, 0x000000008a400000| Untracked 
| 165|0x000000008a500000, 0x000000008a500000, 0x000000008a600000|  0%| F|  |TAMS 0x000000008a500000, 0x000000008a500000| Untracked 
| 166|0x000000008a600000, 0x000000008a600000, 0x000000008a700000|  0%| F|  |TAMS 0x000000008a600000, 0x000000008a600000| Untracked 
| 167|0x000000008a700000, 0x000000008a700000, 0x000000008a800000|  0%| F|  |TAMS 0x000000008a700000, 0x000000008a700000| Untracked 
| 168|0x000000008a800000, 0x000000008a800000, 0x000000008a900000|  0%| F|  |TAMS 0x000000008a800000, 0x000000008a800000| Untracked 
| 169|0x000000008a900000, 0x000000008a900000, 0x000000008aa00000|  0%| F|  |TAMS 0x000000008a900000, 0x000000008a900000| Untracked 
| 170|0x000000008aa00000, 0x000000008aa00000, 0x000000008ab00000|  0%| F|  |TAMS 0x000000008aa00000, 0x000000008aa00000| Untracked 
| 171|0x000000008ab00000, 0x000000008ab00000, 0x000000008ac00000|  0%| F|  |TAMS 0x000000008ab00000, 0x000000008ab00000| Untracked 
| 172|0x000000008ac00000, 0x000000008ac00000, 0x000000008ad00000|  0%| F|  |TAMS 0x000000008ac00000, 0x000000008ac00000| Untracked 
| 173|0x000000008ad00000, 0x000000008ad00000, 0x000000008ae00000|  0%| F|  |TAMS 0x000000008ad00000, 0x000000008ad00000| Untracked 
| 174|0x000000008ae00000, 0x000000008ae00000, 0x000000008af00000|  0%| F|  |TAMS 0x000000008ae00000, 0x000000008ae00000| Untracked 
| 175|0x000000008af00000, 0x000000008af00000, 0x000000008b000000|  0%| F|  |TAMS 0x000000008af00000, 0x000000008af00000| Untracked 
| 176|0x000000008b000000, 0x000000008b000000, 0x000000008b100000|  0%| F|  |TAMS 0x000000008b000000, 0x000000008b000000| Untracked 
| 177|0x000000008b100000, 0x000000008b100000, 0x000000008b200000|  0%| F|  |TAMS 0x000000008b100000, 0x000000008b100000| Untracked 
| 178|0x000000008b200000, 0x000000008b200000, 0x000000008b300000|  0%| F|  |TAMS 0x000000008b200000, 0x000000008b200000| Untracked 
| 179|0x000000008b300000, 0x000000008b300000, 0x000000008b400000|  0%| F|  |TAMS 0x000000008b300000, 0x000000008b300000| Untracked 
| 180|0x000000008b400000, 0x000000008b400000, 0x000000008b500000|  0%| F|  |TAMS 0x000000008b400000, 0x000000008b400000| Untracked 
| 181|0x000000008b500000, 0x000000008b500000, 0x000000008b600000|  0%| F|  |TAMS 0x000000008b500000, 0x000000008b500000| Untracked 
| 182|0x000000008b600000, 0x000000008b600000, 0x000000008b700000|  0%| F|  |TAMS 0x000000008b600000, 0x000000008b600000| Untracked 
| 183|0x000000008b700000, 0x000000008b700000, 0x000000008b800000|  0%| F|  |TAMS 0x000000008b700000, 0x000000008b700000| Untracked 
| 184|0x000000008b800000, 0x000000008b800000, 0x000000008b900000|  0%| F|  |TAMS 0x000000008b800000, 0x000000008b800000| Untracked 
| 185|0x000000008b900000, 0x000000008b92ab80, 0x000000008ba00000| 16%| S|CS|TAMS 0x000000008b900000, 0x000000008b900000| Complete 
| 186|0x000000008ba00000, 0x000000008bb00000, 0x000000008bb00000|100%| S|CS|TAMS 0x000000008ba00000, 0x000000008ba00000| Complete 
| 187|0x000000008bb00000, 0x000000008bc00000, 0x000000008bc00000|100%| S|CS|TAMS 0x000000008bb00000, 0x000000008bb00000| Complete 
| 188|0x000000008bc00000, 0x000000008bc00000, 0x000000008bd00000|  0%| F|  |TAMS 0x000000008bc00000, 0x000000008bc00000| Untracked 
| 189|0x000000008bd00000, 0x000000008bd00000, 0x000000008be00000|  0%| F|  |TAMS 0x000000008bd00000, 0x000000008bd00000| Untracked 
| 190|0x000000008be00000, 0x000000008be00000, 0x000000008bf00000|  0%| F|  |TAMS 0x000000008be00000, 0x000000008be00000| Untracked 
| 191|0x000000008bf00000, 0x000000008bf00000, 0x000000008c000000|  0%| F|  |TAMS 0x000000008bf00000, 0x000000008bf00000| Untracked 
| 192|0x000000008c000000, 0x000000008c100000, 0x000000008c100000|100%| S|CS|TAMS 0x000000008c000000, 0x000000008c000000| Complete 
| 193|0x000000008c100000, 0x000000008c100000, 0x000000008c200000|  0%| F|  |TAMS 0x000000008c100000, 0x000000008c100000| Untracked 
| 194|0x000000008c200000, 0x000000008c200000, 0x000000008c300000|  0%| F|  |TAMS 0x000000008c200000, 0x000000008c200000| Untracked 
| 195|0x000000008c300000, 0x000000008c300000, 0x000000008c400000|  0%| F|  |TAMS 0x000000008c300000, 0x000000008c300000| Untracked 
| 196|0x000000008c400000, 0x000000008c400000, 0x000000008c500000|  0%| F|  |TAMS 0x000000008c400000, 0x000000008c400000| Untracked 
| 197|0x000000008c500000, 0x000000008c500000, 0x000000008c600000|  0%| F|  |TAMS 0x000000008c500000, 0x000000008c500000| Untracked 
| 198|0x000000008c600000, 0x000000008c600000, 0x000000008c700000|  0%| F|  |TAMS 0x000000008c600000, 0x000000008c600000| Untracked 
| 199|0x000000008c700000, 0x000000008c700000, 0x000000008c800000|  0%| F|  |TAMS 0x000000008c700000, 0x000000008c700000| Untracked 
| 200|0x000000008c800000, 0x000000008c800000, 0x000000008c900000|  0%| F|  |TAMS 0x000000008c800000, 0x000000008c800000| Untracked 
| 201|0x000000008c900000, 0x000000008c900000, 0x000000008ca00000|  0%| F|  |TAMS 0x000000008c900000, 0x000000008c900000| Untracked 
| 202|0x000000008ca00000, 0x000000008ca00000, 0x000000008cb00000|  0%| F|  |TAMS 0x000000008ca00000, 0x000000008ca00000| Untracked 
| 203|0x000000008cb00000, 0x000000008cb00000, 0x000000008cc00000|  0%| F|  |TAMS 0x000000008cb00000, 0x000000008cb00000| Untracked 
| 204|0x000000008cc00000, 0x000000008cc00000, 0x000000008cd00000|  0%| F|  |TAMS 0x000000008cc00000, 0x000000008cc00000| Untracked 
| 205|0x000000008cd00000, 0x000000008cd00000, 0x000000008ce00000|  0%| F|  |TAMS 0x000000008cd00000, 0x000000008cd00000| Untracked 
| 206|0x000000008ce00000, 0x000000008ce00000, 0x000000008cf00000|  0%| F|  |TAMS 0x000000008ce00000, 0x000000008ce00000| Untracked 
| 207|0x000000008cf00000, 0x000000008cf00000, 0x000000008d000000|  0%| F|  |TAMS 0x000000008cf00000, 0x000000008cf00000| Untracked 
| 208|0x000000008d000000, 0x000000008d000000, 0x000000008d100000|  0%| F|  |TAMS 0x000000008d000000, 0x000000008d000000| Untracked 
| 209|0x000000008d100000, 0x000000008d100000, 0x000000008d200000|  0%| F|  |TAMS 0x000000008d100000, 0x000000008d100000| Untracked 
| 210|0x000000008d200000, 0x000000008d200000, 0x000000008d300000|  0%| F|  |TAMS 0x000000008d200000, 0x000000008d200000| Untracked 
| 211|0x000000008d300000, 0x000000008d300000, 0x000000008d400000|  0%| F|  |TAMS 0x000000008d300000, 0x000000008d300000| Untracked 
| 212|0x000000008d400000, 0x000000008d400000, 0x000000008d500000|  0%| F|  |TAMS 0x000000008d400000, 0x000000008d400000| Untracked 
| 213|0x000000008d500000, 0x000000008d500000, 0x000000008d600000|  0%| F|  |TAMS 0x000000008d500000, 0x000000008d500000| Untracked 
| 214|0x000000008d600000, 0x000000008d600000, 0x000000008d700000|  0%| F|  |TAMS 0x000000008d600000, 0x000000008d600000| Untracked 
| 215|0x000000008d700000, 0x000000008d700000, 0x000000008d800000|  0%| F|  |TAMS 0x000000008d700000, 0x000000008d700000| Untracked 
| 216|0x000000008d800000, 0x000000008d800000, 0x000000008d900000|  0%| F|  |TAMS 0x000000008d800000, 0x000000008d800000| Untracked 
| 217|0x000000008d900000, 0x000000008d9880d0, 0x000000008da00000| 53%| E|  |TAMS 0x000000008d900000, 0x000000008d900000| Complete 
| 218|0x000000008da00000, 0x000000008db00000, 0x000000008db00000|100%| E|  |TAMS 0x000000008da00000, 0x000000008da00000| Complete 
| 219|0x000000008db00000, 0x000000008dc00000, 0x000000008dc00000|100%| E|CS|TAMS 0x000000008db00000, 0x000000008db00000| Complete 
| 220|0x000000008dc00000, 0x000000008dd00000, 0x000000008dd00000|100%| E|CS|TAMS 0x000000008dc00000, 0x000000008dc00000| Complete 
| 221|0x000000008dd00000, 0x000000008de00000, 0x000000008de00000|100%| E|CS|TAMS 0x000000008dd00000, 0x000000008dd00000| Complete 

Card table byte_map: [0x000001c4ff200000,0x000001c4ff600000] _byte_map_base: 0x000001c4fee00000

Marking Bits (Prev, Next): (CMBitMap*) 0x000001c4f66e12e0, (CMBitMap*) 0x000001c4f66e12a8
 Prev Bits: [0x000001c491000000, 0x000001c493000000)
 Next Bits: [0x000001c48f000000, 0x000001c491000000)

Polling page: 0x000001c4f4640000

Metaspace:

Usage:
  Non-class:     95.41 MB capacity,    92.52 MB ( 97%) used,     2.56 MB (  3%) free+waste,   335.31 KB ( <1%) overhead. 
      Class:     15.55 MB capacity,    13.82 MB ( 89%) used,     1.58 MB ( 10%) free+waste,   158.69 KB ( <1%) overhead. 
       Both:    110.96 MB capacity,   106.34 MB ( 96%) used,     4.14 MB (  4%) free+waste,   494.00 KB ( <1%) overhead. 

Virtual space:
  Non-class space:       96.00 MB reserved,      95.58 MB (>99%) committed 
      Class space:      504.00 MB reserved,      15.63 MB (  3%) committed 
             Both:      600.00 MB reserved,     111.20 MB ( 19%) committed 

Chunk freelists:
   Non-Class:  0 bytes
       Class:  0 bytes
        Both:  0 bytes

MaxMetaspaceSize: 512.00 MB
CompressedClassSpaceSize: 504.00 MB
Initial GC threshold: 20.80 MB
Current GC threshold: 183.67 MB
CDS: off

CodeHeap 'non-profiled nmethods': size=120064Kb used=9327Kb max_used=9327Kb free=110736Kb
 bounds [0x000001c487ac0000, 0x000001c4883e0000, 0x000001c48f000000]
CodeHeap 'profiled nmethods': size=120000Kb used=31526Kb max_used=31526Kb free=88473Kb
 bounds [0x000001c480590000, 0x000001c482460000, 0x000001c487ac0000]
CodeHeap 'non-nmethods': size=5696Kb used=2396Kb max_used=2446Kb free=3299Kb
 bounds [0x000001c480000000, 0x000001c480270000, 0x000001c480590000]
 total_blobs=15250 nmethods=14329 adapters=832
 compilation: enabled
              stopped_count=0, restarted_count=0
 full_count=0

Compilation events (20 events):
Event: 122.702 Thread 0x000001c495902000 14413       4       java.util.stream.Collectors$$Lambda$62/0x0000000100139c40::get (8 bytes)
Event: 122.703 Thread 0x000001c495902000 nmethod 14413 0x000001c4883d3890 code [0x000001c4883d3a40, 0x000001c4883d3b98]
Event: 122.766 Thread 0x000001c495902000 14417       4       org.gradle.internal.serialize.AbstractDecoder::readBytes (9 bytes)
Event: 122.776 Thread 0x000001c495902000 nmethod 14417 0x000001c4883d3c90 code [0x000001c4883d3e60, 0x000001c4883d41f8]
Event: 122.780 Thread 0x000001c495902000 14418       4       com.google.common.util.concurrent.AbstractFuture::set (32 bytes)
Event: 122.788 Thread 0x000001c495902000 nmethod 14418 0x000001c4883d4490 code [0x000001c4883d4640, 0x000001c4883d4978]
Event: 122.796 Thread 0x000001c495903800 14419       3       com.google.common.collect.ImmutableMultimap$Builder::<init> (12 bytes)
Event: 122.797 Thread 0x000001c495903800 nmethod 14419 0x000001c48244d790 code [0x000001c48244d980, 0x000001c48244ddd8]
Event: 122.797 Thread 0x000001c495903800 14421       3       com.google.common.collect.ImmutableListMultimap::fromMapEntries (141 bytes)
Event: 122.799 Thread 0x000001c495903800 nmethod 14421 0x000001c48244df90 code [0x000001c48244e3e0, 0x000001c4824506f8]
Event: 122.799 Thread 0x000001c495903800 14420       3       com.google.common.collect.ImmutableMultimap$Builder::build (41 bytes)
Event: 122.799 Thread 0x000001c495903800 nmethod 14420 0x000001c482451210 code [0x000001c482451480, 0x000001c482452108]
Event: 122.851 Thread 0x000001c495902000 14422       4       java.nio.HeapByteBuffer::putInt (27 bytes)
Event: 122.899 Thread 0x000001c495902000 nmethod 14422 0x000001c4883d4b90 code [0x000001c4883d4d20, 0x000001c4883d4df8]
Event: 122.899 Thread 0x000001c495902000 14423       4       java.util.stream.Collectors$$Lambda$63/0x0000000100139040::accept (11 bytes)
Event: 122.910 Thread 0x000001c495902000 nmethod 14423 0x000001c4883d4f10 code [0x000001c4883d50c0, 0x000001c4883d5658]
Event: 122.929 Thread 0x000001c495903800 14424       3       java.lang.Thread::isInterrupted (6 bytes)
Event: 122.930 Thread 0x000001c495903800 nmethod 14424 0x000001c482452490 code [0x000001c482452640, 0x000001c482452788]
Event: 122.964 Thread 0x000001c495902000 14425       4       org.gradle.cache.internal.btree.BTreePersistentIndexedCache::load (40 bytes)
Event: 122.971 Thread 0x000001c495902000 nmethod 14425 0x000001c4883d5910 code [0x000001c4883d5ac0, 0x000001c4883d5de8]

GC Heap History (20 events):
Event: 116.572 GC heap before
{Heap before GC invocations=65 (full 0):
 garbage-first heap   total 189440K, used 145944K [0x0000000080000000, 0x0000000100000000)
  region size 1024K, 20 young (20480K), 2 survivors (2048K)
 Metaspace       used 103900K, capacity 108420K, committed 108624K, reserved 610304K
  class space    used 13629K, capacity 15300K, committed 15360K, reserved 516096K
}
Event: 116.578 GC heap after
{Heap after GC invocations=66 (full 0):
 garbage-first heap   total 189440K, used 130297K [0x0000000080000000, 0x0000000100000000)
  region size 1024K, 3 young (3072K), 3 survivors (3072K)
 Metaspace       used 103900K, capacity 108420K, committed 108624K, reserved 610304K
  class space    used 13629K, capacity 15300K, committed 15360K, reserved 516096K
}
Event: 116.909 GC heap before
{Heap before GC invocations=67 (full 0):
 garbage-first heap   total 189440K, used 148729K [0x0000000080000000, 0x0000000100000000)
  region size 1024K, 21 young (21504K), 3 survivors (3072K)
 Metaspace       used 104362K, capacity 108949K, committed 109136K, reserved 610304K
  class space    used 13669K, capacity 15336K, committed 15360K, reserved 516096K
}
Event: 116.920 GC heap after
{Heap after GC invocations=68 (full 0):
 garbage-first heap   total 189440K, used 135485K [0x0000000080000000, 0x0000000100000000)
  region size 1024K, 3 young (3072K), 3 survivors (3072K)
 Metaspace       used 104362K, capacity 108949K, committed 109136K, reserved 610304K
  class space    used 13669K, capacity 15336K, committed 15360K, reserved 516096K
}
Event: 118.156 GC heap before
{Heap before GC invocations=68 (full 0):
 garbage-first heap   total 189440K, used 152893K [0x0000000080000000, 0x0000000100000000)
  region size 1024K, 20 young (20480K), 3 survivors (3072K)
 Metaspace       used 105678K, capacity 110249K, committed 110288K, reserved 612352K
  class space    used 13784K, capacity 15488K, committed 15488K, reserved 516096K
}
Event: 118.162 GC heap after
{Heap after GC invocations=69 (full 0):
 garbage-first heap   total 189440K, used 138123K [0x0000000080000000, 0x0000000100000000)
  region size 1024K, 3 young (3072K), 3 survivors (3072K)
 Metaspace       used 105678K, capacity 110249K, committed 110288K, reserved 612352K
  class space    used 13784K, capacity 15488K, committed 15488K, reserved 516096K
}
Event: 118.463 GC heap before
{Heap before GC invocations=69 (full 0):
 garbage-first heap   total 189440K, used 154507K [0x0000000080000000, 0x0000000100000000)
  region size 1024K, 19 young (19456K), 3 survivors (3072K)
 Metaspace       used 105982K, capacity 110650K, committed 110928K, reserved 612352K
  class space    used 13805K, capacity 15529K, committed 15616K, reserved 516096K
}
Event: 118.469 GC heap after
{Heap after GC invocations=70 (full 0):
 garbage-first heap   total 189440K, used 140373K [0x0000000080000000, 0x0000000100000000)
  region size 1024K, 3 young (3072K), 3 survivors (3072K)
 Metaspace       used 105982K, capacity 110650K, committed 110928K, reserved 612352K
  class space    used 13805K, capacity 15529K, committed 15616K, reserved 516096K
}
Event: 118.637 GC heap before
{Heap before GC invocations=71 (full 0):
 garbage-first heap   total 189440K, used 156757K [0x0000000080000000, 0x0000000100000000)
  region size 1024K, 19 young (19456K), 3 survivors (3072K)
 Metaspace       used 106063K, capacity 110718K, committed 110928K, reserved 612352K
  class space    used 13806K, capacity 15529K, committed 15616K, reserved 516096K
}
Event: 118.643 GC heap after
{Heap after GC invocations=72 (full 0):
 garbage-first heap   total 189440K, used 142879K [0x0000000080000000, 0x0000000100000000)
  region size 1024K, 3 young (3072K), 3 survivors (3072K)
 Metaspace       used 106063K, capacity 110718K, committed 110928K, reserved 612352K
  class space    used 13806K, capacity 15529K, committed 15616K, reserved 516096K
}
Event: 118.828 GC heap before
{Heap before GC invocations=72 (full 0):
 garbage-first heap   total 189440K, used 159263K [0x0000000080000000, 0x0000000100000000)
  region size 1024K, 19 young (19456K), 3 survivors (3072K)
 Metaspace       used 106112K, capacity 110722K, committed 110928K, reserved 612352K
  class space    used 13806K, capacity 15529K, committed 15616K, reserved 516096K
}
Event: 118.833 GC heap after
{Heap after GC invocations=73 (full 0):
 garbage-first heap   total 227328K, used 145030K [0x0000000080000000, 0x0000000100000000)
  region size 1024K, 3 young (3072K), 3 survivors (3072K)
 Metaspace       used 106112K, capacity 110722K, committed 110928K, reserved 612352K
  class space    used 13806K, capacity 15529K, committed 15616K, reserved 516096K
}
Event: 119.318 GC heap before
{Heap before GC invocations=74 (full 0):
 garbage-first heap   total 227328K, used 174726K [0x0000000080000000, 0x0000000100000000)
  region size 1024K, 32 young (32768K), 3 survivors (3072K)
 Metaspace       used 106594K, capacity 111206K, committed 111440K, reserved 612352K
  class space    used 13846K, capacity 15561K, committed 15616K, reserved 516096K
}
Event: 119.327 GC heap after
{Heap after GC invocations=75 (full 0):
 garbage-first heap   total 227328K, used 148114K [0x0000000080000000, 0x0000000100000000)
  region size 1024K, 4 young (4096K), 4 survivors (4096K)
 Metaspace       used 106594K, capacity 111206K, committed 111440K, reserved 612352K
  class space    used 13846K, capacity 15561K, committed 15616K, reserved 516096K
}
Event: 119.774 GC heap before
{Heap before GC invocations=75 (full 0):
 garbage-first heap   total 227328K, used 178834K [0x0000000080000000, 0x0000000100000000)
  region size 1024K, 34 young (34816K), 4 survivors (4096K)
 Metaspace       used 107714K, capacity 112328K, committed 112592K, reserved 614400K
  class space    used 13977K, capacity 15694K, committed 15744K, reserved 516096K
}
Event: 119.798 GC heap after
{Heap after GC invocations=76 (full 0):
 garbage-first heap   total 227328K, used 150970K [0x0000000080000000, 0x0000000100000000)
  region size 1024K, 5 young (5120K), 5 survivors (5120K)
 Metaspace       used 107714K, capacity 112328K, committed 112592K, reserved 614400K
  class space    used 13977K, capacity 15694K, committed 15744K, reserved 516096K
}
Event: 120.356 GC heap before
{Heap before GC invocations=77 (full 0):
 garbage-first heap   total 227328K, used 181690K [0x0000000080000000, 0x0000000100000000)
  region size 1024K, 35 young (35840K), 5 survivors (5120K)
 Metaspace       used 108069K, capacity 112814K, committed 112976K, reserved 614400K
  class space    used 14028K, capacity 15747K, committed 15872K, reserved 516096K
}
Event: 120.365 GC heap after
{Heap after GC invocations=78 (full 0):
 garbage-first heap   total 227328K, used 154067K [0x0000000080000000, 0x0000000100000000)
  region size 1024K, 4 young (4096K), 4 survivors (4096K)
 Metaspace       used 108069K, capacity 112814K, committed 112976K, reserved 614400K
  class space    used 14028K, capacity 15747K, committed 15872K, reserved 516096K
}
Event: 122.446 GC heap before
{Heap before GC invocations=78 (full 0):
 garbage-first heap   total 227328K, used 182739K [0x0000000080000000, 0x0000000100000000)
  region size 1024K, 33 young (33792K), 4 survivors (4096K)
 Metaspace       used 108878K, capacity 113623K, committed 113872K, reserved 614400K
  class space    used 14149K, capacity 15927K, committed 16000K, reserved 516096K
}
Event: 122.452 GC heap after
{Heap after GC invocations=79 (full 0):
 garbage-first heap   total 227328K, used 157636K [0x0000000080000000, 0x0000000100000000)
  region size 1024K, 4 young (4096K), 4 survivors (4096K)
 Metaspace       used 108878K, capacity 113623K, committed 113872K, reserved 614400K
  class space    used 14149K, capacity 15927K, committed 16000K, reserved 516096K
}

Deoptimization events (20 events):
Event: 121.971 Thread 0x000001c49a1f1000 Uncommon trap: trap_request=0xffffffde fr.pc=0x000001c487f6aef0 relative=0x0000000000000d10
Event: 121.971 Thread 0x000001c499e3d000 Uncommon trap: trap_request=0xffffffde fr.pc=0x000001c487f6aef0 relative=0x0000000000000d10
Event: 121.971 Thread 0x000001c49a1f1000 Uncommon trap: reason=class_check action=maybe_recompile pc=0x000001c487f6aef0 method=org.gradle.internal.snapshot.SnapshotUtil$1.handleAsDescendantOfChild(Lorg/gradle/internal/snapshot/VfsRelativePath;Ljava/lang/Object;)Ljava/lang/Object; @ 3 c2
Event: 121.971 Thread 0x000001c499e3d000 Uncommon trap: reason=class_check action=maybe_recompile pc=0x000001c487f6aef0 method=org.gradle.internal.snapshot.SnapshotUtil$1.handleAsDescendantOfChild(Lorg/gradle/internal/snapshot/VfsRelativePath;Ljava/lang/Object;)Ljava/lang/Object; @ 3 c2
Event: 121.971 Thread 0x000001c49a1f1000 DEOPT PACKING pc=0x000001c487f6aef0 sp=0x00000014d9efd4a0
Event: 121.971 Thread 0x000001c499e3d000 DEOPT PACKING pc=0x000001c487f6aef0 sp=0x00000014d91fd470
Event: 121.971 Thread 0x000001c49a1f1000 DEOPT UNPACKING pc=0x000001c48004a1af sp=0x00000014d9efd410 mode 2
Event: 121.971 Thread 0x000001c499e3d000 DEOPT UNPACKING pc=0x000001c48004a1af sp=0x00000014d91fd3e0 mode 2
Event: 122.083 Thread 0x000001c499e3d000 Uncommon trap: trap_request=0xffffffde fr.pc=0x000001c487f6aef0 relative=0x0000000000000d10
Event: 122.083 Thread 0x000001c499e3d000 Uncommon trap: reason=class_check action=maybe_recompile pc=0x000001c487f6aef0 method=org.gradle.internal.snapshot.SnapshotUtil$1.handleAsDescendantOfChild(Lorg/gradle/internal/snapshot/VfsRelativePath;Ljava/lang/Object;)Ljava/lang/Object; @ 3 c2
Event: 122.083 Thread 0x000001c499e3d000 DEOPT PACKING pc=0x000001c487f6aef0 sp=0x00000014d91fbe30
Event: 122.083 Thread 0x000001c499e3d000 DEOPT UNPACKING pc=0x000001c48004a1af sp=0x00000014d91fbda0 mode 2
Event: 122.284 Thread 0x000001c499e36800 Uncommon trap: trap_request=0xffffffd6 fr.pc=0x000001c4883c74d0 relative=0x0000000000000710
Event: 122.284 Thread 0x000001c499e36800 Uncommon trap: reason=array_check action=maybe_recompile pc=0x000001c4883c74d0 method=java.util.TimSort.binarySort([Ljava/lang/Object;IIILjava/util/Comparator;)V @ 215 c2
Event: 122.284 Thread 0x000001c499e36800 DEOPT PACKING pc=0x000001c4883c74d0 sp=0x00000014d89fdbc0
Event: 122.284 Thread 0x000001c499e36800 DEOPT UNPACKING pc=0x000001c48004a1af sp=0x00000014d89fdb68 mode 2
Event: 122.292 Thread 0x000001c499e3d000 Uncommon trap: trap_request=0xffffffd6 fr.pc=0x000001c4883c74d0 relative=0x0000000000000710
Event: 122.292 Thread 0x000001c499e3d000 Uncommon trap: reason=array_check action=maybe_recompile pc=0x000001c4883c74d0 method=java.util.TimSort.binarySort([Ljava/lang/Object;IIILjava/util/Comparator;)V @ 215 c2
Event: 122.292 Thread 0x000001c499e3d000 DEOPT PACKING pc=0x000001c4883c74d0 sp=0x00000014d91fe040
Event: 122.292 Thread 0x000001c499e3d000 DEOPT UNPACKING pc=0x000001c48004a1af sp=0x00000014d91fdfe8 mode 2

Classes redefined (0 events):
No events

Internal exceptions (20 events):
Event: 120.053 Thread 0x000001c497115800 Exception <a 'java/lang/ClassNotFoundException'{0x000000008d2a4208}: org/gradle/api/internal/file/DefaultFilePropertyFactory$AbstractFileVarBeanInfo> (0x000000008d2a4208) thrown at [./src/hotspot/share/classfile/systemDictionary.cpp, line 230]
Event: 120.054 Thread 0x000001c497115800 Exception <a 'java/lang/ClassNotFoundException'{0x000000008d2bc900}: org/gradle/api/internal/provider/DefaultPropertyBeanInfo> (0x000000008d2bc900) thrown at [./src/hotspot/share/classfile/systemDictionary.cpp, line 230]
Event: 120.054 Thread 0x000001c497115800 Exception <a 'java/lang/ClassNotFoundException'{0x000000008d2d5058}: org/gradle/api/internal/provider/AbstractPropertyBeanInfo> (0x000000008d2d5058) thrown at [./src/hotspot/share/classfile/systemDictionary.cpp, line 230]
Event: 120.054 Thread 0x000001c497115800 Exception <a 'java/lang/ClassNotFoundException'{0x000000008d2ee780}: org/gradle/api/internal/provider/AbstractPropertyCustomizer> (0x000000008d2ee780) thrown at [./src/hotspot/share/classfile/systemDictionary.cpp, line 230]
Event: 120.056 Thread 0x000001c497115800 Exception <a 'java/lang/ClassNotFoundException'{0x000000008d1134b8}: org/gradle/api/internal/provider/DefaultPropertyCustomizer> (0x000000008d1134b8) thrown at [./src/hotspot/share/classfile/systemDictionary.cpp, line 230]
Event: 120.056 Thread 0x000001c497115800 Exception <a 'java/lang/ClassNotFoundException'{0x000000008d141ca8}: org/gradle/api/internal/file/DefaultFilePropertyFactory$AbstractFileVarCustomizer> (0x000000008d141ca8) thrown at [./src/hotspot/share/classfile/systemDictionary.cpp, line 230]
Event: 120.062 Thread 0x000001c497115800 Exception <a 'java/lang/ClassNotFoundException'{0x000000008d1913c0}: org/gradle/api/internal/file/DefaultFilePropertyFactory$DefaultDirectoryVarCustomizer> (0x000000008d1913c0) thrown at [./src/hotspot/share/classfile/systemDictionary.cpp, line 230]
Event: 120.145 Thread 0x000001c497115800 Exception <a 'java/lang/ClassNotFoundException'{0x000000008cf26118}: com/android/build/gradle/internal/api/ImmutableFlavorListBeanInfo> (0x000000008cf26118) thrown at [./src/hotspot/share/classfile/systemDictionary.cpp, line 230]
Event: 120.148 Thread 0x000001c497115800 Exception <a 'java/lang/ClassNotFoundException'{0x000000008cf41618}: com/android/build/gradle/internal/api/ImmutableFlavorListCustomizer> (0x000000008cf41618) thrown at [./src/hotspot/share/classfile/systemDictionary.cpp, line 230]
Event: 120.493 Thread 0x000001c497115800 Implicit null exception at 0x000001c4882589f9 to 0x000001c488259160
Event: 121.004 Thread 0x000001c497115800 Exception <a 'java/lang/NoSuchMethodError'{0x000000008cfbffb0}: 'void java.lang.invoke.DirectMethodHandle$Holder.invokeVirtual(java.lang.Object, java.lang.Object)'> (0x000000008cfbffb0) thrown at [./src/hotspot/share/interpreter/linkResolver.cpp, line 773]
Event: 121.179 Thread 0x000001c497115800 Exception <a 'java/lang/ClassNotFoundException'{0x000000008cda5258}: groovy/util/FileTreeBuilderBeanInfo> (0x000000008cda5258) thrown at [./src/hotspot/share/classfile/systemDictionary.cpp, line 230]
Event: 121.180 Thread 0x000001c497115800 Exception <a 'java/lang/ClassNotFoundException'{0x000000008cc1e4c0}: groovy/util/FileTreeBuilderCustomizer> (0x000000008cc1e4c0) thrown at [./src/hotspot/share/classfile/systemDictionary.cpp, line 230]
Event: 121.204 Thread 0x000001c497115800 Exception <a 'java/lang/ClassNotFoundException'{0x000000008cc6b958}: java/io/BufferedWriterBeanInfo> (0x000000008cc6b958) thrown at [./src/hotspot/share/classfile/systemDictionary.cpp, line 230]
Event: 121.205 Thread 0x000001c497115800 Exception <a 'java/lang/ClassNotFoundException'{0x000000008cc73e40}: java/io/WriterBeanInfo> (0x000000008cc73e40) thrown at [./src/hotspot/share/classfile/systemDictionary.cpp, line 230]
Event: 121.205 Thread 0x000001c497115800 Exception <a 'java/lang/ClassNotFoundException'{0x000000008cc7bda0}: java/io/WriterCustomizer> (0x000000008cc7bda0) thrown at [./src/hotspot/share/classfile/systemDictionary.cpp, line 230]
Event: 121.205 Thread 0x000001c497115800 Exception <a 'java/lang/ClassNotFoundException'{0x000000008cc8b940}: java/io/BufferedWriterCustomizer> (0x000000008cc8b940) thrown at [./src/hotspot/share/classfile/systemDictionary.cpp, line 230]
Event: 121.389 Thread 0x000001c497115800 Exception <a 'java/lang/NoSuchMethodError'{0x000000008c75af00}: <clinit>> (0x000000008c75af00) thrown at [./src/hotspot/share/prims/jni.cpp, line 1367]
Event: 121.523 Thread 0x000001c497115800 Exception <a 'java/lang/NoSuchMethodError'{0x000000008c52eb40}: 'void java.lang.invoke.DirectMethodHandle$Holder.invokeStatic(java.lang.Object, java.lang.Object, java.lang.Object, java.lang.Object, int, java.lang.Object, java.lang.Object)'> (0x000000008c52eb40) thrown at [./src/hotspot/share/interpreter/linkResolver.cpp, line 773]
Event: 121.547 Thread 0x000001c49a1f1000 Exception <a 'java/lang/NoSuchMethodError'{0x000000008c3485f8}: 'java.lang.Object java.lang.invoke.DirectMethodHandle$Holder.invokeSpecialIFC(java.lang.Object, java.lang.Object, java.lang.Object)'> (0x000000008c3485f8) thrown at [./src/hotspot/share/interpreter/linkResolver.cpp, line 773]

Events (20 events):
Event: 121.935 loading class org/gradle/internal/snapshot/VfsRelativePath done
Event: 122.206 loading class org/gradle/api/internal/artifacts/transform/TransformationResult$Builder$PartOfInputArtifact
Event: 122.206 loading class org/gradle/api/internal/artifacts/transform/TransformationResult$Builder$PartOfInputArtifact done
Event: 122.206 loading class org/gradle/api/internal/artifacts/transform/TransformationResult$Builder$ResolvingTransformationResult
Event: 122.206 loading class org/gradle/api/internal/artifacts/transform/TransformationResult$Builder$ResolvingTransformationResult done
Event: 122.206 loading class com/google/common/collect/ImmutableList$Builder
Event: 122.206 loading class com/google/common/collect/ImmutableList$Builder done
Event: 122.206 loading class org/gradle/api/internal/artifacts/transform/TransformationResult$Builder$TransformationOutput
Event: 122.206 loading class org/gradle/api/internal/artifacts/transform/TransformationResult$Builder$TransformationOutput done
Event: 122.206 loading class com/google/common/collect/ImmutableList$Builder
Event: 122.206 loading class com/google/common/collect/ImmutableList$Builder done
Event: 122.207 Executing VM operation: RevokeBias
Event: 122.207 Executing VM operation: RevokeBias done
Event: 122.445 Executing VM operation: G1CollectForAllocation
Event: 122.452 Executing VM operation: G1CollectForAllocation done
Event: 122.494 Executing VM operation: RevokeBias
Event: 122.494 Executing VM operation: RevokeBias done
Event: 122.669 Executing VM operation: RevokeBias
Event: 122.670 Executing VM operation: RevokeBias done
Event: 122.700 Executing VM operation: RevokeBias


Dynamic libraries:
0x00007ff797d00000 - 0x00007ff797d0d000 	C:\Program Files\OpenJDK\openjdk-11.0.16_8\bin\java.exe
0x00007ffc014f0000 - 0x00007ffc016e5000 	C:\Windows\SYSTEM32\ntdll.dll
0x00007ffc013f0000 - 0x00007ffc014ae000 	C:\Windows\System32\KERNEL32.DLL
0x00007ffbfed60000 - 0x00007ffbff029000 	C:\Windows\System32\KERNELBASE.dll
0x00007ffbff440000 - 0x00007ffbff540000 	C:\Windows\System32\ucrtbase.dll
0x00007ffbe7d50000 - 0x00007ffbe7d65000 	C:\Program Files\OpenJDK\openjdk-11.0.16_8\bin\VCRUNTIME140.dll
0x00007ffbe76f0000 - 0x00007ffbe7707000 	C:\Program Files\OpenJDK\openjdk-11.0.16_8\bin\jli.dll
0x00007ffc00ad0000 - 0x00007ffc00c71000 	C:\Windows\System32\USER32.dll
0x00007ffbfec40000 - 0x00007ffbfec62000 	C:\Windows\System32\win32u.dll
0x00007ffbfe010000 - 0x00007ffbfe2aa000 	C:\Windows\WinSxS\amd64_microsoft.windows.common-controls_6595b64144ccf1df_6.0.19041.1110_none_60b5254171f9507e\COMCTL32.dll
0x00007ffbff8b0000 - 0x00007ffbff8db000 	C:\Windows\System32\GDI32.dll
0x00007ffbff030000 - 0x00007ffbff13b000 	C:\Windows\System32\gdi32full.dll
0x00007ffbff540000 - 0x00007ffbff5de000 	C:\Windows\System32\msvcrt.dll
0x00007ffbfecc0000 - 0x00007ffbfed5d000 	C:\Windows\System32\msvcp_win.dll
0x00007ffc00c80000 - 0x00007ffc00cb0000 	C:\Windows\System32\IMM32.DLL
0x00007ffba1d60000 - 0x00007ffba1dfb000 	C:\Program Files\OpenJDK\openjdk-11.0.16_8\bin\msvcp140.dll
0x00007ffb906e0000 - 0x00007ffb911ee000 	C:\Program Files\OpenJDK\openjdk-11.0.16_8\bin\server\jvm.dll
0x00007ffbfff20000 - 0x00007ffbfffcc000 	C:\Windows\System32\ADVAPI32.dll
0x00007ffc00160000 - 0x00007ffc001fb000 	C:\Windows\System32\sechost.dll
0x00007ffbffd70000 - 0x00007ffbffe9a000 	C:\Windows\System32\RPCRT4.dll
0x00007ffbff5e0000 - 0x00007ffbff5e8000 	C:\Windows\System32\PSAPI.DLL
0x00007ffbec260000 - 0x00007ffbec269000 	C:\Windows\SYSTEM32\WSOCK32.dll
0x00007ffbf7910000 - 0x00007ffbf7937000 	C:\Windows\SYSTEM32\WINMM.dll
0x00007ffc00210000 - 0x00007ffc0027b000 	C:\Windows\System32\WS2_32.dll
0x00007ffbfbda0000 - 0x00007ffbfbdaa000 	C:\Windows\SYSTEM32\VERSION.dll
0x00007ffbfbd30000 - 0x00007ffbfbd42000 	C:\Windows\SYSTEM32\kernel.appcore.dll
0x00007ffbeb950000 - 0x00007ffbeb960000 	C:\Program Files\OpenJDK\openjdk-11.0.16_8\bin\verify.dll
0x00007ffbfe5b0000 - 0x00007ffbfe794000 	C:\Windows\SYSTEM32\DBGHELP.DLL
0x00007ffbfe580000 - 0x00007ffbfe5ac000 	C:\Windows\SYSTEM32\dbgcore.DLL
0x00007ffbff3b0000 - 0x00007ffbff433000 	C:\Windows\System32\bcryptPrimitives.dll
0x00007ffbe74c0000 - 0x00007ffbe74e8000 	C:\Program Files\OpenJDK\openjdk-11.0.16_8\bin\java.dll
0x00007ffbeb6d0000 - 0x00007ffbeb6da000 	C:\Program Files\OpenJDK\openjdk-11.0.16_8\bin\jimage.dll
0x00007ffbe76d0000 - 0x00007ffbe76e8000 	C:\Program Files\OpenJDK\openjdk-11.0.16_8\bin\zip.dll
0x00007ffc00cb0000 - 0x00007ffc013ef000 	C:\Windows\System32\SHELL32.dll
0x00007ffbfc6e0000 - 0x00007ffbfce70000 	C:\Windows\SYSTEM32\windows.storage.dll
0x00007ffbff8e0000 - 0x00007ffbffc35000 	C:\Windows\System32\combase.dll
0x00007ffbfdf70000 - 0x00007ffbfdf9c000 	C:\Windows\SYSTEM32\Wldp.dll
0x00007ffc00840000 - 0x00007ffc008ed000 	C:\Windows\System32\SHCORE.dll
0x00007ffc00360000 - 0x00007ffc003b5000 	C:\Windows\System32\shlwapi.dll
0x00007ffbfeb50000 - 0x00007ffbfeb6f000 	C:\Windows\SYSTEM32\profapi.dll
0x00007ffbe6f80000 - 0x00007ffbe6f99000 	C:\Program Files\OpenJDK\openjdk-11.0.16_8\bin\net.dll
0x00007ffbf9670000 - 0x00007ffbf9778000 	C:\Windows\SYSTEM32\WINHTTP.dll
0x00007ffbfdcd0000 - 0x00007ffbfdd3a000 	C:\Windows\system32\mswsock.dll
0x00007ffbe6830000 - 0x00007ffbe6843000 	C:\Program Files\OpenJDK\openjdk-11.0.16_8\bin\nio.dll
0x00007ffbe62e0000 - 0x00007ffbe6307000 	C:\Users\Metin\.gradle\native\e1d6ef7f7dcc3fd88c89a11ec53ec762bb8ba0a96d01ffa2cd45eb1d1d8dd5c5\windows-amd64\native-platform.dll
0x00007ffb90590000 - 0x00007ffb906d4000 	C:\Users\Metin\.gradle\native\5664cfc778a61ccfe75a443a1ab52a65af34e5dc3c78e0209fed803814484fcb\windows-amd64\native-platform-file-events.dll
0x00007ffbea8a0000 - 0x00007ffbea8a9000 	C:\Program Files\OpenJDK\openjdk-11.0.16_8\bin\management.dll
0x00007ffbe9fa0000 - 0x00007ffbe9fab000 	C:\Program Files\OpenJDK\openjdk-11.0.16_8\bin\management_ext.dll
0x00007ffbfe990000 - 0x00007ffbfe9a8000 	C:\Windows\SYSTEM32\CRYPTSP.dll
0x00007ffbfd610000 - 0x00007ffbfd644000 	C:\Windows\system32\rsaenh.dll
0x00007ffbfec10000 - 0x00007ffbfec37000 	C:\Windows\System32\bcrypt.dll
0x00007ffbfeb10000 - 0x00007ffbfeb3e000 	C:\Windows\SYSTEM32\USERENV.dll
0x00007ffbfdec0000 - 0x00007ffbfdecc000 	C:\Windows\SYSTEM32\CRYPTBASE.dll
0x00007ffbfd9c0000 - 0x00007ffbfd9fb000 	C:\Windows\SYSTEM32\IPHLPAPI.DLL
0x00007ffbffc40000 - 0x00007ffbffc48000 	C:\Windows\System32\NSI.dll
0x00007ffbf80c0000 - 0x00007ffbf80d7000 	C:\Windows\SYSTEM32\dhcpcsvc6.DLL
0x00007ffbf80a0000 - 0x00007ffbf80bd000 	C:\Windows\SYSTEM32\dhcpcsvc.DLL
0x00007ffbfda00000 - 0x00007ffbfdacc000 	C:\Windows\SYSTEM32\DNSAPI.dll

dbghelp: loaded successfully - version: 4.0.5 - missing functions: none
symbol engine: initialized successfully - sym options: 0x614 - pdb path: .;C:\Program Files\OpenJDK\openjdk-11.0.16_8\bin;C:\Windows\SYSTEM32;C:\Windows\WinSxS\amd64_microsoft.windows.common-controls_6595b64144ccf1df_6.0.19041.1110_none_60b5254171f9507e;C:\Program Files\OpenJDK\openjdk-11.0.16_8\bin\server;C:\Users\Metin\.gradle\native\e1d6ef7f7dcc3fd88c89a11ec53ec762bb8ba0a96d01ffa2cd45eb1d1d8dd5c5\windows-amd64;C:\Users\Metin\.gradle\native\5664cfc778a61ccfe75a443a1ab52a65af34e5dc3c78e0209fed803814484fcb\windows-amd64

VM Arguments:
jvm_args: -XX:MaxMetaspaceSize=512m --add-opens=java.base/java.util=ALL-UNNAMED --add-opens=java.base/java.lang=ALL-UNNAMED --add-opens=java.base/java.lang.invoke=ALL-UNNAMED --add-opens=java.base/java.util=ALL-UNNAMED --add-opens=java.prefs/java.util.prefs=ALL-UNNAMED --add-opens=java.prefs/java.util.prefs=ALL-UNNAMED --add-opens=java.base/java.nio.charset=ALL-UNNAMED --add-opens=java.base/java.net=ALL-UNNAMED --add-opens=java.base/java.util.concurrent.atomic=ALL-UNNAMED -Xmx2048m -Dfile.encoding=windows-1254 -Duser.country=TR -Duser.language=tr -Duser.variant 
java_command: org.gradle.launcher.daemon.bootstrap.GradleDaemon 7.3.3
java_class_path (initial): C:\Users\Metin\.gradle\wrapper\dists\gradle-7.3.3-all\4295vidhdd9hd3gbjyw1xqxpo\gradle-7.3.3\lib\gradle-launcher-7.3.3.jar
Launcher Type: SUN_STANDARD

[Global flags]
     intx CICompilerCount                          = 3                                         {product} {ergonomic}
   size_t CompressedClassSpaceSize                 = 528482304                                 {product} {ergonomic}
     uint ConcGCThreads                            = 1                                         {product} {ergonomic}
     uint G1ConcRefinementThreads                  = 4                                         {product} {ergonomic}
   size_t G1HeapRegionSize                         = 1048576                                   {product} {ergonomic}
    uintx GCDrainStackTargetSize                   = 64                                        {product} {ergonomic}
   size_t InitialHeapSize                          = 134217728                                 {product} {ergonomic}
   size_t MarkStackSize                            = 4194304                                   {product} {ergonomic}
   size_t MaxHeapSize                              = 2147483648                                {product} {command line}
   size_t MaxMetaspaceSize                         = 536870912                                 {product} {command line}
   size_t MaxNewSize                               = 1287651328                                {product} {ergonomic}
   size_t MinHeapDeltaBytes                        = 1048576                                   {product} {ergonomic}
    uintx NonNMethodCodeHeapSize                   = 5830732                                {pd product} {ergonomic}
    uintx NonProfiledCodeHeapSize                  = 122913754                              {pd product} {ergonomic}
    uintx ProfiledCodeHeapSize                     = 122913754                              {pd product} {ergonomic}
    uintx ReservedCodeCacheSize                    = 251658240                              {pd product} {ergonomic}
     bool SegmentedCodeCache                       = true                                      {product} {ergonomic}
     bool UseCompressedClassPointers               = true                                 {lp64_product} {ergonomic}
     bool UseCompressedOops                        = true                                 {lp64_product} {ergonomic}
     bool UseG1GC                                  = true                                      {product} {ergonomic}
     bool UseLargePagesIndividualAllocation        = false                                  {pd product} {ergonomic}

Logging:
Log output configuration:
 #0: stdout all=warning uptime,level,tags
 #1: stderr all=off uptime,level,tags

Environment Variables:
JAVA_HOME=C:\Program Files\OpenJDK\openjdk-11.0.16_8
CLASSPATH=C:\KOD\ReactNative\InstagramCloneApp\android\\gradle\wrapper\gradle-wrapper.jar
PATH=C:\KOD\ReactNative\InstagramCloneApp\android\node_modules\.bin;C:\KOD\ReactNative\InstagramCloneApp\node_modules\.bin;C:\KOD\ReactNative\node_modules\.bin;C:\KOD\node_modules\.bin;C:\node_modules\.bin;C:\Program Files\nodejs;C:\KOD\ReactNative\InstagramCloneApp\node_modules\.bin;C:\KOD\ReactNative\node_modules\.bin;C:\KOD\node_modules\.bin;C:\node_modules\.bin;C:\Program Files\nodejs\node_modules\npm\node_modules\@npmcli\run-script\lib\node-gyp-bin;C:\Windows\system32;C:\Windows;C:\Windows\System32\Wbem;C:\Windows\System32\WindowsPowerShell\v1.0\;C:\Windows\System32\OpenSSH\;C:\ProgramData\chocolatey\bin;C:\Program Files\nodejs\;C:\Program Files\OpenJDK\openjdk-11.0.16_8\bin;C:\Users\Metin\AppData\Local\Microsoft\WindowsApps;C:\Users\Metin\AppData\Local\Programs\Microsoft VS Code\bin;C:\Users\Metin\AppData\Local\GitHubDesktop\bin;C:\Users\Metin\AppData\Roaming\npm;C:\Users\Metin\AppData\Local\Android\Sdk\platform-tools;;C:\KOD\ReactNative\InstagramCloneApp\node_modules\.bin
USERNAME=Metin
LANG=tr_TR.UTF-8
OS=Windows_NT
PROCESSOR_IDENTIFIER=Intel64 Family 6 Model 60 Stepping 3, GenuineIntel
TMP=C:\Users\Metin\AppData\Local\Temp
TEMP=C:\Users\Metin\AppData\Local\Temp



---------------  S Y S T E M  ---------------

OS: Windows 10 , 64 bit Build 19041 (10.0.19041.1202)
OS uptime: 0 days 2:29 hours

CPU:total 4 (initial active 4) (4 cores per cpu, 1 threads per core) family 6 model 60 stepping 3 microcode 0x27, cmov, cx8, fxsr, mmx, sse, sse2, sse3, ssse3, sse4.1, sse4.2, popcnt, avx, avx2, aes, clmul, erms, lzcnt, tsc, tscinvbit, bmi1, bmi2, fma

Memory: 4k page, system-wide physical 8124M (269M free)
TotalPageFile size 16060M (AvailPageFile size 4592M)
current process WorkingSet (physical memory assigned to process): 460M, peak: 483M
current process commit charge ("private bytes"): 556M, peak: 560M

vm_info: OpenJDK 64-Bit Server VM (11.0.16+8) for windows-amd64 JRE (11.0.16+8), built on Jul 17 2022 01:33:05 by "tester" with MS VC++ 15.9 (VS2017)

END.
