#
# A fatal error has been detected by the Java Runtime Environment:
#
#  EXCEPTION_ACCESS_VIOLATION (0xc0000005) at pc=0x00007fff721729b0, pid=10184, tid=7524
#
# JRE version: OpenJDK Runtime Environment 18.9 (11.0.16+8) (build 11.0.16+8)
# Java VM: OpenJDK 64-Bit Server VM 18.9 (11.0.16+8, mixed mode, tiered, compressed oops, g1 gc, windows-amd64)
# Problematic frame:
# V  [jvm.dll+0x6729b0]
#
# No core dump will be written. Minidumps are not enabled by default on client versions of Windows
#
# If you would like to submit a bug report, please visit:
#   https://bugreport.java.com/bugreport/crash.jsp
#

---------------  S U M M A R Y ------------

Command Line: -XX:MaxMetaspaceSize=512m --add-opens=java.base/java.util=ALL-UNNAMED --add-opens=java.base/java.lang=ALL-UNNAMED --add-opens=java.base/java.lang.invoke=ALL-UNNAMED --add-opens=java.base/java.util=ALL-UNNAMED --add-opens=java.prefs/java.util.prefs=ALL-UNNAMED --add-opens=java.prefs/java.util.prefs=ALL-UNNAMED --add-opens=java.base/java.nio.charset=ALL-UNNAMED --add-opens=java.base/java.net=ALL-UNNAMED --add-opens=java.base/java.util.concurrent.atomic=ALL-UNNAMED -Xmx2048m -Dfile.encoding=windows-1254 -Duser.country=TR -Duser.language=tr -Duser.variant org.gradle.launcher.daemon.bootstrap.GradleDaemon 7.3.3

Host: Intel(R) Core(TM) i5-4590 CPU @ 3.30GHz, 4 cores, 7G,  Windows 10 , 64 bit Build 19041 (10.0.19041.1202)
Time: Wed Aug 17 14:19:20 2022 Türkiye Standart Saati elapsed time: 249.616680 seconds (0d 0h 4m 9s)

---------------  T H R E A D  ---------------

Current thread (0x000002955dfb6000):  GCTaskThread "GC Thread#1" [stack: 0x000000f71d800000,0x000000f71d900000] [id=7524]

Stack: [0x000000f71d800000,0x000000f71d900000],  sp=0x000000f71d8ff370,  free space=1020k
Native frames: (J=compiled Java code, j=interpreted, Vv=VM code, C=native code)
V  [jvm.dll+0x6729b0]
V  [jvm.dll+0x5f1fa7]
V  [jvm.dll+0x21cac1]
V  [jvm.dll+0x2e6db9]
V  [jvm.dll+0x2e6659]
V  [jvm.dll+0x787f50]
V  [jvm.dll+0x712f34]
V  [jvm.dll+0x6194a5]
C  [ucrtbase.dll+0x21bb2]
C  [KERNEL32.DLL+0x17034]
C  [ntdll.dll+0x52651]


siginfo: EXCEPTION_ACCESS_VIOLATION (0xc0000005), reading address 0x00000695489bb288


Register to memory mapping:

RIP=0x00007fff721729b0 jvm.dll
RAX=0x00000295489bb418 is at entry_point+344 in (nmethod*)0x00000295489bb110
RBX=0x00000695489bb286 is an unknown value
RCX=0x000000f71d8ff3c0 points into unknown readable memory: 0x0000000000000000 | 00 00 00 00 00 00 00 00
RDX=0x00000695489bb288 is an unknown value
RSP=0x000000f71d8ff370 points into unknown readable memory: 0x0000000000000000 | 00 00 00 00 00 00 00 00
RBP=0x00000295489bb2b8 is at entry_point+-8 in (nmethod*)0x00000295489bb110
RSI=0x00000295489bb2c0 is at entry_point+0 in (nmethod*)0x00000295489bb110
RDI=0x00000295489bb2e0 is at entry_point+32 in (nmethod*)0x00000295489bb110
R8 =0x00000695489bb288 is an unknown value
R9 =0x0 is NULL
R10=0x00000295489bb2c0 is at entry_point+0 in (nmethod*)0x00000295489bb110
R11=0x0 is NULL
R12=0x0000000000000001 is an unknown value
R13=0x0 is NULL
R14=0x00000000000007ff is an unknown value
R15=0x000000000000f000 is an unknown value


Registers:
RAX=0x00000295489bb418, RBX=0x00000695489bb286, RCX=0x000000f71d8ff3c0, RDX=0x00000695489bb288
RSP=0x000000f71d8ff370, RBP=0x00000295489bb2b8, RSI=0x00000295489bb2c0, RDI=0x00000295489bb2e0
R8 =0x00000695489bb288, R9 =0x0000000000000000, R10=0x00000295489bb2c0, R11=0x0000000000000000
R12=0x0000000000000001, R13=0x0000000000000000, R14=0x00000000000007ff, R15=0x000000000000f000
RIP=0x00007fff721729b0, EFLAGS=0x0000000000010202

Top of Stack: (sp=0x000000f71d8ff370)
0x000000f71d8ff370:   0000000000000000 000000f71ccfe990
0x000000f71d8ff380:   000002955d40e868 000002955d40e490
0x000000f71d8ff390:   000000f71ccfe990 00007fff720f1fa7
0x000000f71d8ff3a0:   00000295489bb2e0 000002955d63d7a0
0x000000f71d8ff3b0:   00000295489bb110 00000295489bab90
0x000000f71d8ff3c0:   0000000000000000 00000695489bb288
0x000000f71d8ff3d0:   00000295489bb2b8 00000295489bb110
0x000000f71d8ff3e0:   00000295489bb2c0 00000295489bad60
0x000000f71d8ff3f0:   00000295489bb000 00000295489b0000
0x000000f71d8ff400:   00000295489bb2c0 00000295489bb2c0
0x000000f71d8ff410:   00000295489bb3e0 00000295489bb2c0
0x000000f71d8ff420:   00000295489bb3e0 00000295489bb418
0x000000f71d8ff430:   00007fff7228e440 0000000000000000
0x000000f71d8ff440:   0000000000000001 000002955d40e480
0x000000f71d8ff450:   000002955d40e868 000002955d40e490
0x000000f71d8ff460:   0000000000000001 000002955d40e480 

Instructions: (pc=0x00007fff721729b0)
0x00007fff721728b0:   7e 10 44 0f b7 48 02 0f bf 00 c1 e0 10 44 03 c8
0x00007fff721728c0:   eb 09 66 85 c9 7e 04 44 0f bf 08 41 8b c9 49 8b
0x00007fff721728d0:   c2 83 e1 03 41 c1 f9 02 8b d1 41 f7 d9 4d 8b 44
0x00007fff721728e0:   c8 40 49 63 c9 49 03 c8 41 89 52 18 49 89 4a 10
0x00007fff721728f0:   c3 83 f9 0d 75 08 49 8b c8 e9 72 05 00 00 49 8d
0x00007fff72172900:   40 70 45 33 c9 48 85 c0 0f 84 bd fd ff ff 48 8d
0x00007fff72172910:   0d 2b bb 11 00 4c 89 48 08 48 89 08 c3 cc cc cc
0x00007fff72172920:   e9 ab 0c 00 00 cc cc cc cc cc cc cc cc cc cc cc
0x00007fff72172930:   40 57 48 83 ec 20 4c 89 01 4d 8b d8 48 8b fa 48
0x00007fff72172940:   85 d2 0f 84 3a 01 00 00 4c 8b 51 20 48 89 5c 24
0x00007fff72172950:   30 48 89 6c 24 38 48 8b 69 10 48 89 74 24 40 4c
0x00007fff72172960:   89 64 24 18 4c 89 6c 24 10 45 33 ed 4c 89 74 24
0x00007fff72172970:   08 41 be ff 07 00 00 4c 89 3c 24 41 bf 00 f0 00
0x00007fff72172980:   00 45 8d 65 01 66 66 66 0f 1f 84 00 00 00 00 00
0x00007fff72172990:   48 8b 59 08 49 8b f2 4c 8d 43 02 4c 89 41 08 4c
0x00007fff721729a0:   3b c5 0f 84 a7 00 00 00 66 44 89 69 38 49 8b d0
0x00007fff721729b0:   45 0f b7 08 41 0f b7 c1 66 41 23 c7 66 41 3b c7
0x00007fff721729c0:   75 59 41 0f b7 c1 49 8d 50 02 66 c1 e8 0b 41 84
0x00007fff721729d0:   c4 74 28 48 89 51 30 41 0f b7 00 66 41 23 c6 0f
0x00007fff721729e0:   b7 d0 66 89 51 38 4d 8d 04 50 49 83 c0 02 4c 89
0x00007fff721729f0:   41 08 49 8b d0 45 0f b7 08 eb 20 48 8d 41 28 66
0x00007fff72172a00:   44 89 61 38 66 45 23 ce 48 89 41 30 66 44 89 08
0x00007fff72172a10:   4c 8b c2 48 89 51 08 44 0f b7 0a 41 0f b7 c1 25
0x00007fff72172a20:   ff 03 00 00 4c 03 d0 4c 89 51 20 4d 85 db 74 07
0x00007fff72172a30:   4d 3b d3 73 1a eb 03 49 8b d0 0f b7 02 66 c1 e8
0x00007fff72172a40:   0a 24 03 88 41 3a 4c 3b d7 0f 82 41 ff ff ff 4c
0x00007fff72172a50:   8b 3c 24 b8 ff ff ff ff 4c 8b 74 24 08 4c 8b 6c
0x00007fff72172a60:   24 10 4c 8b 64 24 18 48 8b 6c 24 38 48 89 59 08
0x00007fff72172a70:   48 8b 5c 24 30 48 89 71 20 48 8b 74 24 40 66 89
0x00007fff72172a80:   41 38 48 83 c4 20 5f c3 cc cc cc cc cc cc cc cc
0x00007fff72172a90:   48 83 ec 28 ba 32 01 00 00 48 8d 0d e8 22 24 00
0x00007fff72172aa0:   e8 9b ad bd ff 48 83 c4 28 e9 b2 fc f9 ff cc cc 


Stack slot to memory mapping:
stack at sp + 0 slots: 0x0 is NULL
stack at sp + 1 slots: 0x000000f71ccfe990 points into unknown readable memory: 0x00007fff7235e840 | 40 e8 35 72 ff 7f 00 00
stack at sp + 2 slots: 0x000002955d40e868 points into unknown readable memory: 0x8800070058935420 | 20 54 93 58 00 07 00 88
stack at sp + 3 slots: 0x000002955d40e490 points into unknown readable memory: 0x646172672e67726f | 6f 72 67 2e 67 72 61 64
stack at sp + 4 slots: 0x000000f71ccfe990 points into unknown readable memory: 0x00007fff7235e840 | 40 e8 35 72 ff 7f 00 00
stack at sp + 5 slots: 0x00007fff720f1fa7 jvm.dll
stack at sp + 6 slots: 0x00000295489bb2e0 is at entry_point+32 in (nmethod*)0x00000295489bb110
stack at sp + 7 slots: 0x000002955d63d7a0 points into unknown readable memory: 0x0000000000000002 | 02 00 00 00 00 00 00 00


---------------  P R O C E S S  ---------------

Threads class SMR info:
_java_thread_list=0x0000029568db62b0, length=89, elements={
0x000002953c29d000, 0x000002955ca80000, 0x000002955ca89800, 0x000002955ca8d000,
0x000002955ca8e800, 0x000002955ca8f800, 0x000002955ca92800, 0x000002955ca9b000,
0x000002955d3ec000, 0x000002955d551800, 0x000002955e01a000, 0x000002955f82d800,
0x0000029560007800, 0x000002955f4fe800, 0x000002955f4fd000, 0x000002955f501000,
0x000002955f4ff800, 0x000002955f502000, 0x0000029560d37000, 0x0000029560d39000,
0x0000029560d39800, 0x0000029560d35800, 0x0000029560d38000, 0x0000029560d3a800,
0x0000029560d36800, 0x0000029563164000, 0x000002956315f000, 0x000002956315d800,
0x0000029563160000, 0x0000029563161000, 0x0000029563161800, 0x000002956315c000,
0x0000029563162800, 0x000002956315e800, 0x000002956315c800, 0x0000029563165800,
0x0000029563165000, 0x0000029563169000, 0x0000029563163800, 0x0000029563168000,
0x0000029563166800, 0x000002956316a000, 0x0000029563167800, 0x000002956316a800,
0x0000029560d0c000, 0x0000029560d0b000, 0x0000029560d0c800, 0x0000029560d09800,
0x0000029560d08800, 0x0000029560d0a000, 0x0000029560d07000, 0x0000029560d10000,
0x0000029560d11000, 0x0000029560d0e800, 0x0000029560d11800, 0x0000029560d0f000,
0x0000029560d12800, 0x0000029560d13000, 0x0000029560d0d800, 0x0000029560d14000,
0x0000029560d15000, 0x0000029560d15800, 0x0000029560d40000, 0x0000029560d3c000,
0x0000029560d41000, 0x0000029560d3d800, 0x0000029560d42000, 0x0000029560d3e800,
0x0000029560d3f800, 0x0000029560d42800, 0x0000029560d3d000, 0x0000029560d43800,
0x0000029560d44000, 0x000002955f500800, 0x0000029564f3c000, 0x0000029564f3e800,
0x0000029564f3f000, 0x0000029564f40000, 0x0000029564f41000, 0x0000029564f3d800,
0x0000029564f3b000, 0x0000029564f42800, 0x0000029564f41800, 0x0000029564f3d000,
0x0000029564f47800, 0x0000029564f48000, 0x0000029564f43800, 0x0000029564f45000,
0x0000029564f44000
}

Java Threads: ( => current thread )
  0x000002953c29d000 JavaThread "main" [_thread_blocked, id=5828, stack(0x000000f71c600000,0x000000f71c700000)]
  0x000002955ca80000 JavaThread "Reference Handler" daemon [_thread_blocked, id=8240, stack(0x000000f71cd00000,0x000000f71ce00000)]
  0x000002955ca89800 JavaThread "Finalizer" daemon [_thread_blocked, id=8840, stack(0x000000f71ce00000,0x000000f71cf00000)]
  0x000002955ca8d000 JavaThread "Signal Dispatcher" daemon [_thread_blocked, id=9920, stack(0x000000f71cf00000,0x000000f71d000000)]
  0x000002955ca8e800 JavaThread "Attach Listener" daemon [_thread_blocked, id=8200, stack(0x000000f71d000000,0x000000f71d100000)]
  0x000002955ca8f800 JavaThread "Service Thread" daemon [_thread_blocked, id=8984, stack(0x000000f71d100000,0x000000f71d200000)]
  0x000002955ca92800 JavaThread "C2 CompilerThread0" daemon [_thread_blocked, id=7932, stack(0x000000f71d200000,0x000000f71d300000)]
  0x000002955ca9b000 JavaThread "C1 CompilerThread0" daemon [_thread_blocked, id=9272, stack(0x000000f71d300000,0x000000f71d400000)]
  0x000002955d3ec000 JavaThread "Sweeper thread" daemon [_thread_blocked, id=1600, stack(0x000000f71d400000,0x000000f71d500000)]
  0x000002955d551800 JavaThread "Common-Cleaner" daemon [_thread_blocked, id=5608, stack(0x000000f71d500000,0x000000f71d600000)]
  0x000002955e01a000 JavaThread "Daemon health stats" [_thread_blocked, id=5700, stack(0x000000f71da00000,0x000000f71db00000)]
  0x000002955f82d800 JavaThread "Incoming local TCP Connector on port 61332" [_thread_in_native, id=7380, stack(0x000000f71db00000,0x000000f71dc00000)]
  0x0000029560007800 JavaThread "Daemon periodic checks" [_thread_blocked, id=9284, stack(0x000000f71dc00000,0x000000f71dd00000)]
  0x000002955f4fe800 JavaThread "Cache worker for journal cache (C:\Users\Metin\.gradle\caches\journal-1)" [_thread_blocked, id=5636, stack(0x000000f71e300000,0x000000f71e400000)]
  0x000002955f4fd000 JavaThread "File lock request listener" [_thread_in_native, id=2788, stack(0x000000f71e400000,0x000000f71e500000)]
  0x000002955f501000 JavaThread "Cache worker for file hash cache (C:\Users\Metin\.gradle\caches\7.3.3\fileHashes)" [_thread_blocked, id=5084, stack(0x000000f71e600000,0x000000f71e700000)]
  0x000002955f4ff800 JavaThread "File watcher server" daemon [_thread_blocked, id=5616, stack(0x000000f71e900000,0x000000f71ea00000)]
  0x000002955f502000 JavaThread "File watcher consumer" daemon [_thread_blocked, id=376, stack(0x000000f71ea00000,0x000000f71eb00000)]
  0x0000029560d37000 JavaThread "Cache worker for execution history cache (C:\Users\Metin\.gradle\caches\7.3.3\executionHistory)" [_thread_blocked, id=2612, stack(0x000000f71ee00000,0x000000f71ef00000)]
  0x0000029560d39000 JavaThread "jar transforms" [_thread_blocked, id=9268, stack(0x000000f71ef00000,0x000000f71f000000)]
  0x0000029560d39800 JavaThread "jar transforms Thread 2" [_thread_blocked, id=9908, stack(0x000000f71f000000,0x000000f71f100000)]
  0x0000029560d35800 JavaThread "Cache worker for file content cache (C:\Users\Metin\.gradle\caches\7.3.3\fileContent)" [_thread_blocked, id=9496, stack(0x000000f71f100000,0x000000f71f200000)]
  0x0000029560d38000 JavaThread "jar transforms Thread 3" [_thread_blocked, id=9144, stack(0x000000f71ed00000,0x000000f71ee00000)]
  0x0000029560d3a800 JavaThread "jar transforms Thread 4" [_thread_blocked, id=10096, stack(0x000000f71f200000,0x000000f71f300000)]
  0x0000029560d36800 JavaThread "Cache worker for kotlin-dsl (C:\Users\Metin\.gradle\caches\7.3.3\kotlin-dsl)" [_thread_blocked, id=7052, stack(0x000000f71f400000,0x000000f71f500000)]
  0x0000029563164000 JavaThread "Memory manager" [_thread_blocked, id=5356, stack(0x000000f721900000,0x000000f721a00000)]
  0x000002956315f000 JavaThread "Daemon Thread 2" [_thread_blocked, id=6688, stack(0x000000f71c300000,0x000000f71c400000)]
  0x000002956315d800 JavaThread "Handler for socket connection from /127.0.0.1:61332 to /127.0.0.1:61513" [_thread_in_native, id=4292, stack(0x000000f71c400000,0x000000f71c500000)]
  0x0000029563160000 JavaThread "Cancel handler" [_thread_blocked, id=9856, stack(0x000000f71c500000,0x000000f71c600000)]
  0x0000029563161000 JavaThread "Daemon worker Thread 2" [_thread_blocked, id=4816, stack(0x000000f71d700000,0x000000f71d800000)]
  0x0000029563161800 JavaThread "Asynchronous log dispatcher for DefaultDaemonConnection: socket connection from /127.0.0.1:61332 to /127.0.0.1:61513" [_thread_blocked, id=10132, stack(0x000000f71dd00000,0x000000f71de00000)]
  0x000002956315c000 JavaThread "Stdin handler" [_thread_blocked, id=8376, stack(0x000000f71de00000,0x000000f71df00000)]
  0x0000029563162800 JavaThread "Daemon client event forwarder" [_thread_blocked, id=3972, stack(0x000000f71df00000,0x000000f71e000000)]
  0x000002956315e800 JavaThread "Cache worker for file hash cache (C:\KOD\ReactNative\InstagramCloneApp\android\.gradle\7.3.3\fileHashes)" [_thread_blocked, id=9652, stack(0x000000f71e000000,0x000000f71e100000)]
  0x000002956315c800 JavaThread "Cache worker for checksums cache (C:\KOD\ReactNative\InstagramCloneApp\android\.gradle\7.3.3\checksums)" [_thread_blocked, id=8948, stack(0x000000f71e100000,0x000000f71e200000)]
  0x0000029563165800 JavaThread "Cache worker for cache directory md-supplier (C:\Users\Metin\.gradle\caches\7.3.3\md-supplier)" [_thread_blocked, id=5064, stack(0x000000f71e200000,0x000000f71e300000)]
  0x0000029563165000 JavaThread "Cache worker for cache directory md-rule (C:\Users\Metin\.gradle\caches\7.3.3\md-rule)" [_thread_blocked, id=6264, stack(0x000000f71e700000,0x000000f71e800000)]
  0x0000029563169000 JavaThread "Cache worker for dependencies-accessors (C:\KOD\ReactNative\InstagramCloneApp\android\.gradle\7.3.3\dependencies-accessors)" [_thread_blocked, id=9940, stack(0x000000f71e800000,0x000000f71e900000)]
  0x0000029563163800 JavaThread "Cache worker for Build Output Cleanup Cache (C:\KOD\ReactNative\InstagramCloneApp\node_modules\react-native-gradle-plugin\.gradle\buildOutputCleanup)" [_thread_blocked, id=1416, stack(0x000000f71eb00000,0x000000f71ec00000)]
  0x0000029563168000 JavaThread "Unconstrained build operations" [_thread_blocked, id=1620, stack(0x000000f71ec00000,0x000000f71ed00000)]
  0x0000029563166800 JavaThread "Unconstrained build operations Thread 2" [_thread_blocked, id=1732, stack(0x000000f71f300000,0x000000f71f400000)]
  0x000002956316a000 JavaThread "Unconstrained build operations Thread 3" [_thread_blocked, id=8444, stack(0x000000f71f500000,0x000000f71f600000)]
  0x0000029563167800 JavaThread "Unconstrained build operations Thread 4" [_thread_blocked, id=4492, stack(0x000000f71f600000,0x000000f71f700000)]
  0x000002956316a800 JavaThread "Unconstrained build operations Thread 5" [_thread_blocked, id=5588, stack(0x000000f71f700000,0x000000f71f800000)]
  0x0000029560d0c000 JavaThread "Unconstrained build operations Thread 6" [_thread_blocked, id=2800, stack(0x000000f71f800000,0x000000f71f900000)]
  0x0000029560d0b000 JavaThread "Unconstrained build operations Thread 7" [_thread_blocked, id=9716, stack(0x000000f71f900000,0x000000f71fa00000)]
  0x0000029560d0c800 JavaThread "Unconstrained build operations Thread 8" [_thread_blocked, id=8412, stack(0x000000f71fa00000,0x000000f71fb00000)]
  0x0000029560d09800 JavaThread "Unconstrained build operations Thread 9" [_thread_blocked, id=5904, stack(0x000000f71fb00000,0x000000f71fc00000)]
  0x0000029560d08800 JavaThread "Unconstrained build operations Thread 10" [_thread_blocked, id=5592, stack(0x000000f71fc00000,0x000000f71fd00000)]
  0x0000029560d0a000 JavaThread "Unconstrained build operations Thread 11" [_thread_blocked, id=9364, stack(0x000000f71fd00000,0x000000f71fe00000)]
  0x0000029560d07000 JavaThread "Unconstrained build operations Thread 12" [_thread_blocked, id=9168, stack(0x000000f71fe00000,0x000000f71ff00000)]
  0x0000029560d10000 JavaThread "Unconstrained build operations Thread 13" [_thread_blocked, id=9756, stack(0x000000f71ff00000,0x000000f720000000)]
  0x0000029560d11000 JavaThread "Unconstrained build operations Thread 14" [_thread_blocked, id=10076, stack(0x000000f720000000,0x000000f720100000)]
  0x0000029560d0e800 JavaThread "Unconstrained build operations Thread 15" [_thread_blocked, id=1576, stack(0x000000f720100000,0x000000f720200000)]
  0x0000029560d11800 JavaThread "Unconstrained build operations Thread 16" [_thread_blocked, id=4672, stack(0x000000f720200000,0x000000f720300000)]
  0x0000029560d0f000 JavaThread "Unconstrained build operations Thread 17" [_thread_blocked, id=9912, stack(0x000000f720300000,0x000000f720400000)]
  0x0000029560d12800 JavaThread "Unconstrained build operations Thread 18" [_thread_blocked, id=7412, stack(0x000000f720400000,0x000000f720500000)]
  0x0000029560d13000 JavaThread "Unconstrained build operations Thread 19" [_thread_blocked, id=2580, stack(0x000000f720500000,0x000000f720600000)]
  0x0000029560d0d800 JavaThread "Unconstrained build operations Thread 20" [_thread_blocked, id=9596, stack(0x000000f720600000,0x000000f720700000)]
  0x0000029560d14000 JavaThread "Unconstrained build operations Thread 21" [_thread_blocked, id=8692, stack(0x000000f720700000,0x000000f720800000)]
  0x0000029560d15000 JavaThread "Unconstrained build operations Thread 22" [_thread_blocked, id=7208, stack(0x000000f720800000,0x000000f720900000)]
  0x0000029560d15800 JavaThread "Unconstrained build operations Thread 23" [_thread_blocked, id=8352, stack(0x000000f720900000,0x000000f720a00000)]
  0x0000029560d40000 JavaThread "Unconstrained build operations Thread 24" [_thread_blocked, id=10176, stack(0x000000f720a00000,0x000000f720b00000)]
  0x0000029560d3c000 JavaThread "Unconstrained build operations Thread 25" [_thread_blocked, id=4776, stack(0x000000f720b00000,0x000000f720c00000)]
  0x0000029560d41000 JavaThread "Unconstrained build operations Thread 26" [_thread_blocked, id=7108, stack(0x000000f720c00000,0x000000f720d00000)]
  0x0000029560d3d800 JavaThread "Unconstrained build operations Thread 27" [_thread_blocked, id=9508, stack(0x000000f720d00000,0x000000f720e00000)]
  0x0000029560d42000 JavaThread "Unconstrained build operations Thread 28" [_thread_blocked, id=2344, stack(0x000000f720e00000,0x000000f720f00000)]
  0x0000029560d3e800 JavaThread "Unconstrained build operations Thread 29" [_thread_blocked, id=9544, stack(0x000000f720f00000,0x000000f721000000)]
  0x0000029560d3f800 JavaThread "Unconstrained build operations Thread 30" [_thread_blocked, id=5252, stack(0x000000f721000000,0x000000f721100000)]
  0x0000029560d42800 JavaThread "Unconstrained build operations Thread 31" [_thread_blocked, id=3464, stack(0x000000f721100000,0x000000f721200000)]
  0x0000029560d3d000 JavaThread "Unconstrained build operations Thread 32" [_thread_blocked, id=5748, stack(0x000000f721200000,0x000000f721300000)]
  0x0000029560d43800 JavaThread "Unconstrained build operations Thread 33" [_thread_blocked, id=3244, stack(0x000000f721300000,0x000000f721400000)]
  0x0000029560d44000 JavaThread "build event listener" [_thread_blocked, id=8616, stack(0x000000f721400000,0x000000f721500000)]
  0x000002955f500800 JavaThread "Cache worker for Build Output Cleanup Cache (C:\KOD\ReactNative\InstagramCloneApp\android\.gradle\buildOutputCleanup)" [_thread_blocked, id=7140, stack(0x000000f721500000,0x000000f721600000)]
  0x0000029564f3c000 JavaThread "Cache worker for execution history cache (C:\KOD\ReactNative\InstagramCloneApp\node_modules\react-native-gradle-plugin\.gradle\7.3.3\executionHistory)" [_thread_blocked, id=7856, stack(0x000000f721b00000,0x000000f721c00000)]
  0x0000029564f3e800 JavaThread "Unconstrained build operations Thread 34" [_thread_blocked, id=1780, stack(0x000000f721c00000,0x000000f721d00000)]
  0x0000029564f3f000 JavaThread "Unconstrained build operations Thread 35" [_thread_blocked, id=7336, stack(0x000000f721d00000,0x000000f721e00000)]
  0x0000029564f40000 JavaThread "Unconstrained build operations Thread 36" [_thread_blocked, id=1424, stack(0x000000f721e00000,0x000000f721f00000)]
  0x0000029564f41000 JavaThread "Unconstrained build operations Thread 37" [_thread_blocked, id=9500, stack(0x000000f721f00000,0x000000f722000000)]
  0x0000029564f3d800 JavaThread "Unconstrained build operations Thread 38" [_thread_blocked, id=9308, stack(0x000000f722000000,0x000000f722100000)]
  0x0000029564f3b000 JavaThread "Unconstrained build operations Thread 39" [_thread_blocked, id=8440, stack(0x000000f722100000,0x000000f722200000)]
  0x0000029564f42800 JavaThread "Unconstrained build operations Thread 40" [_thread_blocked, id=1584, stack(0x000000f722200000,0x000000f722300000)]
  0x0000029564f41800 JavaThread "build event listener" [_thread_blocked, id=6212, stack(0x000000f721700000,0x000000f721800000)]
  0x0000029564f3d000 JavaThread "Execution worker for ':'" [_thread_blocked, id=10224, stack(0x000000f721800000,0x000000f721900000)]
  0x0000029564f47800 JavaThread "Execution worker for ':' Thread 2" [_thread_blocked, id=8648, stack(0x000000f721a00000,0x000000f721b00000)]
  0x0000029564f48000 JavaThread "Execution worker for ':' Thread 3" [_thread_blocked, id=7936, stack(0x000000f722300000,0x000000f722400000)]
  0x0000029564f43800 JavaThread "Cache worker for execution history cache (C:\KOD\ReactNative\InstagramCloneApp\android\.gradle\7.3.3\executionHistory)" [_thread_blocked, id=7444, stack(0x000000f722400000,0x000000f722500000)]
  0x0000029564f45000 JavaThread "WorkerExecutor Queue Thread 4" [_thread_blocked, id=8476, stack(0x000000f722900000,0x000000f722a00000)]
  0x0000029564f44000 JavaThread "WorkerExecutor Queue Thread 5" [_thread_blocked, id=5900, stack(0x000000f721600000,0x000000f721700000)]

Other Threads:
  0x000002955ca6b800 VMThread "VM Thread" [stack: 0x000000f71cc00000,0x000000f71cd00000] [id=8520]
  0x000002955d562800 WatcherThread [stack: 0x000000f71d600000,0x000000f71d700000] [id=7480]
  0x000002953c2b5800 GCTaskThread "GC Thread#0" [stack: 0x000000f71c700000,0x000000f71c800000] [id=9136]
=>0x000002955dfb6000 GCTaskThread "GC Thread#1" [stack: 0x000000f71d800000,0x000000f71d900000] [id=7524]
  0x000002955d858800 GCTaskThread "GC Thread#2" [stack: 0x000000f71d900000,0x000000f71da00000] [id=9100]
  0x000002955dc08800 GCTaskThread "GC Thread#3" [stack: 0x000000f71e500000,0x000000f71e600000] [id=392]
  0x000002953c2e7000 ConcurrentGCThread "G1 Main Marker" [stack: 0x000000f71c800000,0x000000f71c900000] [id=3824]
  0x000002953c2e8800 ConcurrentGCThread "G1 Conc#0" [stack: 0x000000f71c900000,0x000000f71ca00000] [id=5096]
  0x000002955c8d7800 ConcurrentGCThread "G1 Refine#0" [stack: 0x000000f71ca00000,0x000000f71cb00000] [id=5948]
  0x000002955c8d8800 ConcurrentGCThread "G1 Young RemSet Sampling" [stack: 0x000000f71cb00000,0x000000f71cc00000] [id=9868]

Threads with active compile tasks:
C2 CompilerThread0   249714 17160       4       com.google.common.base.AbstractIterator::hasNext (65 bytes)

VM state:at safepoint (normal execution)

VM Mutex/Monitor currently owned by a thread:  ([mutex/lock_event])
[0x000002953c2994f0] Threads_lock - owner thread: 0x000002955ca6b800
[0x000002953c298770] Heap_lock - owner thread: 0x000002953c2e7000

Heap address: 0x0000000080000000, size: 2048 MB, Compressed Oops mode: 32-bit
Narrow klass base: 0x0000000000000000, Narrow klass shift: 3
Compressed class space size: 528482304 Address: 0x0000000100000000

Heap:
 garbage-first heap   total 236544K, used 173312K [0x0000000080000000, 0x0000000100000000)
  region size 1024K, 12 young (12288K), 4 survivors (4096K)
 Metaspace       used 113744K, capacity 119050K, committed 119120K, reserved 620544K
  class space    used 14635K, capacity 16620K, committed 16640K, reserved 516096K
Heap Regions: E=young(eden), S=young(survivor), O=old, HS=humongous(starts), HC=humongous(continues), CS=collection set, F=free, A=archive, TAMS=top-at-mark-start (previous, next)
|   0|0x0000000080000000, 0x0000000080100000, 0x0000000080100000|100%| O|  |TAMS 0x0000000080100000, 0x0000000080100000| Untracked 
|   1|0x0000000080100000, 0x0000000080200000, 0x0000000080200000|100%| O|  |TAMS 0x0000000080200000, 0x0000000080200000| Untracked 
|   2|0x0000000080200000, 0x0000000080300000, 0x0000000080300000|100%| O|  |TAMS 0x0000000080300000, 0x0000000080300000| Untracked 
|   3|0x0000000080300000, 0x0000000080400000, 0x0000000080400000|100%|HS|  |TAMS 0x0000000080400000, 0x0000000080400000| Complete 
|   4|0x0000000080400000, 0x0000000080500000, 0x0000000080500000|100%|HC|  |TAMS 0x0000000080500000, 0x0000000080500000| Complete 
|   5|0x0000000080500000, 0x0000000080600000, 0x0000000080600000|100%|HC|  |TAMS 0x0000000080600000, 0x0000000080600000| Complete 
|   6|0x0000000080600000, 0x0000000080700000, 0x0000000080700000|100%| O|  |TAMS 0x0000000080700000, 0x0000000080700000| Untracked 
|   7|0x0000000080700000, 0x0000000080800000, 0x0000000080800000|100%| O|  |TAMS 0x0000000080800000, 0x0000000080800000| Untracked 
|   8|0x0000000080800000, 0x0000000080900000, 0x0000000080900000|100%| O|  |TAMS 0x0000000080900000, 0x0000000080900000| Untracked 
|   9|0x0000000080900000, 0x0000000080a00000, 0x0000000080a00000|100%| O|  |TAMS 0x0000000080a00000, 0x0000000080a00000| Untracked 
|  10|0x0000000080a00000, 0x0000000080b00000, 0x0000000080b00000|100%| O|  |TAMS 0x0000000080b00000, 0x0000000080b00000| Untracked 
|  11|0x0000000080b00000, 0x0000000080c00000, 0x0000000080c00000|100%| O|  |TAMS 0x0000000080c00000, 0x0000000080c00000| Untracked 
|  12|0x0000000080c00000, 0x0000000080d00000, 0x0000000080d00000|100%| O|  |TAMS 0x0000000080d00000, 0x0000000080d00000| Untracked 
|  13|0x0000000080d00000, 0x0000000080e00000, 0x0000000080e00000|100%| O|  |TAMS 0x0000000080e00000, 0x0000000080e00000| Untracked 
|  14|0x0000000080e00000, 0x0000000080f00000, 0x0000000080f00000|100%| O|  |TAMS 0x0000000080f00000, 0x0000000080f00000| Untracked 
|  15|0x0000000080f00000, 0x0000000081000000, 0x0000000081000000|100%| O|  |TAMS 0x0000000081000000, 0x0000000081000000| Untracked 
|  16|0x0000000081000000, 0x0000000081100000, 0x0000000081100000|100%| O|  |TAMS 0x0000000081100000, 0x0000000081100000| Untracked 
|  17|0x0000000081100000, 0x0000000081200000, 0x0000000081200000|100%|HS|  |TAMS 0x0000000081200000, 0x0000000081200000| Complete 
|  18|0x0000000081200000, 0x0000000081300000, 0x0000000081300000|100%| O|  |TAMS 0x0000000081300000, 0x0000000081300000| Untracked 
|  19|0x0000000081300000, 0x0000000081400000, 0x0000000081400000|100%| O|  |TAMS 0x0000000081400000, 0x0000000081400000| Untracked 
|  20|0x0000000081400000, 0x0000000081500000, 0x0000000081500000|100%| O|  |TAMS 0x0000000081500000, 0x0000000081500000| Untracked 
|  21|0x0000000081500000, 0x0000000081600000, 0x0000000081600000|100%| O|  |TAMS 0x0000000081600000, 0x0000000081600000| Untracked 
|  22|0x0000000081600000, 0x0000000081700000, 0x0000000081700000|100%| O|  |TAMS 0x0000000081700000, 0x0000000081700000| Untracked 
|  23|0x0000000081700000, 0x0000000081800000, 0x0000000081800000|100%|HS|  |TAMS 0x0000000081800000, 0x0000000081800000| Complete 
|  24|0x0000000081800000, 0x0000000081900000, 0x0000000081900000|100%|HC|  |TAMS 0x0000000081900000, 0x0000000081900000| Complete 
|  25|0x0000000081900000, 0x0000000081a00000, 0x0000000081a00000|100%|HC|  |TAMS 0x0000000081a00000, 0x0000000081a00000| Complete 
|  26|0x0000000081a00000, 0x0000000081b00000, 0x0000000081b00000|100%| O|  |TAMS 0x0000000081b00000, 0x0000000081b00000| Untracked 
|  27|0x0000000081b00000, 0x0000000081c00000, 0x0000000081c00000|100%| O|  |TAMS 0x0000000081c00000, 0x0000000081c00000| Untracked 
|  28|0x0000000081c00000, 0x0000000081d00000, 0x0000000081d00000|100%| O|  |TAMS 0x0000000081d00000, 0x0000000081d00000| Untracked 
|  29|0x0000000081d00000, 0x0000000081e00000, 0x0000000081e00000|100%| O|  |TAMS 0x0000000081e00000, 0x0000000081e00000| Untracked 
|  30|0x0000000081e00000, 0x0000000081f00000, 0x0000000081f00000|100%| O|  |TAMS 0x0000000081f00000, 0x0000000081f00000| Untracked 
|  31|0x0000000081f00000, 0x0000000082000000, 0x0000000082000000|100%| O|  |TAMS 0x0000000082000000, 0x0000000082000000| Untracked 
|  32|0x0000000082000000, 0x0000000082100000, 0x0000000082100000|100%| O|  |TAMS 0x0000000082100000, 0x0000000082100000| Untracked 
|  33|0x0000000082100000, 0x0000000082200000, 0x0000000082200000|100%| O|  |TAMS 0x0000000082200000, 0x0000000082200000| Untracked 
|  34|0x0000000082200000, 0x0000000082300000, 0x0000000082300000|100%| O|  |TAMS 0x0000000082300000, 0x0000000082300000| Untracked 
|  35|0x0000000082300000, 0x0000000082400000, 0x0000000082400000|100%| O|  |TAMS 0x0000000082400000, 0x0000000082400000| Untracked 
|  36|0x0000000082400000, 0x0000000082500000, 0x0000000082500000|100%| O|  |TAMS 0x0000000082500000, 0x0000000082500000| Untracked 
|  37|0x0000000082500000, 0x0000000082600000, 0x0000000082600000|100%| O|  |TAMS 0x0000000082600000, 0x0000000082600000| Untracked 
|  38|0x0000000082600000, 0x0000000082700000, 0x0000000082700000|100%| O|  |TAMS 0x0000000082700000, 0x0000000082700000| Untracked 
|  39|0x0000000082700000, 0x0000000082800000, 0x0000000082800000|100%| O|  |TAMS 0x0000000082800000, 0x0000000082800000| Untracked 
|  40|0x0000000082800000, 0x0000000082900000, 0x0000000082900000|100%|HS|  |TAMS 0x0000000082900000, 0x0000000082900000| Complete 
|  41|0x0000000082900000, 0x0000000082a00000, 0x0000000082a00000|100%|HS|  |TAMS 0x0000000082a00000, 0x0000000082a00000| Complete 
|  42|0x0000000082a00000, 0x0000000082b00000, 0x0000000082b00000|100%|HS|  |TAMS 0x0000000082b00000, 0x0000000082b00000| Complete 
|  43|0x0000000082b00000, 0x0000000082c00000, 0x0000000082c00000|100%|HS|  |TAMS 0x0000000082c00000, 0x0000000082c00000| Complete 
|  44|0x0000000082c00000, 0x0000000082d00000, 0x0000000082d00000|100%|HC|  |TAMS 0x0000000082d00000, 0x0000000082d00000| Complete 
|  45|0x0000000082d00000, 0x0000000082e00000, 0x0000000082e00000|100%| O|  |TAMS 0x0000000082e00000, 0x0000000082e00000| Untracked 
|  46|0x0000000082e00000, 0x0000000082f00000, 0x0000000082f00000|100%| O|  |TAMS 0x0000000082f00000, 0x0000000082f00000| Untracked 
|  47|0x0000000082f00000, 0x0000000083000000, 0x0000000083000000|100%| O|  |TAMS 0x0000000083000000, 0x0000000083000000| Untracked 
|  48|0x0000000083000000, 0x0000000083100000, 0x0000000083100000|100%| O|  |TAMS 0x0000000083100000, 0x0000000083100000| Untracked 
|  49|0x0000000083100000, 0x0000000083200000, 0x0000000083200000|100%| O|  |TAMS 0x0000000083200000, 0x0000000083200000| Untracked 
|  50|0x0000000083200000, 0x0000000083300000, 0x0000000083300000|100%| O|  |TAMS 0x0000000083300000, 0x0000000083300000| Untracked 
|  51|0x0000000083300000, 0x0000000083400000, 0x0000000083400000|100%| O|  |TAMS 0x0000000083400000, 0x0000000083400000| Untracked 
|  52|0x0000000083400000, 0x0000000083500000, 0x0000000083500000|100%| O|  |TAMS 0x0000000083500000, 0x0000000083500000| Untracked 
|  53|0x0000000083500000, 0x0000000083600000, 0x0000000083600000|100%| O|  |TAMS 0x0000000083600000, 0x0000000083600000| Untracked 
|  54|0x0000000083600000, 0x0000000083700000, 0x0000000083700000|100%| O|  |TAMS 0x0000000083700000, 0x0000000083700000| Untracked 
|  55|0x0000000083700000, 0x0000000083800000, 0x0000000083800000|100%| O|  |TAMS 0x0000000083800000, 0x0000000083800000| Untracked 
|  56|0x0000000083800000, 0x0000000083900000, 0x0000000083900000|100%| O|  |TAMS 0x0000000083900000, 0x0000000083900000| Untracked 
|  57|0x0000000083900000, 0x0000000083a00000, 0x0000000083a00000|100%| O|  |TAMS 0x0000000083a00000, 0x0000000083a00000| Untracked 
|  58|0x0000000083a00000, 0x0000000083b00000, 0x0000000083b00000|100%| O|  |TAMS 0x0000000083b00000, 0x0000000083b00000| Untracked 
|  59|0x0000000083b00000, 0x0000000083c00000, 0x0000000083c00000|100%| O|  |TAMS 0x0000000083c00000, 0x0000000083c00000| Untracked 
|  60|0x0000000083c00000, 0x0000000083d00000, 0x0000000083d00000|100%| O|  |TAMS 0x0000000083d00000, 0x0000000083d00000| Untracked 
|  61|0x0000000083d00000, 0x0000000083e00000, 0x0000000083e00000|100%| O|  |TAMS 0x0000000083e00000, 0x0000000083e00000| Untracked 
|  62|0x0000000083e00000, 0x0000000083f00000, 0x0000000083f00000|100%| O|  |TAMS 0x0000000083f00000, 0x0000000083f00000| Untracked 
|  63|0x0000000083f00000, 0x0000000084000000, 0x0000000084000000|100%| O|  |TAMS 0x0000000084000000, 0x0000000084000000| Untracked 
|  64|0x0000000084000000, 0x0000000084100000, 0x0000000084100000|100%| O|  |TAMS 0x0000000084100000, 0x0000000084100000| Untracked 
|  65|0x0000000084100000, 0x0000000084200000, 0x0000000084200000|100%| O|  |TAMS 0x0000000084200000, 0x0000000084200000| Untracked 
|  66|0x0000000084200000, 0x0000000084300000, 0x0000000084300000|100%| O|  |TAMS 0x0000000084300000, 0x0000000084300000| Untracked 
|  67|0x0000000084300000, 0x0000000084400000, 0x0000000084400000|100%| O|  |TAMS 0x0000000084400000, 0x0000000084400000| Untracked 
|  68|0x0000000084400000, 0x0000000084500000, 0x0000000084500000|100%| O|  |TAMS 0x0000000084500000, 0x0000000084500000| Untracked 
|  69|0x0000000084500000, 0x0000000084600000, 0x0000000084600000|100%| O|  |TAMS 0x0000000084600000, 0x0000000084600000| Untracked 
|  70|0x0000000084600000, 0x0000000084700000, 0x0000000084700000|100%| O|  |TAMS 0x0000000084700000, 0x0000000084700000| Untracked 
|  71|0x0000000084700000, 0x0000000084800000, 0x0000000084800000|100%| O|  |TAMS 0x0000000084800000, 0x0000000084800000| Untracked 
|  72|0x0000000084800000, 0x0000000084900000, 0x0000000084900000|100%| O|  |TAMS 0x0000000084900000, 0x0000000084900000| Untracked 
|  73|0x0000000084900000, 0x0000000084a00000, 0x0000000084a00000|100%| O|  |TAMS 0x0000000084a00000, 0x0000000084a00000| Untracked 
|  74|0x0000000084a00000, 0x0000000084b00000, 0x0000000084b00000|100%| O|  |TAMS 0x0000000084b00000, 0x0000000084b00000| Untracked 
|  75|0x0000000084b00000, 0x0000000084c00000, 0x0000000084c00000|100%| O|  |TAMS 0x0000000084c00000, 0x0000000084c00000| Untracked 
|  76|0x0000000084c00000, 0x0000000084d00000, 0x0000000084d00000|100%| O|  |TAMS 0x0000000084d00000, 0x0000000084d00000| Untracked 
|  77|0x0000000084d00000, 0x0000000084e00000, 0x0000000084e00000|100%| O|  |TAMS 0x0000000084e00000, 0x0000000084e00000| Untracked 
|  78|0x0000000084e00000, 0x0000000084f00000, 0x0000000084f00000|100%| O|  |TAMS 0x0000000084f00000, 0x0000000084f00000| Untracked 
|  79|0x0000000084f00000, 0x0000000085000000, 0x0000000085000000|100%| O|  |TAMS 0x0000000085000000, 0x0000000085000000| Untracked 
|  80|0x0000000085000000, 0x0000000085100000, 0x0000000085100000|100%| O|  |TAMS 0x0000000085100000, 0x0000000085100000| Untracked 
|  81|0x0000000085100000, 0x0000000085200000, 0x0000000085200000|100%| O|  |TAMS 0x0000000085200000, 0x0000000085200000| Untracked 
|  82|0x0000000085200000, 0x0000000085300000, 0x0000000085300000|100%| O|  |TAMS 0x0000000085300000, 0x0000000085300000| Untracked 
|  83|0x0000000085300000, 0x0000000085400000, 0x0000000085400000|100%| O|  |TAMS 0x0000000085400000, 0x0000000085400000| Untracked 
|  84|0x0000000085400000, 0x0000000085500000, 0x0000000085500000|100%| O|  |TAMS 0x0000000085500000, 0x0000000085500000| Untracked 
|  85|0x0000000085500000, 0x0000000085600000, 0x0000000085600000|100%| O|  |TAMS 0x0000000085600000, 0x0000000085600000| Untracked 
|  86|0x0000000085600000, 0x0000000085700000, 0x0000000085700000|100%| O|  |TAMS 0x0000000085700000, 0x0000000085700000| Untracked 
|  87|0x0000000085700000, 0x0000000085800000, 0x0000000085800000|100%| O|  |TAMS 0x0000000085800000, 0x0000000085800000| Untracked 
|  88|0x0000000085800000, 0x0000000085900000, 0x0000000085900000|100%| O|  |TAMS 0x0000000085900000, 0x0000000085900000| Untracked 
|  89|0x0000000085900000, 0x0000000085a00000, 0x0000000085a00000|100%| O|  |TAMS 0x0000000085a00000, 0x0000000085a00000| Untracked 
|  90|0x0000000085a00000, 0x0000000085b00000, 0x0000000085b00000|100%| O|  |TAMS 0x0000000085b00000, 0x0000000085b00000| Untracked 
|  91|0x0000000085b00000, 0x0000000085c00000, 0x0000000085c00000|100%| O|  |TAMS 0x0000000085c00000, 0x0000000085c00000| Untracked 
|  92|0x0000000085c00000, 0x0000000085d00000, 0x0000000085d00000|100%| O|  |TAMS 0x0000000085d00000, 0x0000000085d00000| Untracked 
|  93|0x0000000085d00000, 0x0000000085e00000, 0x0000000085e00000|100%| O|  |TAMS 0x0000000085e00000, 0x0000000085e00000| Untracked 
|  94|0x0000000085e00000, 0x0000000085f00000, 0x0000000085f00000|100%| O|  |TAMS 0x0000000085f00000, 0x0000000085f00000| Untracked 
|  95|0x0000000085f00000, 0x0000000086000000, 0x0000000086000000|100%| O|  |TAMS 0x0000000086000000, 0x0000000086000000| Untracked 
|  96|0x0000000086000000, 0x0000000086100000, 0x0000000086100000|100%| O|  |TAMS 0x0000000086100000, 0x0000000086100000| Untracked 
|  97|0x0000000086100000, 0x0000000086200000, 0x0000000086200000|100%| O|  |TAMS 0x0000000086200000, 0x0000000086200000| Untracked 
|  98|0x0000000086200000, 0x0000000086300000, 0x0000000086300000|100%| O|  |TAMS 0x0000000086300000, 0x0000000086300000| Untracked 
|  99|0x0000000086300000, 0x0000000086400000, 0x0000000086400000|100%| O|  |TAMS 0x0000000086400000, 0x0000000086400000| Untracked 
| 100|0x0000000086400000, 0x0000000086500000, 0x0000000086500000|100%| O|  |TAMS 0x0000000086500000, 0x0000000086500000| Untracked 
| 101|0x0000000086500000, 0x0000000086600000, 0x0000000086600000|100%| O|  |TAMS 0x0000000086600000, 0x0000000086600000| Untracked 
| 102|0x0000000086600000, 0x0000000086700000, 0x0000000086700000|100%| O|  |TAMS 0x0000000086700000, 0x0000000086700000| Untracked 
| 103|0x0000000086700000, 0x0000000086800000, 0x0000000086800000|100%| O|  |TAMS 0x0000000086800000, 0x0000000086800000| Untracked 
| 104|0x0000000086800000, 0x0000000086900000, 0x0000000086900000|100%| O|  |TAMS 0x0000000086900000, 0x0000000086900000| Untracked 
| 105|0x0000000086900000, 0x0000000086a00000, 0x0000000086a00000|100%| O|  |TAMS 0x0000000086a00000, 0x0000000086a00000| Untracked 
| 106|0x0000000086a00000, 0x0000000086b00000, 0x0000000086b00000|100%| O|  |TAMS 0x0000000086b00000, 0x0000000086b00000| Untracked 
| 107|0x0000000086b00000, 0x0000000086c00000, 0x0000000086c00000|100%| O|  |TAMS 0x0000000086c00000, 0x0000000086c00000| Untracked 
| 108|0x0000000086c00000, 0x0000000086d00000, 0x0000000086d00000|100%| O|  |TAMS 0x0000000086d00000, 0x0000000086d00000| Untracked 
| 109|0x0000000086d00000, 0x0000000086e00000, 0x0000000086e00000|100%| O|  |TAMS 0x0000000086e00000, 0x0000000086e00000| Untracked 
| 110|0x0000000086e00000, 0x0000000086f00000, 0x0000000086f00000|100%|HS|  |TAMS 0x0000000086f00000, 0x0000000086f00000| Complete 
| 111|0x0000000086f00000, 0x0000000087000000, 0x0000000087000000|100%|HS|  |TAMS 0x0000000087000000, 0x0000000087000000| Complete 
| 112|0x0000000087000000, 0x0000000087100000, 0x0000000087100000|100%|HS|  |TAMS 0x0000000087100000, 0x0000000087100000| Complete 
| 113|0x0000000087100000, 0x0000000087200000, 0x0000000087200000|100%|HC|  |TAMS 0x0000000087200000, 0x0000000087200000| Complete 
| 114|0x0000000087200000, 0x0000000087300000, 0x0000000087300000|100%|HC|  |TAMS 0x0000000087300000, 0x0000000087300000| Complete 
| 115|0x0000000087300000, 0x0000000087400000, 0x0000000087400000|100%| O|  |TAMS 0x0000000087400000, 0x0000000087400000| Untracked 
| 116|0x0000000087400000, 0x0000000087500000, 0x0000000087500000|100%| O|  |TAMS 0x0000000087500000, 0x0000000087500000| Untracked 
| 117|0x0000000087500000, 0x0000000087600000, 0x0000000087600000|100%| O|  |TAMS 0x0000000087600000, 0x0000000087600000| Untracked 
| 118|0x0000000087600000, 0x0000000087700000, 0x0000000087700000|100%| O|  |TAMS 0x0000000087700000, 0x0000000087700000| Untracked 
| 119|0x0000000087700000, 0x0000000087800000, 0x0000000087800000|100%| O|  |TAMS 0x0000000087800000, 0x0000000087800000| Untracked 
| 120|0x0000000087800000, 0x0000000087900000, 0x0000000087900000|100%| O|  |TAMS 0x0000000087900000, 0x0000000087900000| Untracked 
| 121|0x0000000087900000, 0x0000000087a00000, 0x0000000087a00000|100%| O|  |TAMS 0x0000000087a00000, 0x0000000087a00000| Untracked 
| 122|0x0000000087a00000, 0x0000000087b00000, 0x0000000087b00000|100%| O|  |TAMS 0x0000000087b00000, 0x0000000087b00000| Untracked 
| 123|0x0000000087b00000, 0x0000000087c00000, 0x0000000087c00000|100%| O|  |TAMS 0x0000000087c00000, 0x0000000087c00000| Untracked 
| 124|0x0000000087c00000, 0x0000000087d00000, 0x0000000087d00000|100%| O|  |TAMS 0x0000000087d00000, 0x0000000087d00000| Untracked 
| 125|0x0000000087d00000, 0x0000000087e00000, 0x0000000087e00000|100%| O|  |TAMS 0x0000000087e00000, 0x0000000087e00000| Untracked 
| 126|0x0000000087e00000, 0x0000000087f00000, 0x0000000087f00000|100%| O|  |TAMS 0x0000000087f00000, 0x0000000087f00000| Untracked 
| 127|0x0000000087f00000, 0x0000000088000000, 0x0000000088000000|100%| O|  |TAMS 0x0000000088000000, 0x0000000088000000| Untracked 
| 128|0x0000000088000000, 0x0000000088100000, 0x0000000088100000|100%| O|  |TAMS 0x0000000088100000, 0x0000000088100000| Untracked 
| 129|0x0000000088100000, 0x0000000088200000, 0x0000000088200000|100%| O|  |TAMS 0x0000000088200000, 0x0000000088200000| Untracked 
| 130|0x0000000088200000, 0x0000000088300000, 0x0000000088300000|100%| O|  |TAMS 0x0000000088300000, 0x0000000088300000| Untracked 
| 131|0x0000000088300000, 0x0000000088400000, 0x0000000088400000|100%| O|  |TAMS 0x0000000088400000, 0x0000000088400000| Untracked 
| 132|0x0000000088400000, 0x0000000088500000, 0x0000000088500000|100%| O|  |TAMS 0x0000000088500000, 0x0000000088500000| Untracked 
| 133|0x0000000088500000, 0x0000000088600000, 0x0000000088600000|100%| O|  |TAMS 0x0000000088600000, 0x0000000088600000| Untracked 
| 134|0x0000000088600000, 0x0000000088700000, 0x0000000088700000|100%| O|  |TAMS 0x0000000088700000, 0x0000000088700000| Untracked 
| 135|0x0000000088700000, 0x0000000088800000, 0x0000000088800000|100%| O|  |TAMS 0x0000000088800000, 0x0000000088800000| Untracked 
| 136|0x0000000088800000, 0x0000000088900000, 0x0000000088900000|100%| O|  |TAMS 0x0000000088900000, 0x0000000088900000| Untracked 
| 137|0x0000000088900000, 0x0000000088a00000, 0x0000000088a00000|100%| O|  |TAMS 0x0000000088a00000, 0x0000000088a00000| Untracked 
| 138|0x0000000088a00000, 0x0000000088b00000, 0x0000000088b00000|100%| O|  |TAMS 0x0000000088b00000, 0x0000000088b00000| Untracked 
| 139|0x0000000088b00000, 0x0000000088c00000, 0x0000000088c00000|100%| O|  |TAMS 0x0000000088c00000, 0x0000000088c00000| Untracked 
| 140|0x0000000088c00000, 0x0000000088d00000, 0x0000000088d00000|100%| O|  |TAMS 0x0000000088d00000, 0x0000000088d00000| Untracked 
| 141|0x0000000088d00000, 0x0000000088e00000, 0x0000000088e00000|100%| O|  |TAMS 0x0000000088e00000, 0x0000000088e00000| Untracked 
| 142|0x0000000088e00000, 0x0000000088f00000, 0x0000000088f00000|100%| O|  |TAMS 0x0000000088f00000, 0x0000000088f00000| Untracked 
| 143|0x0000000088f00000, 0x0000000089000000, 0x0000000089000000|100%| O|  |TAMS 0x0000000089000000, 0x0000000089000000| Untracked 
| 144|0x0000000089000000, 0x0000000089100000, 0x0000000089100000|100%| O|  |TAMS 0x0000000089083e00, 0x0000000089100000| Untracked 
| 145|0x0000000089100000, 0x0000000089200000, 0x0000000089200000|100%| O|  |TAMS 0x0000000089200000, 0x0000000089200000| Untracked 
| 146|0x0000000089200000, 0x0000000089300000, 0x0000000089300000|100%| O|  |TAMS 0x0000000089200000, 0x0000000089300000| Untracked 
| 147|0x0000000089300000, 0x0000000089400000, 0x0000000089400000|100%| O|  |TAMS 0x0000000089300000, 0x0000000089400000| Untracked 
| 148|0x0000000089400000, 0x0000000089500000, 0x0000000089500000|100%| O|  |TAMS 0x0000000089400000, 0x0000000089500000| Untracked 
| 149|0x0000000089500000, 0x0000000089600000, 0x0000000089600000|100%| O|  |TAMS 0x0000000089500000, 0x0000000089600000| Untracked 
| 150|0x0000000089600000, 0x0000000089700000, 0x0000000089700000|100%| O|  |TAMS 0x0000000089600000, 0x0000000089700000| Untracked 
| 151|0x0000000089700000, 0x0000000089800000, 0x0000000089800000|100%| O|  |TAMS 0x0000000089700000, 0x0000000089800000| Untracked 
| 152|0x0000000089800000, 0x0000000089900000, 0x0000000089900000|100%| O|  |TAMS 0x0000000089800000, 0x0000000089900000| Untracked 
| 153|0x0000000089900000, 0x0000000089a00000, 0x0000000089a00000|100%| O|  |TAMS 0x0000000089900000, 0x0000000089a00000| Untracked 
| 154|0x0000000089a00000, 0x0000000089b00000, 0x0000000089b00000|100%| O|  |TAMS 0x0000000089b00000, 0x0000000089b00000| Untracked 
| 155|0x0000000089b00000, 0x0000000089c00000, 0x0000000089c00000|100%| O|  |TAMS 0x0000000089c00000, 0x0000000089c00000| Untracked 
| 156|0x0000000089c00000, 0x0000000089d00000, 0x0000000089d00000|100%| O|  |TAMS 0x0000000089d00000, 0x0000000089d00000| Untracked 
| 157|0x0000000089d00000, 0x0000000089d5a400, 0x0000000089e00000| 35%| O|  |TAMS 0x0000000089d00000, 0x0000000089d5a400| Untracked 
| 158|0x0000000089e00000, 0x0000000089f00000, 0x0000000089f00000|100%| O|  |TAMS 0x0000000089f00000, 0x0000000089f00000| Untracked 
| 159|0x0000000089f00000, 0x000000008a000000, 0x000000008a000000|100%| O|  |TAMS 0x000000008a000000, 0x000000008a000000| Untracked 
| 160|0x000000008a000000, 0x000000008a000000, 0x000000008a100000|  0%| F|  |TAMS 0x000000008a000000, 0x000000008a000000| Untracked 
| 161|0x000000008a100000, 0x000000008a100000, 0x000000008a200000|  0%| F|  |TAMS 0x000000008a100000, 0x000000008a100000| Untracked 
| 162|0x000000008a200000, 0x000000008a200000, 0x000000008a300000|  0%| F|  |TAMS 0x000000008a200000, 0x000000008a200000| Untracked 
| 163|0x000000008a300000, 0x000000008a300000, 0x000000008a400000|  0%| F|  |TAMS 0x000000008a300000, 0x000000008a300000| Untracked 
| 164|0x000000008a400000, 0x000000008a400000, 0x000000008a500000|  0%| F|  |TAMS 0x000000008a400000, 0x000000008a400000| Untracked 
| 165|0x000000008a500000, 0x000000008a500000, 0x000000008a600000|  0%| F|  |TAMS 0x000000008a500000, 0x000000008a500000| Untracked 
| 166|0x000000008a600000, 0x000000008a600000, 0x000000008a700000|  0%| F|  |TAMS 0x000000008a600000, 0x000000008a600000| Untracked 
| 167|0x000000008a700000, 0x000000008a700000, 0x000000008a800000|  0%| F|  |TAMS 0x000000008a700000, 0x000000008a700000| Untracked 
| 168|0x000000008a800000, 0x000000008a800000, 0x000000008a900000|  0%| F|  |TAMS 0x000000008a800000, 0x000000008a800000| Untracked 
| 169|0x000000008a900000, 0x000000008a900000, 0x000000008aa00000|  0%| F|  |TAMS 0x000000008a900000, 0x000000008a900000| Untracked 
| 170|0x000000008aa00000, 0x000000008aa00000, 0x000000008ab00000|  0%| F|  |TAMS 0x000000008aa00000, 0x000000008aa00000| Untracked 
| 171|0x000000008ab00000, 0x000000008ab00000, 0x000000008ac00000|  0%| F|  |TAMS 0x000000008ab00000, 0x000000008ab00000| Untracked 
| 172|0x000000008ac00000, 0x000000008ac00000, 0x000000008ad00000|  0%| F|  |TAMS 0x000000008ac00000, 0x000000008ac00000| Untracked 
| 173|0x000000008ad00000, 0x000000008ad00000, 0x000000008ae00000|  0%| F|  |TAMS 0x000000008ad00000, 0x000000008ad00000| Untracked 
| 174|0x000000008ae00000, 0x000000008ae00000, 0x000000008af00000|  0%| F|  |TAMS 0x000000008ae00000, 0x000000008ae00000| Untracked 
| 175|0x000000008af00000, 0x000000008af00000, 0x000000008b000000|  0%| F|  |TAMS 0x000000008af00000, 0x000000008af00000| Untracked 
| 176|0x000000008b000000, 0x000000008b000000, 0x000000008b100000|  0%| F|  |TAMS 0x000000008b000000, 0x000000008b000000| Untracked 
| 177|0x000000008b100000, 0x000000008b100000, 0x000000008b200000|  0%| F|  |TAMS 0x000000008b100000, 0x000000008b100000| Untracked 
| 178|0x000000008b200000, 0x000000008b200000, 0x000000008b300000|  0%| F|  |TAMS 0x000000008b200000, 0x000000008b200000| Untracked 
| 179|0x000000008b300000, 0x000000008b300000, 0x000000008b400000|  0%| F|  |TAMS 0x000000008b300000, 0x000000008b300000| Untracked 
| 180|0x000000008b400000, 0x000000008b400000, 0x000000008b500000|  0%| F|  |TAMS 0x000000008b400000, 0x000000008b400000| Untracked 
| 181|0x000000008b500000, 0x000000008b500000, 0x000000008b600000|  0%| F|  |TAMS 0x000000008b500000, 0x000000008b500000| Untracked 
| 182|0x000000008b600000, 0x000000008b600000, 0x000000008b700000|  0%| F|  |TAMS 0x000000008b600000, 0x000000008b600000| Untracked 
| 183|0x000000008b700000, 0x000000008b700000, 0x000000008b800000|  0%| F|  |TAMS 0x000000008b700000, 0x000000008b700000| Untracked 
| 184|0x000000008b800000, 0x000000008b800000, 0x000000008b900000|  0%| F|  |TAMS 0x000000008b800000, 0x000000008b800000| Untracked 
| 185|0x000000008b900000, 0x000000008b900000, 0x000000008ba00000|  0%| F|  |TAMS 0x000000008b900000, 0x000000008b900000| Untracked 
| 186|0x000000008ba00000, 0x000000008ba00000, 0x000000008bb00000|  0%| F|  |TAMS 0x000000008ba00000, 0x000000008ba00000| Untracked 
| 187|0x000000008bb00000, 0x000000008bb00000, 0x000000008bc00000|  0%| F|  |TAMS 0x000000008bb00000, 0x000000008bb00000| Untracked 
| 188|0x000000008bc00000, 0x000000008bc00000, 0x000000008bd00000|  0%| F|  |TAMS 0x000000008bc00000, 0x000000008bc00000| Untracked 
| 189|0x000000008bd00000, 0x000000008bd00000, 0x000000008be00000|  0%| F|  |TAMS 0x000000008bd00000, 0x000000008bd00000| Untracked 
| 190|0x000000008be00000, 0x000000008be00000, 0x000000008bf00000|  0%| F|  |TAMS 0x000000008be00000, 0x000000008be00000| Untracked 
| 191|0x000000008bf00000, 0x000000008bf00000, 0x000000008c000000|  0%| F|  |TAMS 0x000000008bf00000, 0x000000008bf00000| Untracked 
| 192|0x000000008c000000, 0x000000008c000000, 0x000000008c100000|  0%| F|  |TAMS 0x000000008c000000, 0x000000008c000000| Untracked 
| 193|0x000000008c100000, 0x000000008c100000, 0x000000008c200000|  0%| F|  |TAMS 0x000000008c100000, 0x000000008c100000| Untracked 
| 194|0x000000008c200000, 0x000000008c200000, 0x000000008c300000|  0%| F|  |TAMS 0x000000008c200000, 0x000000008c200000| Untracked 
| 195|0x000000008c300000, 0x000000008c3e5dd0, 0x000000008c400000| 89%| S|CS|TAMS 0x000000008c300000, 0x000000008c300000| Complete 
| 196|0x000000008c400000, 0x000000008c400000, 0x000000008c500000|  0%| F|  |TAMS 0x000000008c400000, 0x000000008c400000| Untracked 
| 197|0x000000008c500000, 0x000000008c500000, 0x000000008c600000|  0%| F|  |TAMS 0x000000008c500000, 0x000000008c500000| Untracked 
| 198|0x000000008c600000, 0x000000008c600000, 0x000000008c700000|  0%| F|  |TAMS 0x000000008c600000, 0x000000008c600000| Untracked 
| 199|0x000000008c700000, 0x000000008c700000, 0x000000008c800000|  0%| F|  |TAMS 0x000000008c700000, 0x000000008c700000| Untracked 
| 200|0x000000008c800000, 0x000000008c900000, 0x000000008c900000|100%| S|CS|TAMS 0x000000008c800000, 0x000000008c800000| Complete 
| 201|0x000000008c900000, 0x000000008ca00000, 0x000000008ca00000|100%| S|CS|TAMS 0x000000008c900000, 0x000000008c900000| Complete 
| 202|0x000000008ca00000, 0x000000008cb00000, 0x000000008cb00000|100%| S|CS|TAMS 0x000000008ca00000, 0x000000008ca00000| Complete 
| 203|0x000000008cb00000, 0x000000008cb00000, 0x000000008cc00000|  0%| F|  |TAMS 0x000000008cb00000, 0x000000008cb00000| Untracked 
| 204|0x000000008cc00000, 0x000000008cc00000, 0x000000008cd00000|  0%| F|  |TAMS 0x000000008cc00000, 0x000000008cc00000| Untracked 
| 205|0x000000008cd00000, 0x000000008cd00000, 0x000000008ce00000|  0%| F|  |TAMS 0x000000008cd00000, 0x000000008cd00000| Untracked 
| 206|0x000000008ce00000, 0x000000008ce00000, 0x000000008cf00000|  0%| F|  |TAMS 0x000000008ce00000, 0x000000008ce00000| Untracked 
| 207|0x000000008cf00000, 0x000000008cf00000, 0x000000008d000000|  0%| F|  |TAMS 0x000000008cf00000, 0x000000008cf00000| Untracked 
| 208|0x000000008d000000, 0x000000008d000000, 0x000000008d100000|  0%| F|  |TAMS 0x000000008d000000, 0x000000008d000000| Untracked 
| 209|0x000000008d100000, 0x000000008d100000, 0x000000008d200000|  0%| F|  |TAMS 0x000000008d100000, 0x000000008d100000| Untracked 
| 210|0x000000008d200000, 0x000000008d200000, 0x000000008d300000|  0%| F|  |TAMS 0x000000008d200000, 0x000000008d200000| Untracked 
| 211|0x000000008d300000, 0x000000008d300000, 0x000000008d400000|  0%| F|  |TAMS 0x000000008d300000, 0x000000008d300000| Untracked 
| 212|0x000000008d400000, 0x000000008d400000, 0x000000008d500000|  0%| F|  |TAMS 0x000000008d400000, 0x000000008d400000| Untracked 
| 213|0x000000008d500000, 0x000000008d500000, 0x000000008d600000|  0%| F|  |TAMS 0x000000008d500000, 0x000000008d500000| Untracked 
| 214|0x000000008d600000, 0x000000008d600000, 0x000000008d700000|  0%| F|  |TAMS 0x000000008d600000, 0x000000008d600000| Untracked 
| 215|0x000000008d700000, 0x000000008d700000, 0x000000008d800000|  0%| F|  |TAMS 0x000000008d700000, 0x000000008d700000| Untracked 
| 216|0x000000008d800000, 0x000000008d800000, 0x000000008d900000|  0%| F|  |TAMS 0x000000008d800000, 0x000000008d800000| Untracked 
| 217|0x000000008d900000, 0x000000008d900000, 0x000000008da00000|  0%| F|  |TAMS 0x000000008d900000, 0x000000008d900000| Untracked 
| 218|0x000000008da00000, 0x000000008da00000, 0x000000008db00000|  0%| F|  |TAMS 0x000000008da00000, 0x000000008da00000| Untracked 
| 219|0x000000008db00000, 0x000000008db00000, 0x000000008dc00000|  0%| F|  |TAMS 0x000000008db00000, 0x000000008db00000| Untracked 
| 220|0x000000008dc00000, 0x000000008dc00000, 0x000000008dd00000|  0%| F|  |TAMS 0x000000008dc00000, 0x000000008dc00000| Untracked 
| 221|0x000000008dd00000, 0x000000008dd00000, 0x000000008de00000|  0%| F|  |TAMS 0x000000008dd00000, 0x000000008dd00000| Untracked 
| 222|0x000000008de00000, 0x000000008de00000, 0x000000008df00000|  0%| F|  |TAMS 0x000000008de00000, 0x000000008de00000| Untracked 
| 223|0x000000008df00000, 0x000000008df9bf00, 0x000000008e000000| 60%| E|  |TAMS 0x000000008df00000, 0x000000008df00000| Complete 
| 224|0x000000008e000000, 0x000000008e100000, 0x000000008e100000|100%| E|CS|TAMS 0x000000008e000000, 0x000000008e000000| Complete 
| 225|0x000000008e100000, 0x000000008e200000, 0x000000008e200000|100%| E|CS|TAMS 0x000000008e100000, 0x000000008e100000| Complete 
| 226|0x000000008e200000, 0x000000008e300000, 0x000000008e300000|100%| E|CS|TAMS 0x000000008e200000, 0x000000008e200000| Complete 
| 227|0x000000008e300000, 0x000000008e3fffd0, 0x000000008e400000| 99%| E|  |TAMS 0x000000008e300000, 0x000000008e300000| Complete 
| 228|0x000000008e400000, 0x000000008e500000, 0x000000008e500000|100%| E|CS|TAMS 0x000000008e400000, 0x000000008e400000| Complete 
| 229|0x000000008e500000, 0x000000008e600000, 0x000000008e600000|100%| E|CS|TAMS 0x000000008e500000, 0x000000008e500000| Complete 
| 230|0x000000008e600000, 0x000000008e700000, 0x000000008e700000|100%| E|CS|TAMS 0x000000008e600000, 0x000000008e600000| Complete 

Card table byte_map: [0x0000029555c10000,0x0000029556010000] _byte_map_base: 0x0000029555810000

Marking Bits (Prev, Next): (CMBitMap*) 0x000002953c2de2c8, (CMBitMap*) 0x000002953c2de300
 Prev Bits: [0x0000029556410000, 0x0000029558410000)
 Next Bits: [0x0000029558410000, 0x000002955a410000)

Polling page: 0x000002953c380000

Metaspace:

Usage:
  Non-class:    100.03 MB capacity,    96.79 MB ( 97%) used,     2.85 MB (  3%) free+waste,   400.75 KB ( <1%) overhead. 
      Class:     16.23 MB capacity,    14.29 MB ( 88%) used,     1.76 MB ( 11%) free+waste,   186.44 KB (  1%) overhead. 
       Both:    116.26 MB capacity,   111.08 MB ( 96%) used,     4.61 MB (  4%) free+waste,   587.19 KB ( <1%) overhead. 

Virtual space:
  Non-class space:      102.00 MB reserved,     100.08 MB ( 98%) committed 
      Class space:      504.00 MB reserved,      16.25 MB (  3%) committed 
             Both:      606.00 MB reserved,     116.33 MB ( 19%) committed 

Chunk freelists:
   Non-Class:  0 bytes
       Class:  20.00 KB
        Both:  20.00 KB

MaxMetaspaceSize: 512.00 MB
CompressedClassSpaceSize: 504.00 MB
Initial GC threshold: 20.80 MB
Current GC threshold: 187.63 MB
CDS: off

CodeHeap 'non-profiled nmethods': size=120064Kb used=12100Kb max_used=12100Kb free=107963Kb
 bounds [0x000002954dca0000, 0x000002954e880000, 0x00000295551e0000]
CodeHeap 'profiled nmethods': size=120000Kb used=38317Kb max_used=38317Kb free=81682Kb
 bounds [0x0000029546770000, 0x0000029548ce0000, 0x000002954dca0000]
CodeHeap 'non-nmethods': size=5696Kb used=2404Kb max_used=2464Kb free=3291Kb
 bounds [0x00000295461e0000, 0x0000029546460000, 0x0000029546770000]
 total_blobs=17989 nmethods=17065 adapters=835
 compilation: enabled
              stopped_count=0, restarted_count=0
 full_count=0

Compilation events (20 events):
Event: 248.859 Thread 0x000002955ca9b000 nmethod 17150 0x0000029548cd5c90 code [0x0000029548cd5e60, 0x0000029548cd6118]
Event: 248.860 Thread 0x000002955ca9b000 17151       3       com.google.common.base.CharMatcher$Is::<init> (10 bytes)
Event: 248.860 Thread 0x000002955ca9b000 nmethod 17151 0x0000029548cd6290 code [0x0000029548cd6460, 0x0000029548cd6678]
Event: 248.860 Thread 0x000002955ca9b000 17152       3       com.google.common.base.CharMatcher$FastMatcher::<init> (5 bytes)
Event: 248.860 Thread 0x000002955ca9b000 nmethod 17152 0x0000029548cd6790 code [0x0000029548cd6940, 0x0000029548cd6af8]
Event: 248.860 Thread 0x000002955ca9b000 17153       3       com.google.common.base.CharMatcher::<init> (5 bytes)
Event: 248.860 Thread 0x000002955ca9b000 nmethod 17153 0x0000029548cd6c10 code [0x0000029548cd6dc0, 0x0000029548cd6f18]
Event: 248.860 Thread 0x000002955ca9b000 17154       3       com.google.common.base.Splitter::splittingIterator (12 bytes)
Event: 248.860 Thread 0x000002955ca9b000 nmethod 17154 0x0000029548cd7010 code [0x0000029548cd7200, 0x0000029548cd7588]
Event: 248.860 Thread 0x000002955ca9b000 17155       3       com.google.common.base.Splitter$SplittingIterator::<init> (39 bytes)
Event: 248.861 Thread 0x000002955ca9b000 nmethod 17155 0x0000029548cd7710 code [0x0000029548cd78e0, 0x0000029548cd7c18]
Event: 248.861 Thread 0x000002955ca9b000 17156       3       com.google.common.base.AbstractIterator::<init> (12 bytes)
Event: 248.861 Thread 0x000002955ca9b000 nmethod 17156 0x0000029548cd7d10 code [0x0000029548cd7ec0, 0x0000029548cd8078]
Event: 248.861 Thread 0x000002955ca9b000 17157       3       com.google.common.base.Splitter::on (8 bytes)
Event: 248.861 Thread 0x000002955ca9b000 nmethod 17157 0x0000029548cd8110 code [0x0000029548cd8340, 0x0000029548cd8b38]
Event: 248.861 Thread 0x000002955ca9b000 17158       3       com.google.common.base.Splitter::on (21 bytes)
Event: 248.861 Thread 0x000002955ca9b000 nmethod 17158 0x0000029548cd8e10 code [0x0000029548cd9020, 0x0000029548cd9688]
Event: 248.861 Thread 0x000002955ca9b000 17159       3       com.google.common.base.Splitter::splitToList (52 bytes)
Event: 248.861 Thread 0x000002955ca92800 17160       4       com.google.common.base.AbstractIterator::hasNext (65 bytes)
Event: 248.862 Thread 0x000002955ca9b000 nmethod 17159 0x0000029548cd9910 code [0x0000029548cd9c20, 0x0000029548cdaf18]

GC Heap History (20 events):
Event: 209.782 GC heap before
{Heap before GC invocations=100 (full 0):
 garbage-first heap   total 196608K, used 162431K [0x0000000080000000, 0x0000000100000000)
  region size 1024K, 11 young (11264K), 1 survivors (1024K)
 Metaspace       used 109370K, capacity 114504K, committed 114640K, reserved 616448K
  class space    used 14151K, capacity 15992K, committed 16000K, reserved 516096K
}
Event: 209.789 GC heap after
{Heap after GC invocations=101 (full 0):
 garbage-first heap   total 196608K, used 154087K [0x0000000080000000, 0x0000000100000000)
  region size 1024K, 2 young (2048K), 2 survivors (2048K)
 Metaspace       used 109370K, capacity 114504K, committed 114640K, reserved 616448K
  class space    used 14151K, capacity 15992K, committed 16000K, reserved 516096K
}
Event: 210.547 GC heap before
{Heap before GC invocations=101 (full 0):
 garbage-first heap   total 196608K, used 164327K [0x0000000080000000, 0x0000000100000000)
  region size 1024K, 12 young (12288K), 2 survivors (2048K)
 Metaspace       used 109701K, capacity 114848K, committed 115024K, reserved 616448K
  class space    used 14196K, capacity 16059K, committed 16128K, reserved 516096K
}
Event: 210.559 GC heap after
{Heap after GC invocations=102 (full 0):
 garbage-first heap   total 196608K, used 155122K [0x0000000080000000, 0x0000000100000000)
  region size 1024K, 2 young (2048K), 2 survivors (2048K)
 Metaspace       used 109701K, capacity 114848K, committed 115024K, reserved 616448K
  class space    used 14196K, capacity 16059K, committed 16128K, reserved 516096K
}
Event: 210.792 GC heap before
{Heap before GC invocations=102 (full 0):
 garbage-first heap   total 196608K, used 164338K [0x0000000080000000, 0x0000000100000000)
  region size 1024K, 12 young (12288K), 2 survivors (2048K)
 Metaspace       used 109894K, capacity 115055K, committed 115280K, reserved 616448K
  class space    used 14226K, capacity 16082K, committed 16128K, reserved 516096K
}
Event: 210.795 GC heap after
{Heap after GC invocations=103 (full 0):
 garbage-first heap   total 196608K, used 156175K [0x0000000080000000, 0x0000000100000000)
  region size 1024K, 2 young (2048K), 2 survivors (2048K)
 Metaspace       used 109894K, capacity 115055K, committed 115280K, reserved 616448K
  class space    used 14226K, capacity 16082K, committed 16128K, reserved 516096K
}
Event: 211.052 GC heap before
{Heap before GC invocations=103 (full 0):
 garbage-first heap   total 196608K, used 165391K [0x0000000080000000, 0x0000000100000000)
  region size 1024K, 12 young (12288K), 2 survivors (2048K)
 Metaspace       used 109979K, capacity 115118K, committed 115280K, reserved 616448K
  class space    used 14242K, capacity 16124K, committed 16128K, reserved 516096K
}
Event: 211.059 GC heap after
{Heap after GC invocations=104 (full 0):
 garbage-first heap   total 196608K, used 157868K [0x0000000080000000, 0x0000000100000000)
  region size 1024K, 2 young (2048K), 2 survivors (2048K)
 Metaspace       used 109979K, capacity 115118K, committed 115280K, reserved 616448K
  class space    used 14242K, capacity 16124K, committed 16128K, reserved 516096K
}
Event: 211.115 GC heap before
{Heap before GC invocations=104 (full 0):
 garbage-first heap   total 196608K, used 167084K [0x0000000080000000, 0x0000000100000000)
  region size 1024K, 12 young (12288K), 2 survivors (2048K)
 Metaspace       used 110055K, capacity 115162K, committed 115408K, reserved 616448K
  class space    used 14255K, capacity 16160K, committed 16256K, reserved 516096K
}
Event: 211.120 GC heap after
{Heap after GC invocations=105 (full 0):
 garbage-first heap   total 236544K, used 158345K [0x0000000080000000, 0x0000000100000000)
  region size 1024K, 1 young (1024K), 1 survivors (1024K)
 Metaspace       used 110055K, capacity 115162K, committed 115408K, reserved 616448K
  class space    used 14255K, capacity 16160K, committed 16256K, reserved 516096K
}
Event: 221.489 GC heap before
{Heap before GC invocations=106 (full 0):
 garbage-first heap   total 236544K, used 182921K [0x0000000080000000, 0x0000000100000000)
  region size 1024K, 25 young (25600K), 1 survivors (1024K)
 Metaspace       used 111188K, capacity 116401K, committed 116560K, reserved 616448K
  class space    used 14345K, capacity 16269K, committed 16384K, reserved 516096K
}
Event: 221.494 GC heap after
{Heap after GC invocations=107 (full 0):
 garbage-first heap   total 236544K, used 160407K [0x0000000080000000, 0x0000000100000000)
  region size 1024K, 3 young (3072K), 3 survivors (3072K)
 Metaspace       used 111188K, capacity 116401K, committed 116560K, reserved 616448K
  class space    used 14345K, capacity 16269K, committed 16384K, reserved 516096K
}
Event: 231.906 GC heap before
{Heap before GC invocations=107 (full 0):
 garbage-first heap   total 236544K, used 184983K [0x0000000080000000, 0x0000000100000000)
  region size 1024K, 28 young (28672K), 3 survivors (3072K)
 Metaspace       used 112273K, capacity 117509K, committed 117712K, reserved 618496K
  class space    used 14492K, capacity 16418K, committed 16512K, reserved 516096K
}
Event: 231.911 GC heap after
{Heap after GC invocations=108 (full 0):
 garbage-first heap   total 236544K, used 161740K [0x0000000080000000, 0x0000000100000000)
  region size 1024K, 2 young (2048K), 2 survivors (2048K)
 Metaspace       used 112273K, capacity 117509K, committed 117712K, reserved 618496K
  class space    used 14492K, capacity 16418K, committed 16512K, reserved 516096K
}
Event: 237.091 GC heap before
{Heap before GC invocations=108 (full 0):
 garbage-first heap   total 236544K, used 187340K [0x0000000080000000, 0x0000000100000000)
  region size 1024K, 28 young (28672K), 2 survivors (2048K)
 Metaspace       used 112389K, capacity 117685K, committed 117968K, reserved 618496K
  class space    used 14497K, capacity 16454K, committed 16512K, reserved 516096K
}
Event: 237.096 GC heap after
{Heap after GC invocations=109 (full 0):
 garbage-first heap   total 236544K, used 163177K [0x0000000080000000, 0x0000000100000000)
  region size 1024K, 3 young (3072K), 3 survivors (3072K)
 Metaspace       used 112389K, capacity 117685K, committed 117968K, reserved 618496K
  class space    used 14497K, capacity 16454K, committed 16512K, reserved 516096K
}
Event: 244.226 GC heap before
{Heap before GC invocations=109 (full 0):
 garbage-first heap   total 236544K, used 190825K [0x0000000080000000, 0x0000000100000000)
  region size 1024K, 31 young (31744K), 3 survivors (3072K)
 Metaspace       used 112500K, capacity 117775K, committed 117968K, reserved 618496K
  class space    used 14497K, capacity 16454K, committed 16512K, reserved 516096K
}
Event: 244.231 GC heap after
{Heap after GC invocations=110 (full 0):
 garbage-first heap   total 236544K, used 165174K [0x0000000080000000, 0x0000000100000000)
  region size 1024K, 4 young (4096K), 4 survivors (4096K)
 Metaspace       used 112500K, capacity 117775K, committed 117968K, reserved 618496K
  class space    used 14497K, capacity 16454K, committed 16512K, reserved 516096K
}
Event: 248.616 GC heap before
{Heap before GC invocations=110 (full 0):
 garbage-first heap   total 236544K, used 192822K [0x0000000080000000, 0x0000000100000000)
  region size 1024K, 32 young (32768K), 4 survivors (4096K)
 Metaspace       used 113684K, capacity 119031K, committed 119120K, reserved 620544K
  class space    used 14635K, capacity 16620K, committed 16640K, reserved 516096K
}
Event: 248.623 GC heap after
{Heap after GC invocations=111 (full 0):
 garbage-first heap   total 236544K, used 167168K [0x0000000080000000, 0x0000000100000000)
  region size 1024K, 4 young (4096K), 4 survivors (4096K)
 Metaspace       used 113684K, capacity 119031K, committed 119120K, reserved 620544K
  class space    used 14635K, capacity 16620K, committed 16640K, reserved 516096K
}

Deoptimization events (20 events):
Event: 244.946 Thread 0x0000029564f48000 Uncommon trap: trap_request=0xffffffc6 fr.pc=0x000002954e765d60 relative=0x0000000000004600
Event: 244.946 Thread 0x0000029564f48000 Uncommon trap: reason=bimorphic_or_optimized_type_check action=maybe_recompile pc=0x000002954e765d60 method=org.gradle.internal.snapshot.impl.DefaultValueSnapshotter.processValue(Ljava/lang/Object;Lorg/gradle/internal/snapshot/impl/DefaultValueSnapshotter
Event: 244.946 Thread 0x0000029564f48000 DEOPT PACKING pc=0x000002954e765d60 sp=0x000000f7223fd030
Event: 244.946 Thread 0x0000029564f48000 DEOPT UNPACKING pc=0x000002954622a1af sp=0x000000f7223fd060 mode 2
Event: 245.128 Thread 0x0000029564f48000 Uncommon trap: trap_request=0xffffff4d fr.pc=0x000002954e11b928 relative=0x0000000000000388
Event: 245.128 Thread 0x0000029564f48000 Uncommon trap: reason=unstable_if action=reinterpret pc=0x000002954e11b928 method=java.util.stream.AbstractPipeline.<init>(Ljava/util/stream/AbstractPipeline;I)V @ 69 c2
Event: 245.128 Thread 0x0000029564f48000 DEOPT PACKING pc=0x000002954e11b928 sp=0x000000f7223fb080
Event: 245.129 Thread 0x0000029564f48000 DEOPT UNPACKING pc=0x000002954622a1af sp=0x000000f7223fb048 mode 2
Event: 245.423 Thread 0x0000029564f48000 Uncommon trap: trap_request=0xffffff4d fr.pc=0x000002954e765540 relative=0x0000000000003de0
Event: 245.423 Thread 0x0000029564f48000 Uncommon trap: reason=unstable_if action=reinterpret pc=0x000002954e765540 method=org.gradle.internal.snapshot.impl.DefaultValueSnapshotter.processValue(Ljava/lang/Object;Lorg/gradle/internal/snapshot/impl/DefaultValueSnapshotter$ValueVisitor;)Ljava/lang/
Event: 245.423 Thread 0x0000029564f48000 DEOPT PACKING pc=0x000002954e765540 sp=0x000000f7223fd030
Event: 245.423 Thread 0x0000029564f48000 DEOPT UNPACKING pc=0x000002954622a1af sp=0x000000f7223fd060 mode 2
Event: 247.901 Thread 0x0000029564f43800 Uncommon trap: trap_request=0xffffff4d fr.pc=0x000002954e092878 relative=0x0000000000000598
Event: 247.901 Thread 0x0000029564f43800 Uncommon trap: reason=unstable_if action=reinterpret pc=0x000002954e092878 method=com.esotericsoftware.kryo.io.Output.writeString(Ljava/lang/CharSequence;)V @ 50 c2
Event: 247.901 Thread 0x0000029564f43800 DEOPT PACKING pc=0x000002954e092878 sp=0x000000f7224fe640
Event: 247.901 Thread 0x0000029564f43800 DEOPT UNPACKING pc=0x000002954622a1af sp=0x000000f7224fe5c0 mode 2
Event: 248.418 Thread 0x0000029560d0f000 Uncommon trap: trap_request=0xffffff4d fr.pc=0x000002954e4d434c relative=0x00000000000007ac
Event: 248.418 Thread 0x0000029560d0f000 Uncommon trap: reason=unstable_if action=reinterpret pc=0x000002954e4d434c method=java.util.concurrent.locks.ReentrantLock$FairSync.tryAcquire(I)Z @ 26 c2
Event: 248.418 Thread 0x0000029560d0f000 DEOPT PACKING pc=0x000002954e4d434c sp=0x000000f7203fda40
Event: 248.418 Thread 0x0000029560d0f000 DEOPT UNPACKING pc=0x000002954622a1af sp=0x000000f7203fd930 mode 2

Classes redefined (0 events):
No events

Internal exceptions (20 events):
Event: 247.680 Thread 0x0000029564f48000 Exception <a 'sun/nio/fs/WindowsException'{0x000000008d5a12e0}> (0x000000008d5a12e0) thrown at [./src/hotspot/share/prims/jni.cpp, line 617]
Event: 247.710 Thread 0x0000029564f48000 Exception <a 'sun/nio/fs/WindowsException'{0x000000008d5a2588}> (0x000000008d5a2588) thrown at [./src/hotspot/share/prims/jni.cpp, line 617]
Event: 247.752 Thread 0x0000029564f48000 Exception <a 'sun/nio/fs/WindowsException'{0x000000008d5a3840}> (0x000000008d5a3840) thrown at [./src/hotspot/share/prims/jni.cpp, line 617]
Event: 247.754 Thread 0x0000029564f48000 Exception <a 'sun/nio/fs/WindowsException'{0x000000008d5a4a98}> (0x000000008d5a4a98) thrown at [./src/hotspot/share/prims/jni.cpp, line 617]
Event: 247.757 Thread 0x0000029564f48000 Exception <a 'sun/nio/fs/WindowsException'{0x000000008d5a5d20}> (0x000000008d5a5d20) thrown at [./src/hotspot/share/prims/jni.cpp, line 617]
Event: 247.761 Thread 0x0000029564f48000 Exception <a 'sun/nio/fs/WindowsException'{0x000000008d5a6fd0}> (0x000000008d5a6fd0) thrown at [./src/hotspot/share/prims/jni.cpp, line 617]
Event: 247.765 Thread 0x0000029564f48000 Exception <a 'sun/nio/fs/WindowsException'{0x000000008d5a8280}> (0x000000008d5a8280) thrown at [./src/hotspot/share/prims/jni.cpp, line 617]
Event: 247.775 Thread 0x0000029564f48000 Exception <a 'sun/nio/fs/WindowsException'{0x000000008d5a94c0}> (0x000000008d5a94c0) thrown at [./src/hotspot/share/prims/jni.cpp, line 617]
Event: 247.797 Thread 0x0000029564f48000 Exception <a 'sun/nio/fs/WindowsException'{0x000000008d5addd8}> (0x000000008d5addd8) thrown at [./src/hotspot/share/prims/jni.cpp, line 617]
Event: 247.798 Thread 0x0000029564f48000 Exception <a 'sun/nio/fs/WindowsException'{0x000000008d5af088}> (0x000000008d5af088) thrown at [./src/hotspot/share/prims/jni.cpp, line 617]
Event: 247.800 Thread 0x0000029564f48000 Exception <a 'sun/nio/fs/WindowsException'{0x000000008d5b0480}> (0x000000008d5b0480) thrown at [./src/hotspot/share/prims/jni.cpp, line 617]
Event: 247.801 Thread 0x0000029564f48000 Exception <a 'sun/nio/fs/WindowsException'{0x000000008d5b1768}> (0x000000008d5b1768) thrown at [./src/hotspot/share/prims/jni.cpp, line 617]
Event: 247.822 Thread 0x0000029564f48000 Exception <a 'sun/nio/fs/WindowsException'{0x000000008d5b2a50}> (0x000000008d5b2a50) thrown at [./src/hotspot/share/prims/jni.cpp, line 617]
Event: 247.824 Thread 0x0000029564f48000 Exception <a 'sun/nio/fs/WindowsException'{0x000000008d5b3d30}> (0x000000008d5b3d30) thrown at [./src/hotspot/share/prims/jni.cpp, line 617]
Event: 247.825 Thread 0x0000029564f48000 Exception <a 'sun/nio/fs/WindowsException'{0x000000008d5b5010}> (0x000000008d5b5010) thrown at [./src/hotspot/share/prims/jni.cpp, line 617]
Event: 247.826 Thread 0x0000029564f48000 Exception <a 'sun/nio/fs/WindowsException'{0x000000008d5b62c0}> (0x000000008d5b62c0) thrown at [./src/hotspot/share/prims/jni.cpp, line 617]
Event: 247.982 Thread 0x0000029564f48000 Exception <a 'sun/nio/fs/WindowsException'{0x000000008d4eafd0}> (0x000000008d4eafd0) thrown at [./src/hotspot/share/prims/jni.cpp, line 617]
Event: 247.983 Thread 0x0000029564f48000 Exception <a 'sun/nio/fs/WindowsException'{0x000000008d4ebe80}> (0x000000008d4ebe80) thrown at [./src/hotspot/share/prims/jni.cpp, line 617]
Event: 248.066 Thread 0x0000029564f48000 Exception <a 'sun/nio/fs/WindowsException'{0x000000008d3eec08}> (0x000000008d3eec08) thrown at [./src/hotspot/share/prims/jni.cpp, line 617]
Event: 248.066 Thread 0x0000029564f48000 Exception <a 'sun/nio/fs/WindowsException'{0x000000008d3efac8}> (0x000000008d3efac8) thrown at [./src/hotspot/share/prims/jni.cpp, line 617]

Events (20 events):
Event: 247.090 loading class com/google/common/collect/LinkedListMultimap$NodeIterator done
Event: 247.092 loading class com/google/common/collect/LinkedListMultimap$1ValuesImpl$1
Event: 247.092 loading class com/google/common/collect/LinkedListMultimap$1ValuesImpl$1 done
Event: 247.093 loading class com/google/common/collect/TransformedListIterator
Event: 247.093 loading class com/google/common/collect/TransformedListIterator done
Event: 247.094 loading class com/google/common/collect/StandardTable$RowMap
Event: 247.094 loading class com/google/common/collect/StandardTable$RowMap done
Event: 247.099 loading class com/android/utils/Pair
Event: 247.099 loading class com/android/utils/Pair done
Event: 247.115 loading class com/android/ide/common/resources/CompileResourceRequest
Event: 247.115 loading class com/android/ide/common/resources/CompileResourceRequest done
Event: 247.175 loading class com/android/ide/common/resources/CompileResourceRequest$sourcePath$2
Event: 247.175 loading class com/android/ide/common/resources/CompileResourceRequest$sourcePath$2 done
Event: 247.924 loading class org/gradle/api/internal/provider/ValueSupplier$1
Event: 247.924 loading class org/gradle/api/internal/provider/ValueSupplier$1 done
Event: 248.202 loading class org/gradle/api/internal/artifacts/transform/TransformationResult$Builder$PartOfInputArtifact
Event: 248.202 loading class org/gradle/api/internal/artifacts/transform/TransformationResult$Builder$PartOfInputArtifact done
Event: 248.616 Executing VM operation: G1CollectForAllocation
Event: 248.623 Executing VM operation: G1CollectForAllocation done
Event: 248.872 Executing VM operation: CGC_Operation


Dynamic libraries:
0x00007ff7168e0000 - 0x00007ff7168ed000 	C:\Program Files\OpenJDK\openjdk-11.0.16_8\bin\java.exe
0x00007fffcea70000 - 0x00007fffcec65000 	C:\Windows\SYSTEM32\ntdll.dll
0x00007fffcdb60000 - 0x00007fffcdc1e000 	C:\Windows\System32\KERNEL32.DLL
0x00007fffcc410000 - 0x00007fffcc6d9000 	C:\Windows\System32\KERNELBASE.dll
0x00007fffcc310000 - 0x00007fffcc410000 	C:\Windows\System32\ucrtbase.dll
0x00007fffbc560000 - 0x00007fffbc575000 	C:\Program Files\OpenJDK\openjdk-11.0.16_8\bin\VCRUNTIME140.dll
0x00007fffbc540000 - 0x00007fffbc557000 	C:\Program Files\OpenJDK\openjdk-11.0.16_8\bin\jli.dll
0x00007fffcd180000 - 0x00007fffcd321000 	C:\Windows\System32\USER32.dll
0x00007fffb3ee0000 - 0x00007fffb417a000 	C:\Windows\WinSxS\amd64_microsoft.windows.common-controls_6595b64144ccf1df_6.0.19041.1110_none_60b5254171f9507e\COMCTL32.dll
0x00007fffcc840000 - 0x00007fffcc862000 	C:\Windows\System32\win32u.dll
0x00007fffcd070000 - 0x00007fffcd09b000 	C:\Windows\System32\GDI32.dll
0x00007fffcdd50000 - 0x00007fffcddee000 	C:\Windows\System32\msvcrt.dll
0x00007fffcc9b0000 - 0x00007fffccabb000 	C:\Windows\System32\gdi32full.dll
0x00007fffcc270000 - 0x00007fffcc30d000 	C:\Windows\System32\msvcp_win.dll
0x00007fffce040000 - 0x00007fffce070000 	C:\Windows\System32\IMM32.DLL
0x00007fffa35c0000 - 0x00007fffa365b000 	C:\Program Files\OpenJDK\openjdk-11.0.16_8\bin\msvcp140.dll
0x00007fff71b00000 - 0x00007fff7260e000 	C:\Program Files\OpenJDK\openjdk-11.0.16_8\bin\server\jvm.dll
0x00007fffce6c0000 - 0x00007fffce76c000 	C:\Windows\System32\ADVAPI32.dll
0x00007fffcdcb0000 - 0x00007fffcdd4b000 	C:\Windows\System32\sechost.dll
0x00007fffccac0000 - 0x00007fffccbea000 	C:\Windows\System32\RPCRT4.dll
0x00007fffce640000 - 0x00007fffce648000 	C:\Windows\System32\PSAPI.DLL
0x00007fffbd8d0000 - 0x00007fffbd8d9000 	C:\Windows\SYSTEM32\WSOCK32.dll
0x00007fffc3e60000 - 0x00007fffc3e87000 	C:\Windows\SYSTEM32\WINMM.dll
0x00007fffc4bb0000 - 0x00007fffc4bba000 	C:\Windows\SYSTEM32\VERSION.dll
0x00007fffce650000 - 0x00007fffce6bb000 	C:\Windows\System32\WS2_32.dll
0x00007fffca0b0000 - 0x00007fffca0c2000 	C:\Windows\SYSTEM32\kernel.appcore.dll
0x00007fffc7b10000 - 0x00007fffc7b20000 	C:\Program Files\OpenJDK\openjdk-11.0.16_8\bin\verify.dll
0x00007fffc6bf0000 - 0x00007fffc6dd4000 	C:\Windows\SYSTEM32\DBGHELP.DLL
0x00007fffbee80000 - 0x00007fffbeeac000 	C:\Windows\SYSTEM32\dbgcore.DLL
0x00007fffcc190000 - 0x00007fffcc213000 	C:\Windows\System32\bcryptPrimitives.dll
0x00007fffb9f60000 - 0x00007fffb9f88000 	C:\Program Files\OpenJDK\openjdk-11.0.16_8\bin\java.dll
0x00007fffc7980000 - 0x00007fffc798a000 	C:\Program Files\OpenJDK\openjdk-11.0.16_8\bin\jimage.dll
0x00007fffbc520000 - 0x00007fffbc538000 	C:\Program Files\OpenJDK\openjdk-11.0.16_8\bin\zip.dll
0x00007fffcd420000 - 0x00007fffcdb5f000 	C:\Windows\System32\SHELL32.dll
0x00007fffca2b0000 - 0x00007fffcaa40000 	C:\Windows\SYSTEM32\windows.storage.dll
0x00007fffce070000 - 0x00007fffce3c5000 	C:\Windows\System32\combase.dll
0x00007fffcbbe0000 - 0x00007fffcbc0c000 	C:\Windows\SYSTEM32\Wldp.dll
0x00007fffcdf80000 - 0x00007fffce02d000 	C:\Windows\System32\SHCORE.dll
0x00007fffcdf20000 - 0x00007fffcdf75000 	C:\Windows\System32\shlwapi.dll
0x00007fffcc0d0000 - 0x00007fffcc0ef000 	C:\Windows\SYSTEM32\profapi.dll
0x00007fffbc3f0000 - 0x00007fffbc409000 	C:\Program Files\OpenJDK\openjdk-11.0.16_8\bin\net.dll
0x00007fffc6780000 - 0x00007fffc6888000 	C:\Windows\SYSTEM32\WINHTTP.dll
0x00007fffcb940000 - 0x00007fffcb9aa000 	C:\Windows\system32\mswsock.dll
0x00007fffb9f40000 - 0x00007fffb9f53000 	C:\Program Files\OpenJDK\openjdk-11.0.16_8\bin\nio.dll
0x00007fffb96d0000 - 0x00007fffb96f7000 	C:\Users\Metin\.gradle\native\e1d6ef7f7dcc3fd88c89a11ec53ec762bb8ba0a96d01ffa2cd45eb1d1d8dd5c5\windows-amd64\native-platform.dll
0x00007fff854d0000 - 0x00007fff85614000 	C:\Users\Metin\.gradle\native\5664cfc778a61ccfe75a443a1ab52a65af34e5dc3c78e0209fed803814484fcb\windows-amd64\native-platform-file-events.dll
0x00007fffc76d0000 - 0x00007fffc76d9000 	C:\Program Files\OpenJDK\openjdk-11.0.16_8\bin\management.dll
0x00007fffc68c0000 - 0x00007fffc68cb000 	C:\Program Files\OpenJDK\openjdk-11.0.16_8\bin\management_ext.dll
0x00007fffcbb40000 - 0x00007fffcbb58000 	C:\Windows\SYSTEM32\CRYPTSP.dll
0x00007fffcb250000 - 0x00007fffcb284000 	C:\Windows\system32\rsaenh.dll
0x00007fffcc920000 - 0x00007fffcc947000 	C:\Windows\System32\bcrypt.dll
0x00007fffcc050000 - 0x00007fffcc07e000 	C:\Windows\SYSTEM32\USERENV.dll
0x00007fffcbb30000 - 0x00007fffcbb3c000 	C:\Windows\SYSTEM32\CRYPTBASE.dll
0x00007fffcb5e0000 - 0x00007fffcb61b000 	C:\Windows\SYSTEM32\IPHLPAPI.DLL
0x00007fffcdca0000 - 0x00007fffcdca8000 	C:\Windows\System32\NSI.dll
0x00007fffc4bc0000 - 0x00007fffc4bd7000 	C:\Windows\SYSTEM32\dhcpcsvc6.DLL
0x00007fffc4ac0000 - 0x00007fffc4add000 	C:\Windows\SYSTEM32\dhcpcsvc.DLL
0x00007fffcb630000 - 0x00007fffcb6fc000 	C:\Windows\SYSTEM32\DNSAPI.dll
0x00007fffcae80000 - 0x00007fffcaeb3000 	C:\Windows\SYSTEM32\ntmarta.dll

dbghelp: loaded successfully - version: 4.0.5 - missing functions: none
symbol engine: initialized successfully - sym options: 0x614 - pdb path: .;C:\Program Files\OpenJDK\openjdk-11.0.16_8\bin;C:\Windows\SYSTEM32;C:\Windows\WinSxS\amd64_microsoft.windows.common-controls_6595b64144ccf1df_6.0.19041.1110_none_60b5254171f9507e;C:\Program Files\OpenJDK\openjdk-11.0.16_8\bin\server;C:\Users\Metin\.gradle\native\e1d6ef7f7dcc3fd88c89a11ec53ec762bb8ba0a96d01ffa2cd45eb1d1d8dd5c5\windows-amd64;C:\Users\Metin\.gradle\native\5664cfc778a61ccfe75a443a1ab52a65af34e5dc3c78e0209fed803814484fcb\windows-amd64

VM Arguments:
jvm_args: -XX:MaxMetaspaceSize=512m --add-opens=java.base/java.util=ALL-UNNAMED --add-opens=java.base/java.lang=ALL-UNNAMED --add-opens=java.base/java.lang.invoke=ALL-UNNAMED --add-opens=java.base/java.util=ALL-UNNAMED --add-opens=java.prefs/java.util.prefs=ALL-UNNAMED --add-opens=java.prefs/java.util.prefs=ALL-UNNAMED --add-opens=java.base/java.nio.charset=ALL-UNNAMED --add-opens=java.base/java.net=ALL-UNNAMED --add-opens=java.base/java.util.concurrent.atomic=ALL-UNNAMED -Xmx2048m -Dfile.encoding=windows-1254 -Duser.country=TR -Duser.language=tr -Duser.variant 
java_command: org.gradle.launcher.daemon.bootstrap.GradleDaemon 7.3.3
java_class_path (initial): C:\Users\Metin\.gradle\wrapper\dists\gradle-7.3.3-all\4295vidhdd9hd3gbjyw1xqxpo\gradle-7.3.3\lib\gradle-launcher-7.3.3.jar
Launcher Type: SUN_STANDARD

[Global flags]
     intx CICompilerCount                          = 3                                         {product} {ergonomic}
   size_t CompressedClassSpaceSize                 = 528482304                                 {product} {ergonomic}
     uint ConcGCThreads                            = 1                                         {product} {ergonomic}
     uint G1ConcRefinementThreads                  = 4                                         {product} {ergonomic}
   size_t G1HeapRegionSize                         = 1048576                                   {product} {ergonomic}
    uintx GCDrainStackTargetSize                   = 64                                        {product} {ergonomic}
   size_t InitialHeapSize                          = 134217728                                 {product} {ergonomic}
   size_t MarkStackSize                            = 4194304                                   {product} {ergonomic}
   size_t MaxHeapSize                              = 2147483648                                {product} {command line}
   size_t MaxMetaspaceSize                         = 536870912                                 {product} {command line}
   size_t MaxNewSize                               = 1287651328                                {product} {ergonomic}
   size_t MinHeapDeltaBytes                        = 1048576                                   {product} {ergonomic}
    uintx NonNMethodCodeHeapSize                   = 5830732                                {pd product} {ergonomic}
    uintx NonProfiledCodeHeapSize                  = 122913754                              {pd product} {ergonomic}
    uintx ProfiledCodeHeapSize                     = 122913754                              {pd product} {ergonomic}
    uintx ReservedCodeCacheSize                    = 251658240                              {pd product} {ergonomic}
     bool SegmentedCodeCache                       = true                                      {product} {ergonomic}
     bool UseCompressedClassPointers               = true                                 {lp64_product} {ergonomic}
     bool UseCompressedOops                        = true                                 {lp64_product} {ergonomic}
     bool UseG1GC                                  = true                                      {product} {ergonomic}
     bool UseLargePagesIndividualAllocation        = false                                  {pd product} {ergonomic}

Logging:
Log output configuration:
 #0: stdout all=warning uptime,level,tags
 #1: stderr all=off uptime,level,tags

Environment Variables:
JAVA_HOME=C:\Program Files\OpenJDK\openjdk-11.0.16_8
CLASSPATH=C:\KOD\ReactNative\InstagramCloneApp\android\\gradle\wrapper\gradle-wrapper.jar
PATH=C:\Windows\system32;C:\Windows;C:\Windows\System32\Wbem;C:\Windows\System32\WindowsPowerShell\v1.0\;C:\Windows\System32\OpenSSH\;C:\ProgramData\chocolatey\bin;C:\Program Files\nodejs\;C:\Program Files\OpenJDK\openjdk-11.0.16_8\bin;C:\Users\Metin\AppData\Local\Microsoft\WindowsApps;C:\Users\Metin\AppData\Local\Programs\Microsoft VS Code\bin;C:\Users\Metin\AppData\Local\GitHubDesktop\bin;C:\Users\Metin\AppData\Roaming\npm;C:\Users\Metin\AppData\Local\Android\Sdk\platform-tools;
USERNAME=Metin
LANG=tr_TR.UTF-8
OS=Windows_NT
PROCESSOR_IDENTIFIER=Intel64 Family 6 Model 60 Stepping 3, GenuineIntel
TMP=C:\Users\Metin\AppData\Local\Temp
TEMP=C:\Users\Metin\AppData\Local\Temp



---------------  S Y S T E M  ---------------

OS: Windows 10 , 64 bit Build 19041 (10.0.19041.1202)
OS uptime: 0 days 5:17 hours

CPU:total 4 (initial active 4) (4 cores per cpu, 1 threads per core) family 6 model 60 stepping 3 microcode 0x27, cmov, cx8, fxsr, mmx, sse, sse2, sse3, ssse3, sse4.1, sse4.2, popcnt, avx, avx2, aes, clmul, erms, lzcnt, tsc, tscinvbit, bmi1, bmi2, fma

Memory: 4k page, system-wide physical 8124M (548M free)
TotalPageFile size 15548M (AvailPageFile size 3856M)
current process WorkingSet (physical memory assigned to process): 433M, peak: 435M
current process commit charge ("private bytes"): 576M, peak: 580M

vm_info: OpenJDK 64-Bit Server VM (11.0.16+8) for windows-amd64 JRE (11.0.16+8), built on Jul 17 2022 01:33:05 by "tester" with MS VC++ 15.9 (VS2017)

END.
